2024-11-26 21:28:22,724 WARN [Thread-3][HttpClientBeanHolder.java:108] - [HttpClientBeanHolder] Start destroying common HttpClient
2024-11-26 21:28:22,724 WARN [Thread-3][HttpClientBeanHolder.java:108] - [HttpClientBeanHolder] Start destroying common HttpClient
2024-11-26 21:28:22,724 WARN [Thread-19][NotifyCenter.java:145] - [NotifyCenter] Start destroying Publisher
2024-11-26 21:28:22,724 WARN [Thread-19][NotifyCenter.java:145] - [NotifyCenter] Start destroying Publisher
2024-11-26 21:28:22,728 WARN [Thread-19][NotifyCenter.java:162] - [NotifyCenter] Destruction of the end
2024-11-26 21:28:22,728 WARN [Thread-19][NotifyCenter.java:162] - [NotifyCenter] Destruction of the end
2024-11-26 21:28:22,730 WARN [Thread-3][HttpClientBeanHolder.java:114] - [HttpClientBeanHolder] Destruction of the end
2024-11-26 21:28:22,730 WARN [Thread-3][HttpClientBeanHolder.java:114] - [HttpClientBeanHolder] Destruction of the end
2024-11-26 21:28:22,879 INFO [SpringContextShutdownHook][ExecutorConfigurationSupport.java:218] - Shutting down ExecutorService 'Nacos-Watch-Task-Scheduler'
2024-11-26 21:28:22,879 INFO [SpringContextShutdownHook][ExecutorConfigurationSupport.java:218] - Shutting down ExecutorService 'Nacos-Watch-Task-Scheduler'
2024-11-26 21:28:22,882 INFO [SpringContextShutdownHook][NacosServiceRegistry.java:94] - De-registering from Nacos Server now...
2024-11-26 21:28:22,882 INFO [SpringContextShutdownHook][NacosServiceRegistry.java:94] - De-registering from Nacos Server now...
2024-11-26 21:28:22,882 INFO [SpringContextShutdownHook][BeatReactor.java:101] - [BEAT] removing beat: physicaleducation-plus-project@@content-api:172.18.210.246:63040 from beat map.
2024-11-26 21:28:22,882 INFO [SpringContextShutdownHook][BeatReactor.java:101] - [BEAT] removing beat: physicaleducation-plus-project@@content-api:172.18.210.246:63040 from beat map.
2024-11-26 21:28:22,883 INFO [SpringContextShutdownHook][NamingProxy.java:260] - [DEREGISTER-SERVICE] dev deregistering service physicaleducation-plus-project@@content-api with instance: Instance{instanceId='null', ip='172.18.210.246', port=63040, weight=1.0, healthy=true, enabled=true, ephemeral=true, clusterName='DEFAULT', serviceName='null', metadata={}}
2024-11-26 21:28:22,883 INFO [SpringContextShutdownHook][NamingProxy.java:260] - [DEREGISTER-SERVICE] dev deregistering service physicaleducation-plus-project@@content-api with instance: Instance{instanceId='null', ip='172.18.210.246', port=63040, weight=1.0, healthy=true, enabled=true, ephemeral=true, clusterName='DEFAULT', serviceName='null', metadata={}}
2024-11-26 21:28:22,892 INFO [SpringContextShutdownHook][NacosServiceRegistry.java:114] - De-registration finished.
2024-11-26 21:28:22,892 INFO [SpringContextShutdownHook][NacosServiceRegistry.java:114] - De-registration finished.
2024-11-26 21:28:22,892 INFO [SpringContextShutdownHook][BeatReactor.java:147] - com.alibaba.nacos.client.naming.beat.BeatReactor do shutdown begin
2024-11-26 21:28:22,892 INFO [SpringContextShutdownHook][BeatReactor.java:147] - com.alibaba.nacos.client.naming.beat.BeatReactor do shutdown begin
2024-11-26 21:28:22,978 INFO [SpringContextShutdownHook][BeatReactor.java:149] - com.alibaba.nacos.client.naming.beat.BeatReactor do shutdown stop
2024-11-26 21:28:22,978 INFO [SpringContextShutdownHook][BeatReactor.java:149] - com.alibaba.nacos.client.naming.beat.BeatReactor do shutdown stop
2024-11-26 21:28:22,979 INFO [SpringContextShutdownHook][HostReactor.java:413] - com.alibaba.nacos.client.naming.core.HostReactor do shutdown begin
2024-11-26 21:28:22,979 INFO [SpringContextShutdownHook][HostReactor.java:413] - com.alibaba.nacos.client.naming.core.HostReactor do shutdown begin
2024-11-26 21:28:26,002 INFO [SpringContextShutdownHook][PushReceiver.java:132] - com.alibaba.nacos.client.naming.core.PushReceiver do shutdown begin
2024-11-26 21:28:26,002 INFO [SpringContextShutdownHook][PushReceiver.java:132] - com.alibaba.nacos.client.naming.core.PushReceiver do shutdown begin
2024-11-26 21:28:26,674 INFO [com.alibaba.nacos.client.naming.updater][HostReactor.java:238] - removed ips(1) service: physicaleducation-plus-project@@content-api -> [{"instanceId":"172.18.210.246#63040#DEFAULT#physicaleducation-plus-project@@content-api","ip":"172.18.210.246","port":63040,"weight":1.0,"healthy":true,"enabled":true,"ephemeral":true,"clusterName":"DEFAULT","serviceName":"physicaleducation-plus-project@@content-api","metadata":{"preserved.register.source":"SPRING_CLOUD"},"ipDeleteTimeout":30000,"instanceHeartBeatTimeOut":15000,"instanceHeartBeatInterval":5000}]
2024-11-26 21:28:26,674 INFO [com.alibaba.nacos.client.naming.updater][HostReactor.java:238] - removed ips(1) service: physicaleducation-plus-project@@content-api -> [{"instanceId":"172.18.210.246#63040#DEFAULT#physicaleducation-plus-project@@content-api","ip":"172.18.210.246","port":63040,"weight":1.0,"healthy":true,"enabled":true,"ephemeral":true,"clusterName":"DEFAULT","serviceName":"physicaleducation-plus-project@@content-api","metadata":{"preserved.register.source":"SPRING_CLOUD"},"ipDeleteTimeout":30000,"instanceHeartBeatTimeOut":15000,"instanceHeartBeatInterval":5000}]
2024-11-26 21:28:26,680 INFO [com.alibaba.nacos.client.naming.updater][HostReactor.java:271] - current ips:(0) service: physicaleducation-plus-project@@content-api -> []
2024-11-26 21:28:26,680 INFO [com.alibaba.nacos.client.naming.updater][HostReactor.java:271] - current ips:(0) service: physicaleducation-plus-project@@content-api -> []
2024-11-26 21:28:29,032 INFO [SpringContextShutdownHook][PushReceiver.java:136] - com.alibaba.nacos.client.naming.core.PushReceiver do shutdown stop
2024-11-26 21:28:29,032 INFO [SpringContextShutdownHook][PushReceiver.java:136] - com.alibaba.nacos.client.naming.core.PushReceiver do shutdown stop
2024-11-26 21:28:29,033 INFO [SpringContextShutdownHook][FailoverReactor.java:132] - com.alibaba.nacos.client.naming.backups.FailoverReactor do shutdown begin
2024-11-26 21:28:29,033 INFO [SpringContextShutdownHook][FailoverReactor.java:132] - com.alibaba.nacos.client.naming.backups.FailoverReactor do shutdown begin
2024-11-26 21:28:29,034 INFO [SpringContextShutdownHook][FailoverReactor.java:134] - com.alibaba.nacos.client.naming.backups.FailoverReactor do shutdown stop
2024-11-26 21:28:29,034 INFO [SpringContextShutdownHook][FailoverReactor.java:134] - com.alibaba.nacos.client.naming.backups.FailoverReactor do shutdown stop
2024-11-26 21:28:29,034 INFO [SpringContextShutdownHook][HostReactor.java:418] - com.alibaba.nacos.client.naming.core.HostReactor do shutdown stop
2024-11-26 21:28:29,034 INFO [SpringContextShutdownHook][HostReactor.java:418] - com.alibaba.nacos.client.naming.core.HostReactor do shutdown stop
2024-11-26 21:28:29,035 INFO [SpringContextShutdownHook][NamingProxy.java:719] - com.alibaba.nacos.client.naming.net.NamingProxy do shutdown begin
2024-11-26 21:28:29,035 INFO [SpringContextShutdownHook][NamingProxy.java:719] - com.alibaba.nacos.client.naming.net.NamingProxy do shutdown begin
2024-11-26 21:28:29,036 WARN [SpringContextShutdownHook][NamingHttpClientManager.java:72] - [NamingHttpClientManager] Start destroying NacosRestTemplate
2024-11-26 21:28:29,036 WARN [SpringContextShutdownHook][NamingHttpClientManager.java:72] - [NamingHttpClientManager] Start destroying NacosRestTemplate
2024-11-26 21:28:29,036 WARN [SpringContextShutdownHook][NamingHttpClientManager.java:79] - [NamingHttpClientManager] Destruction of the end
2024-11-26 21:28:29,036 WARN [SpringContextShutdownHook][NamingHttpClientManager.java:79] - [NamingHttpClientManager] Destruction of the end
2024-11-26 21:28:29,037 INFO [SpringContextShutdownHook][CredentialWatcher.java:105] - [null] CredentialWatcher is stopped
2024-11-26 21:28:29,037 INFO [SpringContextShutdownHook][CredentialWatcher.java:105] - [null] CredentialWatcher is stopped
2024-11-26 21:28:29,037 INFO [SpringContextShutdownHook][CredentialService.java:98] - [null] CredentialService is freed
2024-11-26 21:28:29,037 INFO [SpringContextShutdownHook][CredentialService.java:98] - [null] CredentialService is freed
2024-11-26 21:28:29,037 INFO [SpringContextShutdownHook][NamingProxy.java:723] - com.alibaba.nacos.client.naming.net.NamingProxy do shutdown stop
2024-11-26 21:28:29,037 INFO [SpringContextShutdownHook][NamingProxy.java:723] - com.alibaba.nacos.client.naming.net.NamingProxy do shutdown stop
2024-11-26 21:28:29,038 WARN [SpringContextShutdownHook][DisposableBeanAdapter.java:349] - Destroy method 'close' on bean with name 'nacosServiceRegistry' threw an exception: java.lang.NullPointerException
2024-11-26 21:28:29,038 WARN [SpringContextShutdownHook][DisposableBeanAdapter.java:349] - Destroy method 'close' on bean with name 'nacosServiceRegistry' threw an exception: java.lang.NullPointerException
2024-11-26 21:28:29,041 INFO [SpringContextShutdownHook][ExecutorConfigurationSupport.java:218] - Shutting down ExecutorService 'applicationTaskExecutor'
2024-11-26 21:28:29,041 INFO [SpringContextShutdownHook][ExecutorConfigurationSupport.java:218] - Shutting down ExecutorService 'applicationTaskExecutor'
2024-11-26 21:28:29,051 INFO [SpringContextShutdownHook][HikariDataSource.java:350] - HikariPool-1 - Shutdown initiated...
2024-11-26 21:28:29,051 INFO [SpringContextShutdownHook][HikariDataSource.java:350] - HikariPool-1 - Shutdown initiated...
2024-11-26 21:28:29,055 INFO [SpringContextShutdownHook][HikariDataSource.java:352] - HikariPool-1 - Shutdown completed.
2024-11-26 21:28:29,055 INFO [SpringContextShutdownHook][HikariDataSource.java:352] - HikariPool-1 - Shutdown completed.
2024-11-26 21:28:35,074 INFO [background-preinit][Version.java:21] - HV000001: Hibernate Validator 6.1.6.Final
2024-11-26 21:28:35,074 INFO [background-preinit][Version.java:21] - HV000001: Hibernate Validator 6.1.6.Final
2024-11-26 21:28:35,424 DEBUG [Nacos-Watch-Task-Scheduler-1][RouteDefinitionRouteLocator.java:271] - RouteDefinition content-api applying {_genkey_0=/content/**} to Path
2024-11-26 21:28:35,424 DEBUG [Nacos-Watch-Task-Scheduler-1][RouteDefinitionRouteLocator.java:271] - RouteDefinition content-api applying {_genkey_0=/content/**} to Path
2024-11-26 21:28:35,424 DEBUG [Nacos-Watch-Task-Scheduler-1][RouteDefinitionRouteLocator.java:162] - RouteDefinition matched: content-api
2024-11-26 21:28:35,424 DEBUG [Nacos-Watch-Task-Scheduler-1][RouteDefinitionRouteLocator.java:162] - RouteDefinition matched: content-api
2024-11-26 21:28:35,424 DEBUG [Nacos-Watch-Task-Scheduler-1][RouteDefinitionRouteLocator.java:271] - RouteDefinition system-api applying {_genkey_0=/system/**} to Path
2024-11-26 21:28:35,424 DEBUG [Nacos-Watch-Task-Scheduler-1][RouteDefinitionRouteLocator.java:271] - RouteDefinition system-api applying {_genkey_0=/system/**} to Path
2024-11-26 21:28:35,425 DEBUG [Nacos-Watch-Task-Scheduler-1][RouteDefinitionRouteLocator.java:162] - RouteDefinition matched: system-api
2024-11-26 21:28:35,425 DEBUG [Nacos-Watch-Task-Scheduler-1][RouteDefinitionRouteLocator.java:162] - RouteDefinition matched: system-api
2024-11-26 21:28:35,425 DEBUG [Nacos-Watch-Task-Scheduler-1][RouteDefinitionRouteLocator.java:271] - RouteDefinition media-api applying {_genkey_0=/media/**} to Path
2024-11-26 21:28:35,425 DEBUG [Nacos-Watch-Task-Scheduler-1][RouteDefinitionRouteLocator.java:271] - RouteDefinition media-api applying {_genkey_0=/media/**} to Path
2024-11-26 21:28:35,425 DEBUG [Nacos-Watch-Task-Scheduler-1][RouteDefinitionRouteLocator.java:162] - RouteDefinition matched: media-api
2024-11-26 21:28:35,425 DEBUG [Nacos-Watch-Task-Scheduler-1][RouteDefinitionRouteLocator.java:271] - RouteDefinition search-service applying {_genkey_0=/search/**} to Path
2024-11-26 21:28:35,425 DEBUG [Nacos-Watch-Task-Scheduler-1][RouteDefinitionRouteLocator.java:162] - RouteDefinition matched: media-api
2024-11-26 21:28:35,425 DEBUG [Nacos-Watch-Task-Scheduler-1][RouteDefinitionRouteLocator.java:271] - RouteDefinition search-service applying {_genkey_0=/search/**} to Path
2024-11-26 21:28:35,425 DEBUG [Nacos-Watch-Task-Scheduler-1][RouteDefinitionRouteLocator.java:162] - RouteDefinition matched: search-service
2024-11-26 21:28:35,425 DEBUG [Nacos-Watch-Task-Scheduler-1][RouteDefinitionRouteLocator.java:162] - RouteDefinition matched: search-service
2024-11-26 21:28:35,425 DEBUG [Nacos-Watch-Task-Scheduler-1][RouteDefinitionRouteLocator.java:271] - RouteDefinition auth-service applying {_genkey_0=/auth/**} to Path
2024-11-26 21:28:35,425 DEBUG [Nacos-Watch-Task-Scheduler-1][RouteDefinitionRouteLocator.java:271] - RouteDefinition auth-service applying {_genkey_0=/auth/**} to Path
2024-11-26 21:28:35,426 DEBUG [Nacos-Watch-Task-Scheduler-1][RouteDefinitionRouteLocator.java:162] - RouteDefinition matched: auth-service
2024-11-26 21:28:35,426 DEBUG [Nacos-Watch-Task-Scheduler-1][RouteDefinitionRouteLocator.java:162] - RouteDefinition matched: auth-service
2024-11-26 21:28:35,426 DEBUG [Nacos-Watch-Task-Scheduler-1][RouteDefinitionRouteLocator.java:271] - RouteDefinition checkcode applying {_genkey_0=/checkcode/**} to Path
2024-11-26 21:28:35,426 DEBUG [Nacos-Watch-Task-Scheduler-1][RouteDefinitionRouteLocator.java:271] - RouteDefinition checkcode applying {_genkey_0=/checkcode/**} to Path
2024-11-26 21:28:35,426 DEBUG [Nacos-Watch-Task-Scheduler-1][RouteDefinitionRouteLocator.java:162] - RouteDefinition matched: checkcode
2024-11-26 21:28:35,426 DEBUG [Nacos-Watch-Task-Scheduler-1][RouteDefinitionRouteLocator.java:162] - RouteDefinition matched: checkcode
2024-11-26 21:28:35,426 DEBUG [Nacos-Watch-Task-Scheduler-1][RouteDefinitionRouteLocator.java:271] - RouteDefinition learning-api applying {_genkey_0=/learning/**} to Path
2024-11-26 21:28:35,426 DEBUG [Nacos-Watch-Task-Scheduler-1][RouteDefinitionRouteLocator.java:271] - RouteDefinition learning-api applying {_genkey_0=/learning/**} to Path
2024-11-26 21:28:35,426 DEBUG [Nacos-Watch-Task-Scheduler-1][RouteDefinitionRouteLocator.java:162] - RouteDefinition matched: learning-api
2024-11-26 21:28:35,426 DEBUG [Nacos-Watch-Task-Scheduler-1][RouteDefinitionRouteLocator.java:162] - RouteDefinition matched: learning-api
2024-11-26 21:28:35,426 DEBUG [Nacos-Watch-Task-Scheduler-1][RouteDefinitionRouteLocator.java:271] - RouteDefinition orders-api applying {_genkey_0=/orders/**} to Path
2024-11-26 21:28:35,426 DEBUG [Nacos-Watch-Task-Scheduler-1][RouteDefinitionRouteLocator.java:271] - RouteDefinition orders-api applying {_genkey_0=/orders/**} to Path
2024-11-26 21:28:35,426 DEBUG [Nacos-Watch-Task-Scheduler-1][RouteDefinitionRouteLocator.java:162] - RouteDefinition matched: orders-api
2024-11-26 21:28:35,426 DEBUG [Nacos-Watch-Task-Scheduler-1][RouteDefinitionRouteLocator.java:162] - RouteDefinition matched: orders-api
2024-11-26 21:28:35,512 WARN [main][NacosPropertySourceBuilder.java:87] - Ignore the empty nacos configuration and get it based on dataId[content-api] & group[DEFAULT_GROUP]
2024-11-26 21:28:35,512 WARN [main][NacosPropertySourceBuilder.java:87] - Ignore the empty nacos configuration and get it based on dataId[content-api] & group[DEFAULT_GROUP]
2024-11-26 21:28:35,522 WARN [main][NacosPropertySourceBuilder.java:87] - Ignore the empty nacos configuration and get it based on dataId[content-api.properties] & group[DEFAULT_GROUP]
2024-11-26 21:28:35,522 WARN [main][NacosPropertySourceBuilder.java:87] - Ignore the empty nacos configuration and get it based on dataId[content-api.properties] & group[DEFAULT_GROUP]
2024-11-26 21:28:35,531 WARN [main][NacosPropertySourceBuilder.java:87] - Ignore the empty nacos configuration and get it based on dataId[content-api-dev.properties] & group[DEFAULT_GROUP]
2024-11-26 21:28:35,531 WARN [main][NacosPropertySourceBuilder.java:87] - Ignore the empty nacos configuration and get it based on dataId[content-api-dev.properties] & group[DEFAULT_GROUP]
2024-11-26 21:28:35,532 INFO [main][PropertySourceBootstrapConfiguration.java:112] - Located property source: [BootstrapPropertySource {name='bootstrapProperties-content-api-dev.properties,DEFAULT_GROUP'}, BootstrapPropertySource {name='bootstrapProperties-content-api.properties,DEFAULT_GROUP'}, BootstrapPropertySource {name='bootstrapProperties-content-api,DEFAULT_GROUP'}]
2024-11-26 21:28:35,532 INFO [main][PropertySourceBootstrapConfiguration.java:112] - Located property source: [BootstrapPropertySource {name='bootstrapProperties-content-api-dev.properties,DEFAULT_GROUP'}, BootstrapPropertySource {name='bootstrapProperties-content-api.properties,DEFAULT_GROUP'}, BootstrapPropertySource {name='bootstrapProperties-content-api,DEFAULT_GROUP'}]
2024-11-26 21:28:35,562 INFO [main][SpringApplication.java:655] - The following profiles are active: dev
2024-11-26 21:28:35,562 INFO [main][SpringApplication.java:655] - The following profiles are active: dev
2024-11-26 21:28:36,470 INFO [main][GenericScope.java:295] - BeanFactory id=5f48c99b-7567-3bb3-b4ea-a9f28896076e
2024-11-26 21:28:36,470 INFO [main][GenericScope.java:295] - BeanFactory id=5f48c99b-7567-3bb3-b4ea-a9f28896076e
2024-11-26 21:28:36,691 INFO [main][TomcatWebServer.java:108] - Tomcat initialized with port(s): 63040 (http)
2024-11-26 21:28:36,691 INFO [main][TomcatWebServer.java:108] - Tomcat initialized with port(s): 63040 (http)
2024-11-26 21:28:36,696 INFO [main][DirectJDKLog.java:173] - Initializing ProtocolHandler ["http-nio-63040"]
2024-11-26 21:28:36,696 INFO [main][DirectJDKLog.java:173] - Initializing ProtocolHandler ["http-nio-63040"]
2024-11-26 21:28:36,696 INFO [main][DirectJDKLog.java:173] - Starting service [Tomcat]
2024-11-26 21:28:36,696 INFO [main][DirectJDKLog.java:173] - Starting service [Tomcat]
2024-11-26 21:28:36,696 INFO [main][DirectJDKLog.java:173] - Starting Servlet engine: [Apache Tomcat/9.0.41]
2024-11-26 21:28:36,696 INFO [main][DirectJDKLog.java:173] - Starting Servlet engine: [Apache Tomcat/9.0.41]
2024-11-26 21:28:36,744 INFO [main][DirectJDKLog.java:173] - Initializing Spring embedded WebApplicationContext
2024-11-26 21:28:36,744 INFO [main][DirectJDKLog.java:173] - Initializing Spring embedded WebApplicationContext
2024-11-26 21:28:36,744 INFO [main][ServletWebServerApplicationContext.java:285] - Root WebApplicationContext: initialization completed in 1174 ms
2024-11-26 21:28:36,744 INFO [main][ServletWebServerApplicationContext.java:285] - Root WebApplicationContext: initialization completed in 1174 ms
2024-11-26 21:28:37,399 INFO [main][PropertySourcedRequestMappingHandlerMapping.java:69] - Mapped URL path [/v2/api-docs] onto method [springfox.documentation.swagger2.web.Swagger2Controller#getDocumentation(String, HttpServletRequest)]
2024-11-26 21:28:37,399 INFO [main][PropertySourcedRequestMappingHandlerMapping.java:69] - Mapped URL path [/v2/api-docs] onto method [springfox.documentation.swagger2.web.Swagger2Controller#getDocumentation(String, HttpServletRequest)]
2024-11-26 21:28:37,415 WARN [main][URLConfigurationSource.java:121] - No URLs will be polled as dynamic configuration sources.
2024-11-26 21:28:37,415 WARN [main][URLConfigurationSource.java:121] - No URLs will be polled as dynamic configuration sources.
2024-11-26 21:28:37,415 INFO [main][URLConfigurationSource.java:122] - To enable URLs as dynamic configuration sources, define System property archaius.configurationSource.additionalUrls or make config.properties available on classpath.
2024-11-26 21:28:37,415 INFO [main][URLConfigurationSource.java:122] - To enable URLs as dynamic configuration sources, define System property archaius.configurationSource.additionalUrls or make config.properties available on classpath.
2024-11-26 21:28:37,417 WARN [main][URLConfigurationSource.java:121] - No URLs will be polled as dynamic configuration sources.
2024-11-26 21:28:37,417 WARN [main][URLConfigurationSource.java:121] - No URLs will be polled as dynamic configuration sources.
2024-11-26 21:28:37,418 INFO [main][URLConfigurationSource.java:122] - To enable URLs as dynamic configuration sources, define System property archaius.configurationSource.additionalUrls or make config.properties available on classpath.
2024-11-26 21:28:37,418 INFO [main][URLConfigurationSource.java:122] - To enable URLs as dynamic configuration sources, define System property archaius.configurationSource.additionalUrls or make config.properties available on classpath.
2024-11-26 21:28:37,460 INFO [main][ExecutorConfigurationSupport.java:181] - Initializing ExecutorService 'applicationTaskExecutor'
2024-11-26 21:28:37,460 INFO [main][ExecutorConfigurationSupport.java:181] - Initializing ExecutorService 'applicationTaskExecutor'
2024-11-26 21:28:37,662 INFO [main][ExecutorConfigurationSupport.java:181] - Initializing ExecutorService 'Nacos-Watch-Task-Scheduler'
2024-11-26 21:28:37,662 INFO [main][ExecutorConfigurationSupport.java:181] - Initializing ExecutorService 'Nacos-Watch-Task-Scheduler'
2024-11-26 21:28:37,831 WARN [main][BlockingLoadBalancerClientAutoConfiguration.java:108] - You already have RibbonLoadBalancerClient on your classpath. It will be used by default. As Spring Cloud Ribbon is in maintenance mode. We recommend switching to BlockingLoadBalancerClient instead. In order to use it, set the value of `spring.cloud.loadbalancer.ribbon.enabled` to `false` or remove spring-cloud-starter-netflix-ribbon from your project.
2024-11-26 21:28:37,831 WARN [main][BlockingLoadBalancerClientAutoConfiguration.java:108] - You already have RibbonLoadBalancerClient on your classpath. It will be used by default. As Spring Cloud Ribbon is in maintenance mode. We recommend switching to BlockingLoadBalancerClient instead. In order to use it, set the value of `spring.cloud.loadbalancer.ribbon.enabled` to `false` or remove spring-cloud-starter-netflix-ribbon from your project.
2024-11-26 21:28:37,958 INFO [main][InitUtils.java:65] - initializer namespace from System Property :null
2024-11-26 21:28:37,958 INFO [main][InitUtils.java:65] - initializer namespace from System Property :null
2024-11-26 21:28:37,959 INFO [main][InitUtils.java:74] - initializer namespace from System Environment :null
2024-11-26 21:28:37,959 INFO [main][InitUtils.java:74] - initializer namespace from System Environment :null
2024-11-26 21:28:37,959 INFO [main][InitUtils.java:84] - initializer namespace from System Property :null
2024-11-26 21:28:37,959 INFO [main][InitUtils.java:84] - initializer namespace from System Property :null
2024-11-26 21:28:38,021 INFO [main][DirectJDKLog.java:173] - Starting ProtocolHandler ["http-nio-63040"]
2024-11-26 21:28:38,021 INFO [main][DirectJDKLog.java:173] - Starting ProtocolHandler ["http-nio-63040"]
2024-11-26 21:28:38,032 INFO [main][TomcatWebServer.java:220] - Tomcat started on port(s): 63040 (http) with context path '/content'
2024-11-26 21:28:38,032 INFO [main][TomcatWebServer.java:220] - Tomcat started on port(s): 63040 (http) with context path '/content'
2024-11-26 21:28:38,035 INFO [main][BeatReactor.java:81] - [BEAT] adding beat: BeatInfo{port=63040, ip='172.18.210.246', weight=1.0, serviceName='physicaleducation-plus-project@@content-api', cluster='DEFAULT', metadata={preserved.register.source=SPRING_CLOUD}, scheduled=false, period=5000, stopped=false} to beat map.
2024-11-26 21:28:38,035 INFO [main][BeatReactor.java:81] - [BEAT] adding beat: BeatInfo{port=63040, ip='172.18.210.246', weight=1.0, serviceName='physicaleducation-plus-project@@content-api', cluster='DEFAULT', metadata={preserved.register.source=SPRING_CLOUD}, scheduled=false, period=5000, stopped=false} to beat map.
2024-11-26 21:28:38,035 INFO [main][NamingProxy.java:230] - [REGISTER-SERVICE] dev registering service physicaleducation-plus-project@@content-api with instance: Instance{instanceId='null', ip='172.18.210.246', port=63040, weight=1.0, healthy=true, enabled=true, ephemeral=true, clusterName='DEFAULT', serviceName='null', metadata={preserved.register.source=SPRING_CLOUD}}
2024-11-26 21:28:38,035 INFO [main][NamingProxy.java:230] - [REGISTER-SERVICE] dev registering service physicaleducation-plus-project@@content-api with instance: Instance{instanceId='null', ip='172.18.210.246', port=63040, weight=1.0, healthy=true, enabled=true, ephemeral=true, clusterName='DEFAULT', serviceName='null', metadata={preserved.register.source=SPRING_CLOUD}}
2024-11-26 21:28:38,046 INFO [main][NacosServiceRegistry.java:75] - nacos registry, physicaleducation-plus-project content-api 172.18.210.246:63040 register finished
2024-11-26 21:28:38,046 INFO [main][NacosServiceRegistry.java:75] - nacos registry, physicaleducation-plus-project content-api 172.18.210.246:63040 register finished
2024-11-26 21:28:38,186 INFO [main][DocumentationPluginsBootstrapper.java:160] - Context refreshed
2024-11-26 21:28:38,186 INFO [main][DocumentationPluginsBootstrapper.java:160] - Context refreshed
2024-11-26 21:28:38,193 INFO [main][DocumentationPluginsBootstrapper.java:163] - Found 1 custom documentation plugin(s)
2024-11-26 21:28:38,193 INFO [main][DocumentationPluginsBootstrapper.java:163] - Found 1 custom documentation plugin(s)
2024-11-26 21:28:38,214 INFO [main][ApiListingReferenceScanner.java:41] - Scanning for api listing references
2024-11-26 21:28:38,214 INFO [main][ApiListingReferenceScanner.java:41] - Scanning for api listing references
2024-11-26 21:28:38,323 INFO [main][StartupInfoLogger.java:61] - Started ContentApplication in 3.696 seconds (JVM running for 4.294)
2024-11-26 21:28:38,323 INFO [main][StartupInfoLogger.java:61] - Started ContentApplication in 3.696 seconds (JVM running for 4.294)
2024-11-26 21:28:38,326 INFO [main][ClientWorker.java:169] - [fixed-81.70.63.156_8848] [subscribe] content-api.properties+DEFAULT_GROUP
2024-11-26 21:28:38,326 INFO [main][ClientWorker.java:169] - [fixed-81.70.63.156_8848] [subscribe] content-api.properties+DEFAULT_GROUP
2024-11-26 21:28:38,326 INFO [main][CacheData.java:92] - [fixed-81.70.63.156_8848] [add-listener] ok, tenant=, dataId=content-api.properties, group=DEFAULT_GROUP, cnt=1
2024-11-26 21:28:38,326 INFO [main][CacheData.java:92] - [fixed-81.70.63.156_8848] [add-listener] ok, tenant=, dataId=content-api.properties, group=DEFAULT_GROUP, cnt=1
2024-11-26 21:28:38,326 INFO [main][ClientWorker.java:169] - [fixed-81.70.63.156_8848] [subscribe] content-api+DEFAULT_GROUP
2024-11-26 21:28:38,326 INFO [main][ClientWorker.java:169] - [fixed-81.70.63.156_8848] [subscribe] content-api+DEFAULT_GROUP
2024-11-26 21:28:38,326 INFO [main][CacheData.java:92] - [fixed-81.70.63.156_8848] [add-listener] ok, tenant=, dataId=content-api, group=DEFAULT_GROUP, cnt=1
2024-11-26 21:28:38,326 INFO [main][CacheData.java:92] - [fixed-81.70.63.156_8848] [add-listener] ok, tenant=, dataId=content-api, group=DEFAULT_GROUP, cnt=1
2024-11-26 21:28:38,327 INFO [main][ClientWorker.java:169] - [fixed-81.70.63.156_8848] [subscribe] content-api-dev.properties+DEFAULT_GROUP
2024-11-26 21:28:38,327 INFO [main][ClientWorker.java:169] - [fixed-81.70.63.156_8848] [subscribe] content-api-dev.properties+DEFAULT_GROUP
2024-11-26 21:28:38,327 INFO [main][CacheData.java:92] - [fixed-81.70.63.156_8848] [add-listener] ok, tenant=, dataId=content-api-dev.properties, group=DEFAULT_GROUP, cnt=1
2024-11-26 21:28:38,327 INFO [main][CacheData.java:92] - [fixed-81.70.63.156_8848] [add-listener] ok, tenant=, dataId=content-api-dev.properties, group=DEFAULT_GROUP, cnt=1
2024-11-26 21:28:39,057 INFO [com.alibaba.nacos.client.naming.updater][HostReactor.java:232] - new ips(1) service: physicaleducation-plus-project@@content-api@@DEFAULT -> [{"instanceId":"172.18.210.246#63040#DEFAULT#physicaleducation-plus-project@@content-api","ip":"172.18.210.246","port":63040,"weight":1.0,"healthy":true,"enabled":true,"ephemeral":true,"clusterName":"DEFAULT","serviceName":"physicaleducation-plus-project@@content-api","metadata":{"preserved.register.source":"SPRING_CLOUD"},"ipDeleteTimeout":30000,"instanceHeartBeatInterval":5000,"instanceHeartBeatTimeOut":15000}]
2024-11-26 21:28:39,057 INFO [com.alibaba.nacos.client.naming.updater][HostReactor.java:232] - new ips(1) service: physicaleducation-plus-project@@content-api@@DEFAULT -> [{"instanceId":"172.18.210.246#63040#DEFAULT#physicaleducation-plus-project@@content-api","ip":"172.18.210.246","port":63040,"weight":1.0,"healthy":true,"enabled":true,"ephemeral":true,"clusterName":"DEFAULT","serviceName":"physicaleducation-plus-project@@content-api","metadata":{"preserved.register.source":"SPRING_CLOUD"},"ipDeleteTimeout":30000,"instanceHeartBeatInterval":5000,"instanceHeartBeatTimeOut":15000}]
2024-11-26 21:28:39,065 INFO [com.alibaba.nacos.client.naming.updater][HostReactor.java:271] - current ips:(1) service: physicaleducation-plus-project@@content-api@@DEFAULT -> [{"instanceId":"172.18.210.246#63040#DEFAULT#physicaleducation-plus-project@@content-api","ip":"172.18.210.246","port":63040,"weight":1.0,"healthy":true,"enabled":true,"ephemeral":true,"clusterName":"DEFAULT","serviceName":"physicaleducation-plus-project@@content-api","metadata":{"preserved.register.source":"SPRING_CLOUD"},"ipDeleteTimeout":30000,"instanceHeartBeatInterval":5000,"instanceHeartBeatTimeOut":15000}]
2024-11-26 21:28:39,065 INFO [com.alibaba.nacos.client.naming.updater][HostReactor.java:271] - current ips:(1) service: physicaleducation-plus-project@@content-api@@DEFAULT -> [{"instanceId":"172.18.210.246#63040#DEFAULT#physicaleducation-plus-project@@content-api","ip":"172.18.210.246","port":63040,"weight":1.0,"healthy":true,"enabled":true,"ephemeral":true,"clusterName":"DEFAULT","serviceName":"physicaleducation-plus-project@@content-api","metadata":{"preserved.register.source":"SPRING_CLOUD"},"ipDeleteTimeout":30000,"instanceHeartBeatInterval":5000,"instanceHeartBeatTimeOut":15000}]
2024-11-26 21:28:40,728 INFO [com.alibaba.nacos.client.naming.updater][HostReactor.java:232] - new ips(1) service: physicaleducation-plus-project@@content-api -> [{"instanceId":"172.18.210.246#63040#DEFAULT#physicaleducation-plus-project@@content-api","ip":"172.18.210.246","port":63040,"weight":1.0,"healthy":true,"enabled":true,"ephemeral":true,"clusterName":"DEFAULT","serviceName":"physicaleducation-plus-project@@content-api","metadata":{"preserved.register.source":"SPRING_CLOUD"},"ipDeleteTimeout":30000,"instanceHeartBeatTimeOut":15000,"instanceHeartBeatInterval":5000}]
2024-11-26 21:28:40,728 INFO [com.alibaba.nacos.client.naming.updater][HostReactor.java:232] - new ips(1) service: physicaleducation-plus-project@@content-api -> [{"instanceId":"172.18.210.246#63040#DEFAULT#physicaleducation-plus-project@@content-api","ip":"172.18.210.246","port":63040,"weight":1.0,"healthy":true,"enabled":true,"ephemeral":true,"clusterName":"DEFAULT","serviceName":"physicaleducation-plus-project@@content-api","metadata":{"preserved.register.source":"SPRING_CLOUD"},"ipDeleteTimeout":30000,"instanceHeartBeatTimeOut":15000,"instanceHeartBeatInterval":5000}]
2024-11-26 21:28:40,733 INFO [com.alibaba.nacos.client.naming.updater][HostReactor.java:271] - current ips:(1) service: physicaleducation-plus-project@@content-api -> [{"instanceId":"172.18.210.246#63040#DEFAULT#physicaleducation-plus-project@@content-api","ip":"172.18.210.246","port":63040,"weight":1.0,"healthy":true,"enabled":true,"ephemeral":true,"clusterName":"DEFAULT","serviceName":"physicaleducation-plus-project@@content-api","metadata":{"preserved.register.source":"SPRING_CLOUD"},"ipDeleteTimeout":30000,"instanceHeartBeatTimeOut":15000,"instanceHeartBeatInterval":5000}]
2024-11-26 21:28:40,733 INFO [com.alibaba.nacos.client.naming.updater][HostReactor.java:271] - current ips:(1) service: physicaleducation-plus-project@@content-api -> [{"instanceId":"172.18.210.246#63040#DEFAULT#physicaleducation-plus-project@@content-api","ip":"172.18.210.246","port":63040,"weight":1.0,"healthy":true,"enabled":true,"ephemeral":true,"clusterName":"DEFAULT","serviceName":"physicaleducation-plus-project@@content-api","metadata":{"preserved.register.source":"SPRING_CLOUD"},"ipDeleteTimeout":30000,"instanceHeartBeatTimeOut":15000,"instanceHeartBeatInterval":5000}]
2024-11-26 21:28:46,681 DEBUG [HikariPool-1 housekeeper][HikariPool.java:421] - HikariPool-1 - Pool stats (total=10, active=0, idle=10, waiting=0)
2024-11-26 21:28:46,681 DEBUG [HikariPool-1 housekeeper][HikariPool.java:421] - HikariPool-1 - Pool stats (total=10, active=0, idle=10, waiting=0)
2024-11-26 21:28:46,681 DEBUG [HikariPool-1 housekeeper][HikariPool.java:517] - HikariPool-1 - Fill pool skipped, pool is at sufficient level.
2024-11-26 21:28:46,681 DEBUG [HikariPool-1 housekeeper][HikariPool.java:517] - HikariPool-1 - Fill pool skipped, pool is at sufficient level.
2024-11-26 21:29:05,437 DEBUG [Nacos-Watch-Task-Scheduler-1][RouteDefinitionRouteLocator.java:271] - RouteDefinition content-api applying {_genkey_0=/content/**} to Path
2024-11-26 21:29:05,437 DEBUG [Nacos-Watch-Task-Scheduler-1][RouteDefinitionRouteLocator.java:271] - RouteDefinition content-api applying {_genkey_0=/content/**} to Path
2024-11-26 21:29:05,438 DEBUG [Nacos-Watch-Task-Scheduler-1][RouteDefinitionRouteLocator.java:162] - RouteDefinition matched: content-api
2024-11-26 21:29:05,438 DEBUG [Nacos-Watch-Task-Scheduler-1][RouteDefinitionRouteLocator.java:162] - RouteDefinition matched: content-api
2024-11-26 21:29:05,438 DEBUG [Nacos-Watch-Task-Scheduler-1][RouteDefinitionRouteLocator.java:271] - RouteDefinition system-api applying {_genkey_0=/system/**} to Path
2024-11-26 21:29:05,438 DEBUG [Nacos-Watch-Task-Scheduler-1][RouteDefinitionRouteLocator.java:271] - RouteDefinition system-api applying {_genkey_0=/system/**} to Path
2024-11-26 21:29:05,439 DEBUG [Nacos-Watch-Task-Scheduler-1][RouteDefinitionRouteLocator.java:162] - RouteDefinition matched: system-api
2024-11-26 21:29:05,439 DEBUG [Nacos-Watch-Task-Scheduler-1][RouteDefinitionRouteLocator.java:271] - RouteDefinition media-api applying {_genkey_0=/media/**} to Path
2024-11-26 21:29:05,439 DEBUG [Nacos-Watch-Task-Scheduler-1][RouteDefinitionRouteLocator.java:162] - RouteDefinition matched: system-api
2024-11-26 21:29:05,439 DEBUG [Nacos-Watch-Task-Scheduler-1][RouteDefinitionRouteLocator.java:271] - RouteDefinition media-api applying {_genkey_0=/media/**} to Path
2024-11-26 21:29:05,440 DEBUG [Nacos-Watch-Task-Scheduler-1][RouteDefinitionRouteLocator.java:162] - RouteDefinition matched: media-api
2024-11-26 21:29:05,440 DEBUG [Nacos-Watch-Task-Scheduler-1][RouteDefinitionRouteLocator.java:271] - RouteDefinition search-service applying {_genkey_0=/search/**} to Path
2024-11-26 21:29:05,440 DEBUG [Nacos-Watch-Task-Scheduler-1][RouteDefinitionRouteLocator.java:162] - RouteDefinition matched: media-api
2024-11-26 21:29:05,440 DEBUG [Nacos-Watch-Task-Scheduler-1][RouteDefinitionRouteLocator.java:271] - RouteDefinition search-service applying {_genkey_0=/search/**} to Path
2024-11-26 21:29:05,440 DEBUG [Nacos-Watch-Task-Scheduler-1][RouteDefinitionRouteLocator.java:162] - RouteDefinition matched: search-service
2024-11-26 21:29:05,440 DEBUG [Nacos-Watch-Task-Scheduler-1][RouteDefinitionRouteLocator.java:271] - RouteDefinition auth-service applying {_genkey_0=/auth/**} to Path
2024-11-26 21:29:05,440 DEBUG [Nacos-Watch-Task-Scheduler-1][RouteDefinitionRouteLocator.java:162] - RouteDefinition matched: search-service
2024-11-26 21:29:05,440 DEBUG [Nacos-Watch-Task-Scheduler-1][RouteDefinitionRouteLocator.java:271] - RouteDefinition auth-service applying {_genkey_0=/auth/**} to Path
2024-11-26 21:29:05,441 DEBUG [Nacos-Watch-Task-Scheduler-1][RouteDefinitionRouteLocator.java:162] - RouteDefinition matched: auth-service
2024-11-26 21:29:05,441 DEBUG [Nacos-Watch-Task-Scheduler-1][RouteDefinitionRouteLocator.java:162] - RouteDefinition matched: auth-service
2024-11-26 21:29:05,441 DEBUG [Nacos-Watch-Task-Scheduler-1][RouteDefinitionRouteLocator.java:271] - RouteDefinition checkcode applying {_genkey_0=/checkcode/**} to Path
2024-11-26 21:29:05,441 DEBUG [Nacos-Watch-Task-Scheduler-1][RouteDefinitionRouteLocator.java:271] - RouteDefinition checkcode applying {_genkey_0=/checkcode/**} to Path
2024-11-26 21:29:05,442 DEBUG [Nacos-Watch-Task-Scheduler-1][RouteDefinitionRouteLocator.java:162] - RouteDefinition matched: checkcode
2024-11-26 21:29:05,442 DEBUG [Nacos-Watch-Task-Scheduler-1][RouteDefinitionRouteLocator.java:162] - RouteDefinition matched: checkcode
2024-11-26 21:29:05,442 DEBUG [Nacos-Watch-Task-Scheduler-1][RouteDefinitionRouteLocator.java:271] - RouteDefinition learning-api applying {_genkey_0=/learning/**} to Path
2024-11-26 21:29:05,442 DEBUG [Nacos-Watch-Task-Scheduler-1][RouteDefinitionRouteLocator.java:271] - RouteDefinition learning-api applying {_genkey_0=/learning/**} to Path
2024-11-26 21:29:05,442 DEBUG [Nacos-Watch-Task-Scheduler-1][RouteDefinitionRouteLocator.java:162] - RouteDefinition matched: learning-api
2024-11-26 21:29:05,442 DEBUG [Nacos-Watch-Task-Scheduler-1][RouteDefinitionRouteLocator.java:162] - RouteDefinition matched: learning-api
2024-11-26 21:29:05,443 DEBUG [Nacos-Watch-Task-Scheduler-1][RouteDefinitionRouteLocator.java:271] - RouteDefinition orders-api applying {_genkey_0=/orders/**} to Path
2024-11-26 21:29:05,443 DEBUG [Nacos-Watch-Task-Scheduler-1][RouteDefinitionRouteLocator.java:271] - RouteDefinition orders-api applying {_genkey_0=/orders/**} to Path
2024-11-26 21:29:05,443 DEBUG [Nacos-Watch-Task-Scheduler-1][RouteDefinitionRouteLocator.java:162] - RouteDefinition matched: orders-api
2024-11-26 21:29:05,443 DEBUG [Nacos-Watch-Task-Scheduler-1][RouteDefinitionRouteLocator.java:162] - RouteDefinition matched: orders-api
2024-11-26 21:29:16,683 DEBUG [HikariPool-1 housekeeper][HikariPool.java:421] - HikariPool-1 - Pool stats (total=10, active=0, idle=10, waiting=0)
2024-11-26 21:29:16,683 DEBUG [HikariPool-1 housekeeper][HikariPool.java:421] - HikariPool-1 - Pool stats (total=10, active=0, idle=10, waiting=0)
2024-11-26 21:29:16,684 DEBUG [HikariPool-1 housekeeper][HikariPool.java:517] - HikariPool-1 - Fill pool skipped, pool is at sufficient level.
2024-11-26 21:29:16,684 DEBUG [HikariPool-1 housekeeper][HikariPool.java:517] - HikariPool-1 - Fill pool skipped, pool is at sufficient level.
2024-11-26 21:29:35,445 DEBUG [Nacos-Watch-Task-Scheduler-1][RouteDefinitionRouteLocator.java:271] - RouteDefinition content-api applying {_genkey_0=/content/**} to Path
2024-11-26 21:29:35,445 DEBUG [Nacos-Watch-Task-Scheduler-1][RouteDefinitionRouteLocator.java:271] - RouteDefinition content-api applying {_genkey_0=/content/**} to Path
2024-11-26 21:29:35,446 DEBUG [Nacos-Watch-Task-Scheduler-1][RouteDefinitionRouteLocator.java:162] - RouteDefinition matched: content-api
2024-11-26 21:29:35,446 DEBUG [Nacos-Watch-Task-Scheduler-1][RouteDefinitionRouteLocator.java:162] - RouteDefinition matched: content-api
2024-11-26 21:29:35,447 DEBUG [Nacos-Watch-Task-Scheduler-1][RouteDefinitionRouteLocator.java:271] - RouteDefinition system-api applying {_genkey_0=/system/**} to Path
2024-11-26 21:29:35,447 DEBUG [Nacos-Watch-Task-Scheduler-1][RouteDefinitionRouteLocator.java:271] - RouteDefinition system-api applying {_genkey_0=/system/**} to Path
2024-11-26 21:29:35,447 DEBUG [Nacos-Watch-Task-Scheduler-1][RouteDefinitionRouteLocator.java:162] - RouteDefinition matched: system-api
2024-11-26 21:29:35,447 DEBUG [Nacos-Watch-Task-Scheduler-1][RouteDefinitionRouteLocator.java:162] - RouteDefinition matched: system-api
2024-11-26 21:29:35,447 DEBUG [Nacos-Watch-Task-Scheduler-1][RouteDefinitionRouteLocator.java:271] - RouteDefinition media-api applying {_genkey_0=/media/**} to Path
2024-11-26 21:29:35,447 DEBUG [Nacos-Watch-Task-Scheduler-1][RouteDefinitionRouteLocator.java:271] - RouteDefinition media-api applying {_genkey_0=/media/**} to Path
2024-11-26 21:29:35,448 DEBUG [Nacos-Watch-Task-Scheduler-1][RouteDefinitionRouteLocator.java:162] - RouteDefinition matched: media-api
2024-11-26 21:29:35,448 DEBUG [Nacos-Watch-Task-Scheduler-1][RouteDefinitionRouteLocator.java:162] - RouteDefinition matched: media-api
2024-11-26 21:29:35,448 DEBUG [Nacos-Watch-Task-Scheduler-1][RouteDefinitionRouteLocator.java:271] - RouteDefinition search-service applying {_genkey_0=/search/**} to Path
2024-11-26 21:29:35,448 DEBUG [Nacos-Watch-Task-Scheduler-1][RouteDefinitionRouteLocator.java:271] - RouteDefinition search-service applying {_genkey_0=/search/**} to Path
2024-11-26 21:29:35,449 DEBUG [Nacos-Watch-Task-Scheduler-1][RouteDefinitionRouteLocator.java:162] - RouteDefinition matched: search-service
2024-11-26 21:29:35,449 DEBUG [Nacos-Watch-Task-Scheduler-1][RouteDefinitionRouteLocator.java:162] - RouteDefinition matched: search-service
2024-11-26 21:29:35,449 DEBUG [Nacos-Watch-Task-Scheduler-1][RouteDefinitionRouteLocator.java:271] - RouteDefinition auth-service applying {_genkey_0=/auth/**} to Path
2024-11-26 21:29:35,449 DEBUG [Nacos-Watch-Task-Scheduler-1][RouteDefinitionRouteLocator.java:271] - RouteDefinition auth-service applying {_genkey_0=/auth/**} to Path
2024-11-26 21:29:35,449 DEBUG [Nacos-Watch-Task-Scheduler-1][RouteDefinitionRouteLocator.java:162] - RouteDefinition matched: auth-service
2024-11-26 21:29:35,449 DEBUG [Nacos-Watch-Task-Scheduler-1][RouteDefinitionRouteLocator.java:162] - RouteDefinition matched: auth-service
2024-11-26 21:29:35,449 DEBUG [Nacos-Watch-Task-Scheduler-1][RouteDefinitionRouteLocator.java:271] - RouteDefinition checkcode applying {_genkey_0=/checkcode/**} to Path
2024-11-26 21:29:35,449 DEBUG [Nacos-Watch-Task-Scheduler-1][RouteDefinitionRouteLocator.java:271] - RouteDefinition checkcode applying {_genkey_0=/checkcode/**} to Path
2024-11-26 21:29:35,450 DEBUG [Nacos-Watch-Task-Scheduler-1][RouteDefinitionRouteLocator.java:162] - RouteDefinition matched: checkcode
2024-11-26 21:29:35,450 DEBUG [Nacos-Watch-Task-Scheduler-1][RouteDefinitionRouteLocator.java:162] - RouteDefinition matched: checkcode
2024-11-26 21:29:35,450 DEBUG [Nacos-Watch-Task-Scheduler-1][RouteDefinitionRouteLocator.java:271] - RouteDefinition learning-api applying {_genkey_0=/learning/**} to Path
2024-11-26 21:29:35,450 DEBUG [Nacos-Watch-Task-Scheduler-1][RouteDefinitionRouteLocator.java:271] - RouteDefinition learning-api applying {_genkey_0=/learning/**} to Path
2024-11-26 21:29:35,450 DEBUG [Nacos-Watch-Task-Scheduler-1][RouteDefinitionRouteLocator.java:162] - RouteDefinition matched: learning-api
2024-11-26 21:29:35,450 DEBUG [Nacos-Watch-Task-Scheduler-1][RouteDefinitionRouteLocator.java:162] - RouteDefinition matched: learning-api
2024-11-26 21:29:35,450 DEBUG [Nacos-Watch-Task-Scheduler-1][RouteDefinitionRouteLocator.java:271] - RouteDefinition orders-api applying {_genkey_0=/orders/**} to Path
2024-11-26 21:29:35,450 DEBUG [Nacos-Watch-Task-Scheduler-1][RouteDefinitionRouteLocator.java:271] - RouteDefinition orders-api applying {_genkey_0=/orders/**} to Path
2024-11-26 21:29:35,451 DEBUG [Nacos-Watch-Task-Scheduler-1][RouteDefinitionRouteLocator.java:162] - RouteDefinition matched: orders-api
2024-11-26 21:29:35,451 DEBUG [Nacos-Watch-Task-Scheduler-1][RouteDefinitionRouteLocator.java:162] - RouteDefinition matched: orders-api
2024-11-26 21:29:46,699 DEBUG [HikariPool-1 housekeeper][HikariPool.java:421] - HikariPool-1 - Pool stats (total=10, active=0, idle=10, waiting=0)
2024-11-26 21:29:46,699 DEBUG [HikariPool-1 housekeeper][HikariPool.java:421] - HikariPool-1 - Pool stats (total=10, active=0, idle=10, waiting=0)
2024-11-26 21:29:46,699 DEBUG [HikariPool-1 housekeeper][HikariPool.java:517] - HikariPool-1 - Fill pool skipped, pool is at sufficient level.
2024-11-26 21:29:46,699 DEBUG [HikariPool-1 housekeeper][HikariPool.java:517] - HikariPool-1 - Fill pool skipped, pool is at sufficient level.
2024-11-26 21:30:05,458 DEBUG [Nacos-Watch-Task-Scheduler-1][RouteDefinitionRouteLocator.java:271] - RouteDefinition content-api applying {_genkey_0=/content/**} to Path
2024-11-26 21:30:05,458 DEBUG [Nacos-Watch-Task-Scheduler-1][RouteDefinitionRouteLocator.java:271] - RouteDefinition content-api applying {_genkey_0=/content/**} to Path
2024-11-26 21:30:05,459 DEBUG [Nacos-Watch-Task-Scheduler-1][RouteDefinitionRouteLocator.java:162] - RouteDefinition matched: content-api
2024-11-26 21:30:05,459 DEBUG [Nacos-Watch-Task-Scheduler-1][RouteDefinitionRouteLocator.java:271] - RouteDefinition system-api applying {_genkey_0=/system/**} to Path
2024-11-26 21:30:05,459 DEBUG [Nacos-Watch-Task-Scheduler-1][RouteDefinitionRouteLocator.java:162] - RouteDefinition matched: content-api
2024-11-26 21:30:05,459 DEBUG [Nacos-Watch-Task-Scheduler-1][RouteDefinitionRouteLocator.java:271] - RouteDefinition system-api applying {_genkey_0=/system/**} to Path
2024-11-26 21:30:05,459 DEBUG [Nacos-Watch-Task-Scheduler-1][RouteDefinitionRouteLocator.java:162] - RouteDefinition matched: system-api
2024-11-26 21:30:05,459 DEBUG [Nacos-Watch-Task-Scheduler-1][RouteDefinitionRouteLocator.java:162] - RouteDefinition matched: system-api
2024-11-26 21:30:05,459 DEBUG [Nacos-Watch-Task-Scheduler-1][RouteDefinitionRouteLocator.java:271] - RouteDefinition media-api applying {_genkey_0=/media/**} to Path
2024-11-26 21:30:05,459 DEBUG [Nacos-Watch-Task-Scheduler-1][RouteDefinitionRouteLocator.java:271] - RouteDefinition media-api applying {_genkey_0=/media/**} to Path
2024-11-26 21:30:05,459 DEBUG [Nacos-Watch-Task-Scheduler-1][RouteDefinitionRouteLocator.java:162] - RouteDefinition matched: media-api
2024-11-26 21:30:05,459 DEBUG [Nacos-Watch-Task-Scheduler-1][RouteDefinitionRouteLocator.java:162] - RouteDefinition matched: media-api
2024-11-26 21:30:05,459 DEBUG [Nacos-Watch-Task-Scheduler-1][RouteDefinitionRouteLocator.java:271] - RouteDefinition search-service applying {_genkey_0=/search/**} to Path
2024-11-26 21:30:05,459 DEBUG [Nacos-Watch-Task-Scheduler-1][RouteDefinitionRouteLocator.java:271] - RouteDefinition search-service applying {_genkey_0=/search/**} to Path
2024-11-26 21:30:05,460 DEBUG [Nacos-Watch-Task-Scheduler-1][RouteDefinitionRouteLocator.java:162] - RouteDefinition matched: search-service
2024-11-26 21:30:05,460 DEBUG [Nacos-Watch-Task-Scheduler-1][RouteDefinitionRouteLocator.java:162] - RouteDefinition matched: search-service
2024-11-26 21:30:05,460 DEBUG [Nacos-Watch-Task-Scheduler-1][RouteDefinitionRouteLocator.java:271] - RouteDefinition auth-service applying {_genkey_0=/auth/**} to Path
2024-11-26 21:30:05,460 DEBUG [Nacos-Watch-Task-Scheduler-1][RouteDefinitionRouteLocator.java:271] - RouteDefinition auth-service applying {_genkey_0=/auth/**} to Path
2024-11-26 21:30:05,460 DEBUG [Nacos-Watch-Task-Scheduler-1][RouteDefinitionRouteLocator.java:162] - RouteDefinition matched: auth-service
2024-11-26 21:30:05,460 DEBUG [Nacos-Watch-Task-Scheduler-1][RouteDefinitionRouteLocator.java:162] - RouteDefinition matched: auth-service
2024-11-26 21:30:05,460 DEBUG [Nacos-Watch-Task-Scheduler-1][RouteDefinitionRouteLocator.java:271] - RouteDefinition checkcode applying {_genkey_0=/checkcode/**} to Path
2024-11-26 21:30:05,460 DEBUG [Nacos-Watch-Task-Scheduler-1][RouteDefinitionRouteLocator.java:271] - RouteDefinition checkcode applying {_genkey_0=/checkcode/**} to Path
2024-11-26 21:30:05,460 DEBUG [Nacos-Watch-Task-Scheduler-1][RouteDefinitionRouteLocator.java:162] - RouteDefinition matched: checkcode
2024-11-26 21:30:05,460 DEBUG [Nacos-Watch-Task-Scheduler-1][RouteDefinitionRouteLocator.java:271] - RouteDefinition learning-api applying {_genkey_0=/learning/**} to Path
2024-11-26 21:30:05,460 DEBUG [Nacos-Watch-Task-Scheduler-1][RouteDefinitionRouteLocator.java:162] - RouteDefinition matched: checkcode
2024-11-26 21:30:05,460 DEBUG [Nacos-Watch-Task-Scheduler-1][RouteDefinitionRouteLocator.java:271] - RouteDefinition learning-api applying {_genkey_0=/learning/**} to Path
2024-11-26 21:30:05,461 DEBUG [Nacos-Watch-Task-Scheduler-1][RouteDefinitionRouteLocator.java:162] - RouteDefinition matched: learning-api
2024-11-26 21:30:05,461 DEBUG [Nacos-Watch-Task-Scheduler-1][RouteDefinitionRouteLocator.java:162] - RouteDefinition matched: learning-api
2024-11-26 21:30:05,461 DEBUG [Nacos-Watch-Task-Scheduler-1][RouteDefinitionRouteLocator.java:271] - RouteDefinition orders-api applying {_genkey_0=/orders/**} to Path
2024-11-26 21:30:05,461 DEBUG [Nacos-Watch-Task-Scheduler-1][RouteDefinitionRouteLocator.java:271] - RouteDefinition orders-api applying {_genkey_0=/orders/**} to Path
2024-11-26 21:30:05,462 DEBUG [Nacos-Watch-Task-Scheduler-1][RouteDefinitionRouteLocator.java:162] - RouteDefinition matched: orders-api
2024-11-26 21:30:05,462 DEBUG [Nacos-Watch-Task-Scheduler-1][RouteDefinitionRouteLocator.java:162] - RouteDefinition matched: orders-api
2024-11-26 21:30:16,714 DEBUG [HikariPool-1 housekeeper][HikariPool.java:421] - HikariPool-1 - Pool stats (total=10, active=0, idle=10, waiting=0)
2024-11-26 21:30:16,714 DEBUG [HikariPool-1 housekeeper][HikariPool.java:421] - HikariPool-1 - Pool stats (total=10, active=0, idle=10, waiting=0)
2024-11-26 21:30:16,714 DEBUG [HikariPool-1 housekeeper][HikariPool.java:517] - HikariPool-1 - Fill pool skipped, pool is at sufficient level.
2024-11-26 21:30:16,714 DEBUG [HikariPool-1 housekeeper][HikariPool.java:517] - HikariPool-1 - Fill pool skipped, pool is at sufficient level.
2024-11-26 21:30:35,150 WARN [http-nio-63110-exec-2][PoolBase.java:184] - HikariPool-1 - Failed to validate connection com.mysql.cj.jdbc.ConnectionImpl@f7d6e9c (No operations allowed after connection closed.). Possibly consider using a shorter maxLifetime value.
2024-11-26 21:30:35,150 WARN [http-nio-63110-exec-2][PoolBase.java:184] - HikariPool-1 - Failed to validate connection com.mysql.cj.jdbc.ConnectionImpl@f7d6e9c (No operations allowed after connection closed.). Possibly consider using a shorter maxLifetime value.
2024-11-26 21:30:35,151 DEBUG [HikariPool-1 connection closer][PoolBase.java:134] - HikariPool-1 - Closing connection com.mysql.cj.jdbc.ConnectionImpl@f7d6e9c: (connection is dead)
2024-11-26 21:30:35,151 DEBUG [HikariPool-1 connection closer][PoolBase.java:134] - HikariPool-1 - Closing connection com.mysql.cj.jdbc.ConnectionImpl@f7d6e9c: (connection is dead)
2024-11-26 21:30:35,152 WARN [http-nio-63110-exec-2][PoolBase.java:184] - HikariPool-1 - Failed to validate connection com.mysql.cj.jdbc.ConnectionImpl@4e4064a7 (No operations allowed after connection closed.). Possibly consider using a shorter maxLifetime value.
2024-11-26 21:30:35,152 WARN [http-nio-63110-exec-2][PoolBase.java:184] - HikariPool-1 - Failed to validate connection com.mysql.cj.jdbc.ConnectionImpl@4e4064a7 (No operations allowed after connection closed.). Possibly consider using a shorter maxLifetime value.
2024-11-26 21:30:35,152 DEBUG [HikariPool-1 connection closer][PoolBase.java:134] - HikariPool-1 - Closing connection com.mysql.cj.jdbc.ConnectionImpl@4e4064a7: (connection is dead)
2024-11-26 21:30:35,152 DEBUG [HikariPool-1 connection closer][PoolBase.java:134] - HikariPool-1 - Closing connection com.mysql.cj.jdbc.ConnectionImpl@4e4064a7: (connection is dead)
2024-11-26 21:30:35,153 WARN [http-nio-63110-exec-2][PoolBase.java:184] - HikariPool-1 - Failed to validate connection com.mysql.cj.jdbc.ConnectionImpl@7f440d8b (No operations allowed after connection closed.). Possibly consider using a shorter maxLifetime value.
2024-11-26 21:30:35,153 WARN [http-nio-63110-exec-2][PoolBase.java:184] - HikariPool-1 - Failed to validate connection com.mysql.cj.jdbc.ConnectionImpl@7f440d8b (No operations allowed after connection closed.). Possibly consider using a shorter maxLifetime value.
2024-11-26 21:30:35,153 DEBUG [HikariPool-1 connection closer][PoolBase.java:134] - HikariPool-1 - Closing connection com.mysql.cj.jdbc.ConnectionImpl@7f440d8b: (connection is dead)
2024-11-26 21:30:35,153 DEBUG [HikariPool-1 connection closer][PoolBase.java:134] - HikariPool-1 - Closing connection com.mysql.cj.jdbc.ConnectionImpl@7f440d8b: (connection is dead)
2024-11-26 21:30:35,153 WARN [http-nio-63110-exec-2][PoolBase.java:184] - HikariPool-1 - Failed to validate connection com.mysql.cj.jdbc.ConnectionImpl@2e6f9be8 (No operations allowed after connection closed.). Possibly consider using a shorter maxLifetime value.
2024-11-26 21:30:35,153 WARN [http-nio-63110-exec-2][PoolBase.java:184] - HikariPool-1 - Failed to validate connection com.mysql.cj.jdbc.ConnectionImpl@2e6f9be8 (No operations allowed after connection closed.). Possibly consider using a shorter maxLifetime value.
2024-11-26 21:30:35,154 DEBUG [HikariPool-1 connection closer][PoolBase.java:134] - HikariPool-1 - Closing connection com.mysql.cj.jdbc.ConnectionImpl@2e6f9be8: (connection is dead)
2024-11-26 21:30:35,154 DEBUG [HikariPool-1 connection closer][PoolBase.java:134] - HikariPool-1 - Closing connection com.mysql.cj.jdbc.ConnectionImpl@2e6f9be8: (connection is dead)
2024-11-26 21:30:35,154 WARN [http-nio-63110-exec-2][PoolBase.java:184] - HikariPool-1 - Failed to validate connection com.mysql.cj.jdbc.ConnectionImpl@2629e3c5 (No operations allowed after connection closed.). Possibly consider using a shorter maxLifetime value.
2024-11-26 21:30:35,154 WARN [http-nio-63110-exec-2][PoolBase.java:184] - HikariPool-1 - Failed to validate connection com.mysql.cj.jdbc.ConnectionImpl@2629e3c5 (No operations allowed after connection closed.). Possibly consider using a shorter maxLifetime value.
2024-11-26 21:30:35,154 DEBUG [HikariPool-1 connection closer][PoolBase.java:134] - HikariPool-1 - Closing connection com.mysql.cj.jdbc.ConnectionImpl@2629e3c5: (connection is dead)
2024-11-26 21:30:35,154 DEBUG [HikariPool-1 connection closer][PoolBase.java:134] - HikariPool-1 - Closing connection com.mysql.cj.jdbc.ConnectionImpl@2629e3c5: (connection is dead)
2024-11-26 21:30:35,155 WARN [http-nio-63110-exec-2][PoolBase.java:184] - HikariPool-1 - Failed to validate connection com.mysql.cj.jdbc.ConnectionImpl@2a214126 (No operations allowed after connection closed.). Possibly consider using a shorter maxLifetime value.
2024-11-26 21:30:35,155 WARN [http-nio-63110-exec-2][PoolBase.java:184] - HikariPool-1 - Failed to validate connection com.mysql.cj.jdbc.ConnectionImpl@2a214126 (No operations allowed after connection closed.). Possibly consider using a shorter maxLifetime value.
2024-11-26 21:30:35,155 DEBUG [HikariPool-1 connection closer][PoolBase.java:134] - HikariPool-1 - Closing connection com.mysql.cj.jdbc.ConnectionImpl@2a214126: (connection is dead)
2024-11-26 21:30:35,155 DEBUG [HikariPool-1 connection closer][PoolBase.java:134] - HikariPool-1 - Closing connection com.mysql.cj.jdbc.ConnectionImpl@2a214126: (connection is dead)
2024-11-26 21:30:35,155 WARN [http-nio-63110-exec-2][PoolBase.java:184] - HikariPool-1 - Failed to validate connection com.mysql.cj.jdbc.ConnectionImpl@4ea5ea32 (No operations allowed after connection closed.). Possibly consider using a shorter maxLifetime value.
2024-11-26 21:30:35,155 WARN [http-nio-63110-exec-2][PoolBase.java:184] - HikariPool-1 - Failed to validate connection com.mysql.cj.jdbc.ConnectionImpl@4ea5ea32 (No operations allowed after connection closed.). Possibly consider using a shorter maxLifetime value.
2024-11-26 21:30:35,156 DEBUG [HikariPool-1 connection closer][PoolBase.java:134] - HikariPool-1 - Closing connection com.mysql.cj.jdbc.ConnectionImpl@4ea5ea32: (connection is dead)
2024-11-26 21:30:35,156 DEBUG [HikariPool-1 connection closer][PoolBase.java:134] - HikariPool-1 - Closing connection com.mysql.cj.jdbc.ConnectionImpl@4ea5ea32: (connection is dead)
2024-11-26 21:30:35,156 WARN [http-nio-63110-exec-2][PoolBase.java:184] - HikariPool-1 - Failed to validate connection com.mysql.cj.jdbc.ConnectionImpl@fa79984 (No operations allowed after connection closed.). Possibly consider using a shorter maxLifetime value.
2024-11-26 21:30:35,156 WARN [http-nio-63110-exec-2][PoolBase.java:184] - HikariPool-1 - Failed to validate connection com.mysql.cj.jdbc.ConnectionImpl@fa79984 (No operations allowed after connection closed.). Possibly consider using a shorter maxLifetime value.
2024-11-26 21:30:35,156 DEBUG [HikariPool-1 connection closer][PoolBase.java:134] - HikariPool-1 - Closing connection com.mysql.cj.jdbc.ConnectionImpl@fa79984: (connection is dead)
2024-11-26 21:30:35,156 DEBUG [HikariPool-1 connection closer][PoolBase.java:134] - HikariPool-1 - Closing connection com.mysql.cj.jdbc.ConnectionImpl@fa79984: (connection is dead)
2024-11-26 21:30:35,156 WARN [http-nio-63110-exec-2][PoolBase.java:184] - HikariPool-1 - Failed to validate connection com.mysql.cj.jdbc.ConnectionImpl@11a06ff7 (No operations allowed after connection closed.). Possibly consider using a shorter maxLifetime value.
2024-11-26 21:30:35,156 WARN [http-nio-63110-exec-2][PoolBase.java:184] - HikariPool-1 - Failed to validate connection com.mysql.cj.jdbc.ConnectionImpl@11a06ff7 (No operations allowed after connection closed.). Possibly consider using a shorter maxLifetime value.
2024-11-26 21:30:35,157 DEBUG [HikariPool-1 connection closer][PoolBase.java:134] - HikariPool-1 - Closing connection com.mysql.cj.jdbc.ConnectionImpl@11a06ff7: (connection is dead)
2024-11-26 21:30:35,157 DEBUG [HikariPool-1 connection closer][PoolBase.java:134] - HikariPool-1 - Closing connection com.mysql.cj.jdbc.ConnectionImpl@11a06ff7: (connection is dead)
2024-11-26 21:30:35,157 WARN [http-nio-63110-exec-2][PoolBase.java:184] - HikariPool-1 - Failed to validate connection com.mysql.cj.jdbc.ConnectionImpl@1d7b572f (No operations allowed after connection closed.). Possibly consider using a shorter maxLifetime value.
2024-11-26 21:30:35,157 WARN [http-nio-63110-exec-2][PoolBase.java:184] - HikariPool-1 - Failed to validate connection com.mysql.cj.jdbc.ConnectionImpl@1d7b572f (No operations allowed after connection closed.). Possibly consider using a shorter maxLifetime value.
2024-11-26 21:30:35,157 DEBUG [HikariPool-1 connection closer][PoolBase.java:134] - HikariPool-1 - Closing connection com.mysql.cj.jdbc.ConnectionImpl@1d7b572f: (connection is dead)
2024-11-26 21:30:35,157 DEBUG [HikariPool-1 connection closer][PoolBase.java:134] - HikariPool-1 - Closing connection com.mysql.cj.jdbc.ConnectionImpl@1d7b572f: (connection is dead)
2024-11-26 21:30:35,157 DEBUG [http-nio-63110-exec-2][HikariPool.java:342] - HikariPool-1 - Add connection elided, waiting 1, queue 9
2024-11-26 21:30:35,157 DEBUG [http-nio-63110-exec-2][HikariPool.java:342] - HikariPool-1 - Add connection elided, waiting 1, queue 9
2024-11-26 21:30:35,199 DEBUG [HikariPool-1 connection adder][HikariPool.java:728] - HikariPool-1 - Added connection com.mysql.cj.jdbc.ConnectionImpl@6beaef3
2024-11-26 21:30:35,199 DEBUG [HikariPool-1 connection adder][HikariPool.java:728] - HikariPool-1 - Added connection com.mysql.cj.jdbc.ConnectionImpl@6beaef3
2024-11-26 21:30:35,200 DEBUG [HikariPool-1 connection adder][HikariPool.java:421] - HikariPool-1 - After adding stats (total=1, active=1, idle=0, waiting=0)
2024-11-26 21:30:35,200 DEBUG [HikariPool-1 connection adder][HikariPool.java:421] - HikariPool-1 - After adding stats (total=1, active=1, idle=0, waiting=0)
2024-11-26 21:30:35,200 DEBUG [http-nio-63110-exec-2][BaseJdbcLogger.java:137] - ==>  Preparing: SELECT id,name,code,item_values FROM dictionary
2024-11-26 21:30:35,200 DEBUG [http-nio-63110-exec-2][BaseJdbcLogger.java:137] - ==>  Preparing: SELECT id,name,code,item_values FROM dictionary
2024-11-26 21:30:35,202 DEBUG [http-nio-63110-exec-2][BaseJdbcLogger.java:137] - ==> Parameters: 
2024-11-26 21:30:35,202 DEBUG [http-nio-63110-exec-2][BaseJdbcLogger.java:137] - ==> Parameters: 
2024-11-26 21:30:35,210 DEBUG [http-nio-63110-exec-2][BaseJdbcLogger.java:137] - <==      Total: 17
2024-11-26 21:30:35,210 DEBUG [http-nio-63110-exec-2][BaseJdbcLogger.java:137] - <==      Total: 17
2024-11-26 21:30:35,284 DEBUG [HikariPool-1 connection adder][HikariPool.java:728] - HikariPool-1 - Added connection com.mysql.cj.jdbc.ConnectionImpl@4783a4c8
2024-11-26 21:30:35,284 DEBUG [HikariPool-1 connection adder][HikariPool.java:728] - HikariPool-1 - Added connection com.mysql.cj.jdbc.ConnectionImpl@4783a4c8
2024-11-26 21:30:35,294 DEBUG [reactor-http-nio-18][RoutePredicateHandlerMapping.java:149] - Route matched: content-api
2024-11-26 21:30:35,294 DEBUG [reactor-http-nio-18][RoutePredicateHandlerMapping.java:149] - Route matched: content-api
2024-11-26 21:30:35,294 DEBUG [reactor-http-nio-18][RoutePredicateHandlerMapping.java:92] - Mapping [Exchange: POST http://localhost:63010/content/course/list?pageNo=1&pageSize=10] to Route{id='content-api', uri=lb://content-api, order=0, predicate=Paths: [/content/**], match trailing slash: true, gatewayFilters=[], metadata={}}
2024-11-26 21:30:35,294 DEBUG [reactor-http-nio-18][RoutePredicateHandlerMapping.java:92] - Mapping [Exchange: POST http://localhost:63010/content/course/list?pageNo=1&pageSize=10] to Route{id='content-api', uri=lb://content-api, order=0, predicate=Paths: [/content/**], match trailing slash: true, gatewayFilters=[], metadata={}}
2024-11-26 21:30:35,295 DEBUG [reactor-http-nio-18][AbstractHandlerMapping.java:183] - [ee5974fa-112] Mapped to org.springframework.cloud.gateway.handler.FilteringWebHandler@4001b166
2024-11-26 21:30:35,295 DEBUG [reactor-http-nio-18][AbstractHandlerMapping.java:183] - [ee5974fa-112] Mapped to org.springframework.cloud.gateway.handler.FilteringWebHandler@4001b166
2024-11-26 21:30:35,295 DEBUG [reactor-http-nio-18][FilteringWebHandler.java:85] - Sorted gatewayFilterFactories: [[GatewayFilterAdapter{delegate=org.springframework.cloud.gateway.filter.RemoveCachedBodyFilter@53c6f96d}, order = -2147483648], [GatewayFilterAdapter{delegate=org.springframework.cloud.gateway.filter.AdaptCachedBodyGlobalFilter@4bc33720}, order = -2147482648], [GatewayFilterAdapter{delegate=org.springframework.cloud.gateway.filter.NettyWriteResponseFilter@136965e3}, order = -1], [GatewayFilterAdapter{delegate=org.springframework.cloud.gateway.filter.ForwardPathFilter@1b7a52dd}, order = 0], [GatewayFilterAdapter{delegate=org.springframework.cloud.gateway.filter.RouteToRequestUrlFilter@435cc7f9}, order = 10000], [GatewayFilterAdapter{delegate=org.springframework.cloud.gateway.filter.LoadBalancerClientFilter@5578be42}, order = 10100], [GatewayFilterAdapter{delegate=org.springframework.cloud.gateway.filter.WebsocketRoutingFilter@7f93dd4e}, order = 2147483646], [GatewayFilterAdapter{delegate=org.springframework.cloud.gateway.filter.NettyRoutingFilter@4e49ce2b}, order = 2147483647], [GatewayFilterAdapter{delegate=org.springframework.cloud.gateway.filter.ForwardRoutingFilter@4364712f}, order = 2147483647]]
2024-11-26 21:30:35,295 DEBUG [reactor-http-nio-18][FilteringWebHandler.java:85] - Sorted gatewayFilterFactories: [[GatewayFilterAdapter{delegate=org.springframework.cloud.gateway.filter.RemoveCachedBodyFilter@53c6f96d}, order = -2147483648], [GatewayFilterAdapter{delegate=org.springframework.cloud.gateway.filter.AdaptCachedBodyGlobalFilter@4bc33720}, order = -2147482648], [GatewayFilterAdapter{delegate=org.springframework.cloud.gateway.filter.NettyWriteResponseFilter@136965e3}, order = -1], [GatewayFilterAdapter{delegate=org.springframework.cloud.gateway.filter.ForwardPathFilter@1b7a52dd}, order = 0], [GatewayFilterAdapter{delegate=org.springframework.cloud.gateway.filter.RouteToRequestUrlFilter@435cc7f9}, order = 10000], [GatewayFilterAdapter{delegate=org.springframework.cloud.gateway.filter.LoadBalancerClientFilter@5578be42}, order = 10100], [GatewayFilterAdapter{delegate=org.springframework.cloud.gateway.filter.WebsocketRoutingFilter@7f93dd4e}, order = 2147483646], [GatewayFilterAdapter{delegate=org.springframework.cloud.gateway.filter.NettyRoutingFilter@4e49ce2b}, order = 2147483647], [GatewayFilterAdapter{delegate=org.springframework.cloud.gateway.filter.ForwardRoutingFilter@4364712f}, order = 2147483647]]
2024-11-26 21:30:35,332 DEBUG [HikariPool-1 connection adder][HikariPool.java:728] - HikariPool-1 - Added connection com.mysql.cj.jdbc.ConnectionImpl@760e87f6
2024-11-26 21:30:35,332 DEBUG [HikariPool-1 connection adder][HikariPool.java:421] - HikariPool-1 - After adding stats (total=3, active=0, idle=3, waiting=0)
2024-11-26 21:30:35,332 DEBUG [HikariPool-1 connection adder][HikariPool.java:728] - HikariPool-1 - Added connection com.mysql.cj.jdbc.ConnectionImpl@760e87f6
2024-11-26 21:30:35,332 DEBUG [HikariPool-1 connection adder][HikariPool.java:421] - HikariPool-1 - After adding stats (total=3, active=0, idle=3, waiting=0)
2024-11-26 21:30:35,344 INFO [http-nio-63040-exec-1][DirectJDKLog.java:173] - Initializing Spring DispatcherServlet 'dispatcherServlet'
2024-11-26 21:30:35,344 INFO [http-nio-63040-exec-1][DirectJDKLog.java:173] - Initializing Spring DispatcherServlet 'dispatcherServlet'
2024-11-26 21:30:35,344 INFO [http-nio-63040-exec-1][FrameworkServlet.java:525] - Initializing Servlet 'dispatcherServlet'
2024-11-26 21:30:35,344 INFO [http-nio-63040-exec-1][FrameworkServlet.java:525] - Initializing Servlet 'dispatcherServlet'
2024-11-26 21:30:35,350 INFO [http-nio-63040-exec-1][FrameworkServlet.java:547] - Completed initialization in 6 ms
2024-11-26 21:30:35,350 INFO [http-nio-63040-exec-1][FrameworkServlet.java:547] - Completed initialization in 6 ms
2024-11-26 21:30:35,391 DEBUG [HikariPool-1 connection adder][HikariPool.java:728] - HikariPool-1 - Added connection com.mysql.cj.jdbc.ConnectionImpl@27ac5b87
2024-11-26 21:30:35,391 DEBUG [HikariPool-1 connection adder][HikariPool.java:728] - HikariPool-1 - Added connection com.mysql.cj.jdbc.ConnectionImpl@27ac5b87
2024-11-26 21:30:35,391 DEBUG [HikariPool-1 connection adder][HikariPool.java:421] - HikariPool-1 - After adding stats (total=4, active=0, idle=4, waiting=0)
2024-11-26 21:30:35,391 DEBUG [HikariPool-1 connection adder][HikariPool.java:421] - HikariPool-1 - After adding stats (total=4, active=0, idle=4, waiting=0)
2024-11-26 21:30:35,434 DEBUG [HikariPool-1 connection adder][HikariPool.java:728] - HikariPool-1 - Added connection com.mysql.cj.jdbc.ConnectionImpl@3496949
2024-11-26 21:30:35,434 DEBUG [HikariPool-1 connection adder][HikariPool.java:728] - HikariPool-1 - Added connection com.mysql.cj.jdbc.ConnectionImpl@3496949
2024-11-26 21:30:35,434 DEBUG [HikariPool-1 connection adder][HikariPool.java:421] - HikariPool-1 - After adding stats (total=5, active=0, idle=5, waiting=0)
2024-11-26 21:30:35,434 DEBUG [HikariPool-1 connection adder][HikariPool.java:421] - HikariPool-1 - After adding stats (total=5, active=0, idle=5, waiting=0)
2024-11-26 21:30:35,439 INFO [http-nio-63040-exec-1][HikariDataSource.java:110] - HikariPool-1 - Starting...
2024-11-26 21:30:35,439 INFO [http-nio-63040-exec-1][HikariDataSource.java:110] - HikariPool-1 - Starting...
2024-11-26 21:30:35,467 DEBUG [Nacos-Watch-Task-Scheduler-1][RouteDefinitionRouteLocator.java:271] - RouteDefinition content-api applying {_genkey_0=/content/**} to Path
2024-11-26 21:30:35,467 DEBUG [Nacos-Watch-Task-Scheduler-1][RouteDefinitionRouteLocator.java:271] - RouteDefinition content-api applying {_genkey_0=/content/**} to Path
2024-11-26 21:30:35,468 DEBUG [Nacos-Watch-Task-Scheduler-1][RouteDefinitionRouteLocator.java:162] - RouteDefinition matched: content-api
2024-11-26 21:30:35,468 DEBUG [Nacos-Watch-Task-Scheduler-1][RouteDefinitionRouteLocator.java:162] - RouteDefinition matched: content-api
2024-11-26 21:30:35,468 DEBUG [Nacos-Watch-Task-Scheduler-1][RouteDefinitionRouteLocator.java:271] - RouteDefinition system-api applying {_genkey_0=/system/**} to Path
2024-11-26 21:30:35,468 DEBUG [Nacos-Watch-Task-Scheduler-1][RouteDefinitionRouteLocator.java:271] - RouteDefinition system-api applying {_genkey_0=/system/**} to Path
2024-11-26 21:30:35,468 DEBUG [Nacos-Watch-Task-Scheduler-1][RouteDefinitionRouteLocator.java:162] - RouteDefinition matched: system-api
2024-11-26 21:30:35,468 DEBUG [Nacos-Watch-Task-Scheduler-1][RouteDefinitionRouteLocator.java:162] - RouteDefinition matched: system-api
2024-11-26 21:30:35,468 DEBUG [Nacos-Watch-Task-Scheduler-1][RouteDefinitionRouteLocator.java:271] - RouteDefinition media-api applying {_genkey_0=/media/**} to Path
2024-11-26 21:30:35,468 DEBUG [Nacos-Watch-Task-Scheduler-1][RouteDefinitionRouteLocator.java:271] - RouteDefinition media-api applying {_genkey_0=/media/**} to Path
2024-11-26 21:30:35,469 DEBUG [Nacos-Watch-Task-Scheduler-1][RouteDefinitionRouteLocator.java:162] - RouteDefinition matched: media-api
2024-11-26 21:30:35,469 DEBUG [Nacos-Watch-Task-Scheduler-1][RouteDefinitionRouteLocator.java:162] - RouteDefinition matched: media-api
2024-11-26 21:30:35,469 DEBUG [Nacos-Watch-Task-Scheduler-1][RouteDefinitionRouteLocator.java:271] - RouteDefinition search-service applying {_genkey_0=/search/**} to Path
2024-11-26 21:30:35,469 DEBUG [Nacos-Watch-Task-Scheduler-1][RouteDefinitionRouteLocator.java:271] - RouteDefinition search-service applying {_genkey_0=/search/**} to Path
2024-11-26 21:30:35,469 DEBUG [Nacos-Watch-Task-Scheduler-1][RouteDefinitionRouteLocator.java:162] - RouteDefinition matched: search-service
2024-11-26 21:30:35,469 DEBUG [Nacos-Watch-Task-Scheduler-1][RouteDefinitionRouteLocator.java:162] - RouteDefinition matched: search-service
2024-11-26 21:30:35,469 DEBUG [Nacos-Watch-Task-Scheduler-1][RouteDefinitionRouteLocator.java:271] - RouteDefinition auth-service applying {_genkey_0=/auth/**} to Path
2024-11-26 21:30:35,469 DEBUG [Nacos-Watch-Task-Scheduler-1][RouteDefinitionRouteLocator.java:271] - RouteDefinition auth-service applying {_genkey_0=/auth/**} to Path
2024-11-26 21:30:35,470 DEBUG [Nacos-Watch-Task-Scheduler-1][RouteDefinitionRouteLocator.java:162] - RouteDefinition matched: auth-service
2024-11-26 21:30:35,470 DEBUG [Nacos-Watch-Task-Scheduler-1][RouteDefinitionRouteLocator.java:162] - RouteDefinition matched: auth-service
2024-11-26 21:30:35,470 DEBUG [Nacos-Watch-Task-Scheduler-1][RouteDefinitionRouteLocator.java:271] - RouteDefinition checkcode applying {_genkey_0=/checkcode/**} to Path
2024-11-26 21:30:35,470 DEBUG [Nacos-Watch-Task-Scheduler-1][RouteDefinitionRouteLocator.java:271] - RouteDefinition checkcode applying {_genkey_0=/checkcode/**} to Path
2024-11-26 21:30:35,470 DEBUG [Nacos-Watch-Task-Scheduler-1][RouteDefinitionRouteLocator.java:162] - RouteDefinition matched: checkcode
2024-11-26 21:30:35,470 DEBUG [Nacos-Watch-Task-Scheduler-1][RouteDefinitionRouteLocator.java:162] - RouteDefinition matched: checkcode
2024-11-26 21:30:35,470 DEBUG [Nacos-Watch-Task-Scheduler-1][RouteDefinitionRouteLocator.java:271] - RouteDefinition learning-api applying {_genkey_0=/learning/**} to Path
2024-11-26 21:30:35,470 DEBUG [Nacos-Watch-Task-Scheduler-1][RouteDefinitionRouteLocator.java:271] - RouteDefinition learning-api applying {_genkey_0=/learning/**} to Path
2024-11-26 21:30:35,470 DEBUG [Nacos-Watch-Task-Scheduler-1][RouteDefinitionRouteLocator.java:162] - RouteDefinition matched: learning-api
2024-11-26 21:30:35,470 DEBUG [Nacos-Watch-Task-Scheduler-1][RouteDefinitionRouteLocator.java:162] - RouteDefinition matched: learning-api
2024-11-26 21:30:35,470 DEBUG [Nacos-Watch-Task-Scheduler-1][RouteDefinitionRouteLocator.java:271] - RouteDefinition orders-api applying {_genkey_0=/orders/**} to Path
2024-11-26 21:30:35,470 DEBUG [Nacos-Watch-Task-Scheduler-1][RouteDefinitionRouteLocator.java:271] - RouteDefinition orders-api applying {_genkey_0=/orders/**} to Path
2024-11-26 21:30:35,471 DEBUG [Nacos-Watch-Task-Scheduler-1][RouteDefinitionRouteLocator.java:162] - RouteDefinition matched: orders-api
2024-11-26 21:30:35,471 DEBUG [Nacos-Watch-Task-Scheduler-1][RouteDefinitionRouteLocator.java:162] - RouteDefinition matched: orders-api
2024-11-26 21:30:35,479 DEBUG [HikariPool-1 connection adder][HikariPool.java:728] - HikariPool-1 - Added connection com.mysql.cj.jdbc.ConnectionImpl@23e20082
2024-11-26 21:30:35,479 DEBUG [HikariPool-1 connection adder][HikariPool.java:728] - HikariPool-1 - Added connection com.mysql.cj.jdbc.ConnectionImpl@23e20082
2024-11-26 21:30:35,479 DEBUG [HikariPool-1 connection adder][HikariPool.java:421] - HikariPool-1 - After adding stats (total=6, active=0, idle=6, waiting=0)
2024-11-26 21:30:35,479 DEBUG [HikariPool-1 connection adder][HikariPool.java:421] - HikariPool-1 - After adding stats (total=6, active=0, idle=6, waiting=0)
2024-11-26 21:30:35,520 DEBUG [HikariPool-1 connection adder][HikariPool.java:728] - HikariPool-1 - Added connection com.mysql.cj.jdbc.ConnectionImpl@39fce850
2024-11-26 21:30:35,520 DEBUG [HikariPool-1 connection adder][HikariPool.java:728] - HikariPool-1 - Added connection com.mysql.cj.jdbc.ConnectionImpl@39fce850
2024-11-26 21:30:35,521 DEBUG [HikariPool-1 connection adder][HikariPool.java:421] - HikariPool-1 - After adding stats (total=7, active=0, idle=7, waiting=0)
2024-11-26 21:30:35,521 DEBUG [HikariPool-1 connection adder][HikariPool.java:421] - HikariPool-1 - After adding stats (total=7, active=0, idle=7, waiting=0)
2024-11-26 21:30:35,558 DEBUG [HikariPool-1 connection adder][HikariPool.java:728] - HikariPool-1 - Added connection com.mysql.cj.jdbc.ConnectionImpl@545d504f
2024-11-26 21:30:35,558 DEBUG [HikariPool-1 connection adder][HikariPool.java:421] - HikariPool-1 - After adding stats (total=8, active=0, idle=8, waiting=0)
2024-11-26 21:30:35,558 DEBUG [HikariPool-1 connection adder][HikariPool.java:728] - HikariPool-1 - Added connection com.mysql.cj.jdbc.ConnectionImpl@545d504f
2024-11-26 21:30:35,558 DEBUG [HikariPool-1 connection adder][HikariPool.java:421] - HikariPool-1 - After adding stats (total=8, active=0, idle=8, waiting=0)
2024-11-26 21:30:35,565 INFO [http-nio-63040-exec-1][HikariDataSource.java:123] - HikariPool-1 - Start completed.
2024-11-26 21:30:35,565 INFO [http-nio-63040-exec-1][HikariDataSource.java:123] - HikariPool-1 - Start completed.
2024-11-26 21:30:35,596 DEBUG [HikariPool-1 connection adder][HikariPool.java:728] - HikariPool-1 - Added connection com.mysql.cj.jdbc.ConnectionImpl@45e53cb6
2024-11-26 21:30:35,596 DEBUG [HikariPool-1 connection adder][HikariPool.java:728] - HikariPool-1 - Added connection com.mysql.cj.jdbc.ConnectionImpl@45e53cb6
2024-11-26 21:30:35,597 DEBUG [HikariPool-1 connection adder][HikariPool.java:421] - HikariPool-1 - After adding stats (total=9, active=0, idle=9, waiting=0)
2024-11-26 21:30:35,597 DEBUG [HikariPool-1 connection adder][HikariPool.java:421] - HikariPool-1 - After adding stats (total=9, active=0, idle=9, waiting=0)
2024-11-26 21:30:35,638 DEBUG [HikariPool-1 connection adder][HikariPool.java:728] - HikariPool-1 - Added connection com.mysql.cj.jdbc.ConnectionImpl@597fdce8
2024-11-26 21:30:35,638 DEBUG [HikariPool-1 connection adder][HikariPool.java:728] - HikariPool-1 - Added connection com.mysql.cj.jdbc.ConnectionImpl@597fdce8
2024-11-26 21:30:35,639 DEBUG [HikariPool-1 connection adder][HikariPool.java:421] - HikariPool-1 - After adding stats (total=10, active=0, idle=10, waiting=0)
2024-11-26 21:30:35,639 DEBUG [HikariPool-1 connection adder][HikariPool.java:421] - HikariPool-1 - After adding stats (total=10, active=0, idle=10, waiting=0)
2024-11-26 21:30:39,267 DEBUG [reactor-http-nio-19][RoutePredicateHandlerMapping.java:149] - Route matched: content-api
2024-11-26 21:30:39,267 DEBUG [reactor-http-nio-19][RoutePredicateHandlerMapping.java:149] - Route matched: content-api
2024-11-26 21:30:39,267 DEBUG [reactor-http-nio-19][RoutePredicateHandlerMapping.java:92] - Mapping [Exchange: POST http://localhost:63010/content/course/list?pageNo=7&pageSize=10] to Route{id='content-api', uri=lb://content-api, order=0, predicate=Paths: [/content/**], match trailing slash: true, gatewayFilters=[], metadata={}}
2024-11-26 21:30:39,267 DEBUG [reactor-http-nio-19][RoutePredicateHandlerMapping.java:92] - Mapping [Exchange: POST http://localhost:63010/content/course/list?pageNo=7&pageSize=10] to Route{id='content-api', uri=lb://content-api, order=0, predicate=Paths: [/content/**], match trailing slash: true, gatewayFilters=[], metadata={}}
2024-11-26 21:30:39,268 DEBUG [reactor-http-nio-19][AbstractHandlerMapping.java:183] - [ebf1b323-113] Mapped to org.springframework.cloud.gateway.handler.FilteringWebHandler@4001b166
2024-11-26 21:30:39,268 DEBUG [reactor-http-nio-19][AbstractHandlerMapping.java:183] - [ebf1b323-113] Mapped to org.springframework.cloud.gateway.handler.FilteringWebHandler@4001b166
2024-11-26 21:30:39,268 DEBUG [reactor-http-nio-19][FilteringWebHandler.java:85] - Sorted gatewayFilterFactories: [[GatewayFilterAdapter{delegate=org.springframework.cloud.gateway.filter.RemoveCachedBodyFilter@53c6f96d}, order = -2147483648], [GatewayFilterAdapter{delegate=org.springframework.cloud.gateway.filter.AdaptCachedBodyGlobalFilter@4bc33720}, order = -2147482648], [GatewayFilterAdapter{delegate=org.springframework.cloud.gateway.filter.NettyWriteResponseFilter@136965e3}, order = -1], [GatewayFilterAdapter{delegate=org.springframework.cloud.gateway.filter.ForwardPathFilter@1b7a52dd}, order = 0], [GatewayFilterAdapter{delegate=org.springframework.cloud.gateway.filter.RouteToRequestUrlFilter@435cc7f9}, order = 10000], [GatewayFilterAdapter{delegate=org.springframework.cloud.gateway.filter.LoadBalancerClientFilter@5578be42}, order = 10100], [GatewayFilterAdapter{delegate=org.springframework.cloud.gateway.filter.WebsocketRoutingFilter@7f93dd4e}, order = 2147483646], [GatewayFilterAdapter{delegate=org.springframework.cloud.gateway.filter.NettyRoutingFilter@4e49ce2b}, order = 2147483647], [GatewayFilterAdapter{delegate=org.springframework.cloud.gateway.filter.ForwardRoutingFilter@4364712f}, order = 2147483647]]
2024-11-26 21:30:39,268 DEBUG [reactor-http-nio-19][FilteringWebHandler.java:85] - Sorted gatewayFilterFactories: [[GatewayFilterAdapter{delegate=org.springframework.cloud.gateway.filter.RemoveCachedBodyFilter@53c6f96d}, order = -2147483648], [GatewayFilterAdapter{delegate=org.springframework.cloud.gateway.filter.AdaptCachedBodyGlobalFilter@4bc33720}, order = -2147482648], [GatewayFilterAdapter{delegate=org.springframework.cloud.gateway.filter.NettyWriteResponseFilter@136965e3}, order = -1], [GatewayFilterAdapter{delegate=org.springframework.cloud.gateway.filter.ForwardPathFilter@1b7a52dd}, order = 0], [GatewayFilterAdapter{delegate=org.springframework.cloud.gateway.filter.RouteToRequestUrlFilter@435cc7f9}, order = 10000], [GatewayFilterAdapter{delegate=org.springframework.cloud.gateway.filter.LoadBalancerClientFilter@5578be42}, order = 10100], [GatewayFilterAdapter{delegate=org.springframework.cloud.gateway.filter.WebsocketRoutingFilter@7f93dd4e}, order = 2147483646], [GatewayFilterAdapter{delegate=org.springframework.cloud.gateway.filter.NettyRoutingFilter@4e49ce2b}, order = 2147483647], [GatewayFilterAdapter{delegate=org.springframework.cloud.gateway.filter.ForwardRoutingFilter@4364712f}, order = 2147483647]]
2024-11-26 21:30:41,380 DEBUG [reactor-http-nio-21][RoutePredicateHandlerMapping.java:149] - Route matched: content-api
2024-11-26 21:30:41,380 DEBUG [reactor-http-nio-21][RoutePredicateHandlerMapping.java:149] - Route matched: content-api
2024-11-26 21:30:41,380 DEBUG [reactor-http-nio-21][RoutePredicateHandlerMapping.java:92] - Mapping [Exchange: GET http://localhost:63010/content/course/124] to Route{id='content-api', uri=lb://content-api, order=0, predicate=Paths: [/content/**], match trailing slash: true, gatewayFilters=[], metadata={}}
2024-11-26 21:30:41,380 DEBUG [reactor-http-nio-21][RoutePredicateHandlerMapping.java:92] - Mapping [Exchange: GET http://localhost:63010/content/course/124] to Route{id='content-api', uri=lb://content-api, order=0, predicate=Paths: [/content/**], match trailing slash: true, gatewayFilters=[], metadata={}}
2024-11-26 21:30:41,380 DEBUG [reactor-http-nio-21][AbstractHandlerMapping.java:183] - [d4a55f86-115] Mapped to org.springframework.cloud.gateway.handler.FilteringWebHandler@4001b166
2024-11-26 21:30:41,380 DEBUG [reactor-http-nio-21][AbstractHandlerMapping.java:183] - [d4a55f86-115] Mapped to org.springframework.cloud.gateway.handler.FilteringWebHandler@4001b166
2024-11-26 21:30:41,380 DEBUG [reactor-http-nio-21][FilteringWebHandler.java:85] - Sorted gatewayFilterFactories: [[GatewayFilterAdapter{delegate=org.springframework.cloud.gateway.filter.RemoveCachedBodyFilter@53c6f96d}, order = -2147483648], [GatewayFilterAdapter{delegate=org.springframework.cloud.gateway.filter.AdaptCachedBodyGlobalFilter@4bc33720}, order = -2147482648], [GatewayFilterAdapter{delegate=org.springframework.cloud.gateway.filter.NettyWriteResponseFilter@136965e3}, order = -1], [GatewayFilterAdapter{delegate=org.springframework.cloud.gateway.filter.ForwardPathFilter@1b7a52dd}, order = 0], [GatewayFilterAdapter{delegate=org.springframework.cloud.gateway.filter.RouteToRequestUrlFilter@435cc7f9}, order = 10000], [GatewayFilterAdapter{delegate=org.springframework.cloud.gateway.filter.LoadBalancerClientFilter@5578be42}, order = 10100], [GatewayFilterAdapter{delegate=org.springframework.cloud.gateway.filter.WebsocketRoutingFilter@7f93dd4e}, order = 2147483646], [GatewayFilterAdapter{delegate=org.springframework.cloud.gateway.filter.NettyRoutingFilter@4e49ce2b}, order = 2147483647], [GatewayFilterAdapter{delegate=org.springframework.cloud.gateway.filter.ForwardRoutingFilter@4364712f}, order = 2147483647]]
2024-11-26 21:30:41,380 DEBUG [reactor-http-nio-21][FilteringWebHandler.java:85] - Sorted gatewayFilterFactories: [[GatewayFilterAdapter{delegate=org.springframework.cloud.gateway.filter.RemoveCachedBodyFilter@53c6f96d}, order = -2147483648], [GatewayFilterAdapter{delegate=org.springframework.cloud.gateway.filter.AdaptCachedBodyGlobalFilter@4bc33720}, order = -2147482648], [GatewayFilterAdapter{delegate=org.springframework.cloud.gateway.filter.NettyWriteResponseFilter@136965e3}, order = -1], [GatewayFilterAdapter{delegate=org.springframework.cloud.gateway.filter.ForwardPathFilter@1b7a52dd}, order = 0], [GatewayFilterAdapter{delegate=org.springframework.cloud.gateway.filter.RouteToRequestUrlFilter@435cc7f9}, order = 10000], [GatewayFilterAdapter{delegate=org.springframework.cloud.gateway.filter.LoadBalancerClientFilter@5578be42}, order = 10100], [GatewayFilterAdapter{delegate=org.springframework.cloud.gateway.filter.WebsocketRoutingFilter@7f93dd4e}, order = 2147483646], [GatewayFilterAdapter{delegate=org.springframework.cloud.gateway.filter.NettyRoutingFilter@4e49ce2b}, order = 2147483647], [GatewayFilterAdapter{delegate=org.springframework.cloud.gateway.filter.ForwardRoutingFilter@4364712f}, order = 2147483647]]
2024-11-26 21:30:41,381 DEBUG [reactor-http-nio-20][RoutePredicateHandlerMapping.java:149] - Route matched: content-api
2024-11-26 21:30:41,381 DEBUG [reactor-http-nio-20][RoutePredicateHandlerMapping.java:149] - Route matched: content-api
2024-11-26 21:30:41,381 DEBUG [reactor-http-nio-20][RoutePredicateHandlerMapping.java:92] - Mapping [Exchange: GET http://localhost:63010/content/course-category/tree-nodes] to Route{id='content-api', uri=lb://content-api, order=0, predicate=Paths: [/content/**], match trailing slash: true, gatewayFilters=[], metadata={}}
2024-11-26 21:30:41,381 DEBUG [reactor-http-nio-20][RoutePredicateHandlerMapping.java:92] - Mapping [Exchange: GET http://localhost:63010/content/course-category/tree-nodes] to Route{id='content-api', uri=lb://content-api, order=0, predicate=Paths: [/content/**], match trailing slash: true, gatewayFilters=[], metadata={}}
2024-11-26 21:30:41,382 DEBUG [reactor-http-nio-20][AbstractHandlerMapping.java:183] - [a89984cd-114] Mapped to org.springframework.cloud.gateway.handler.FilteringWebHandler@4001b166
2024-11-26 21:30:41,382 DEBUG [reactor-http-nio-20][AbstractHandlerMapping.java:183] - [a89984cd-114] Mapped to org.springframework.cloud.gateway.handler.FilteringWebHandler@4001b166
2024-11-26 21:30:41,382 DEBUG [reactor-http-nio-20][FilteringWebHandler.java:85] - Sorted gatewayFilterFactories: [[GatewayFilterAdapter{delegate=org.springframework.cloud.gateway.filter.RemoveCachedBodyFilter@53c6f96d}, order = -2147483648], [GatewayFilterAdapter{delegate=org.springframework.cloud.gateway.filter.AdaptCachedBodyGlobalFilter@4bc33720}, order = -2147482648], [GatewayFilterAdapter{delegate=org.springframework.cloud.gateway.filter.NettyWriteResponseFilter@136965e3}, order = -1], [GatewayFilterAdapter{delegate=org.springframework.cloud.gateway.filter.ForwardPathFilter@1b7a52dd}, order = 0], [GatewayFilterAdapter{delegate=org.springframework.cloud.gateway.filter.RouteToRequestUrlFilter@435cc7f9}, order = 10000], [GatewayFilterAdapter{delegate=org.springframework.cloud.gateway.filter.LoadBalancerClientFilter@5578be42}, order = 10100], [GatewayFilterAdapter{delegate=org.springframework.cloud.gateway.filter.WebsocketRoutingFilter@7f93dd4e}, order = 2147483646], [GatewayFilterAdapter{delegate=org.springframework.cloud.gateway.filter.NettyRoutingFilter@4e49ce2b}, order = 2147483647], [GatewayFilterAdapter{delegate=org.springframework.cloud.gateway.filter.ForwardRoutingFilter@4364712f}, order = 2147483647]]
2024-11-26 21:30:41,382 DEBUG [reactor-http-nio-20][FilteringWebHandler.java:85] - Sorted gatewayFilterFactories: [[GatewayFilterAdapter{delegate=org.springframework.cloud.gateway.filter.RemoveCachedBodyFilter@53c6f96d}, order = -2147483648], [GatewayFilterAdapter{delegate=org.springframework.cloud.gateway.filter.AdaptCachedBodyGlobalFilter@4bc33720}, order = -2147482648], [GatewayFilterAdapter{delegate=org.springframework.cloud.gateway.filter.NettyWriteResponseFilter@136965e3}, order = -1], [GatewayFilterAdapter{delegate=org.springframework.cloud.gateway.filter.ForwardPathFilter@1b7a52dd}, order = 0], [GatewayFilterAdapter{delegate=org.springframework.cloud.gateway.filter.RouteToRequestUrlFilter@435cc7f9}, order = 10000], [GatewayFilterAdapter{delegate=org.springframework.cloud.gateway.filter.LoadBalancerClientFilter@5578be42}, order = 10100], [GatewayFilterAdapter{delegate=org.springframework.cloud.gateway.filter.WebsocketRoutingFilter@7f93dd4e}, order = 2147483646], [GatewayFilterAdapter{delegate=org.springframework.cloud.gateway.filter.NettyRoutingFilter@4e49ce2b}, order = 2147483647], [GatewayFilterAdapter{delegate=org.springframework.cloud.gateway.filter.ForwardRoutingFilter@4364712f}, order = 2147483647]]
2024-11-26 21:30:43,164 DEBUG [reactor-http-nio-22][RoutePredicateHandlerMapping.java:149] - Route matched: content-api
2024-11-26 21:30:43,164 DEBUG [reactor-http-nio-22][RoutePredicateHandlerMapping.java:149] - Route matched: content-api
2024-11-26 21:30:43,164 DEBUG [reactor-http-nio-22][RoutePredicateHandlerMapping.java:92] - Mapping [Exchange: PUT http://localhost:63010/content/course] to Route{id='content-api', uri=lb://content-api, order=0, predicate=Paths: [/content/**], match trailing slash: true, gatewayFilters=[], metadata={}}
2024-11-26 21:30:43,164 DEBUG [reactor-http-nio-22][RoutePredicateHandlerMapping.java:92] - Mapping [Exchange: PUT http://localhost:63010/content/course] to Route{id='content-api', uri=lb://content-api, order=0, predicate=Paths: [/content/**], match trailing slash: true, gatewayFilters=[], metadata={}}
2024-11-26 21:30:43,164 DEBUG [reactor-http-nio-22][AbstractHandlerMapping.java:183] - [18e9841e-116] Mapped to org.springframework.cloud.gateway.handler.FilteringWebHandler@4001b166
2024-11-26 21:30:43,164 DEBUG [reactor-http-nio-22][AbstractHandlerMapping.java:183] - [18e9841e-116] Mapped to org.springframework.cloud.gateway.handler.FilteringWebHandler@4001b166
2024-11-26 21:30:43,164 DEBUG [reactor-http-nio-22][FilteringWebHandler.java:85] - Sorted gatewayFilterFactories: [[GatewayFilterAdapter{delegate=org.springframework.cloud.gateway.filter.RemoveCachedBodyFilter@53c6f96d}, order = -2147483648], [GatewayFilterAdapter{delegate=org.springframework.cloud.gateway.filter.AdaptCachedBodyGlobalFilter@4bc33720}, order = -2147482648], [GatewayFilterAdapter{delegate=org.springframework.cloud.gateway.filter.NettyWriteResponseFilter@136965e3}, order = -1], [GatewayFilterAdapter{delegate=org.springframework.cloud.gateway.filter.ForwardPathFilter@1b7a52dd}, order = 0], [GatewayFilterAdapter{delegate=org.springframework.cloud.gateway.filter.RouteToRequestUrlFilter@435cc7f9}, order = 10000], [GatewayFilterAdapter{delegate=org.springframework.cloud.gateway.filter.LoadBalancerClientFilter@5578be42}, order = 10100], [GatewayFilterAdapter{delegate=org.springframework.cloud.gateway.filter.WebsocketRoutingFilter@7f93dd4e}, order = 2147483646], [GatewayFilterAdapter{delegate=org.springframework.cloud.gateway.filter.NettyRoutingFilter@4e49ce2b}, order = 2147483647], [GatewayFilterAdapter{delegate=org.springframework.cloud.gateway.filter.ForwardRoutingFilter@4364712f}, order = 2147483647]]
2024-11-26 21:30:43,164 DEBUG [reactor-http-nio-22][FilteringWebHandler.java:85] - Sorted gatewayFilterFactories: [[GatewayFilterAdapter{delegate=org.springframework.cloud.gateway.filter.RemoveCachedBodyFilter@53c6f96d}, order = -2147483648], [GatewayFilterAdapter{delegate=org.springframework.cloud.gateway.filter.AdaptCachedBodyGlobalFilter@4bc33720}, order = -2147482648], [GatewayFilterAdapter{delegate=org.springframework.cloud.gateway.filter.NettyWriteResponseFilter@136965e3}, order = -1], [GatewayFilterAdapter{delegate=org.springframework.cloud.gateway.filter.ForwardPathFilter@1b7a52dd}, order = 0], [GatewayFilterAdapter{delegate=org.springframework.cloud.gateway.filter.RouteToRequestUrlFilter@435cc7f9}, order = 10000], [GatewayFilterAdapter{delegate=org.springframework.cloud.gateway.filter.LoadBalancerClientFilter@5578be42}, order = 10100], [GatewayFilterAdapter{delegate=org.springframework.cloud.gateway.filter.WebsocketRoutingFilter@7f93dd4e}, order = 2147483646], [GatewayFilterAdapter{delegate=org.springframework.cloud.gateway.filter.NettyRoutingFilter@4e49ce2b}, order = 2147483647], [GatewayFilterAdapter{delegate=org.springframework.cloud.gateway.filter.ForwardRoutingFilter@4364712f}, order = 2147483647]]
2024-11-26 21:30:43,338 DEBUG [reactor-http-nio-23][RoutePredicateHandlerMapping.java:149] - Route matched: content-api
2024-11-26 21:30:43,338 DEBUG [reactor-http-nio-23][RoutePredicateHandlerMapping.java:149] - Route matched: content-api
2024-11-26 21:30:43,339 DEBUG [reactor-http-nio-23][RoutePredicateHandlerMapping.java:92] - Mapping [Exchange: GET http://localhost:63010/content/teachplan/124/tree-nodes] to Route{id='content-api', uri=lb://content-api, order=0, predicate=Paths: [/content/**], match trailing slash: true, gatewayFilters=[], metadata={}}
2024-11-26 21:30:43,339 DEBUG [reactor-http-nio-23][RoutePredicateHandlerMapping.java:92] - Mapping [Exchange: GET http://localhost:63010/content/teachplan/124/tree-nodes] to Route{id='content-api', uri=lb://content-api, order=0, predicate=Paths: [/content/**], match trailing slash: true, gatewayFilters=[], metadata={}}
2024-11-26 21:30:43,339 DEBUG [reactor-http-nio-23][AbstractHandlerMapping.java:183] - [345b6eb9-117] Mapped to org.springframework.cloud.gateway.handler.FilteringWebHandler@4001b166
2024-11-26 21:30:43,339 DEBUG [reactor-http-nio-23][AbstractHandlerMapping.java:183] - [345b6eb9-117] Mapped to org.springframework.cloud.gateway.handler.FilteringWebHandler@4001b166
2024-11-26 21:30:43,339 DEBUG [reactor-http-nio-23][FilteringWebHandler.java:85] - Sorted gatewayFilterFactories: [[GatewayFilterAdapter{delegate=org.springframework.cloud.gateway.filter.RemoveCachedBodyFilter@53c6f96d}, order = -2147483648], [GatewayFilterAdapter{delegate=org.springframework.cloud.gateway.filter.AdaptCachedBodyGlobalFilter@4bc33720}, order = -2147482648], [GatewayFilterAdapter{delegate=org.springframework.cloud.gateway.filter.NettyWriteResponseFilter@136965e3}, order = -1], [GatewayFilterAdapter{delegate=org.springframework.cloud.gateway.filter.ForwardPathFilter@1b7a52dd}, order = 0], [GatewayFilterAdapter{delegate=org.springframework.cloud.gateway.filter.RouteToRequestUrlFilter@435cc7f9}, order = 10000], [GatewayFilterAdapter{delegate=org.springframework.cloud.gateway.filter.LoadBalancerClientFilter@5578be42}, order = 10100], [GatewayFilterAdapter{delegate=org.springframework.cloud.gateway.filter.WebsocketRoutingFilter@7f93dd4e}, order = 2147483646], [GatewayFilterAdapter{delegate=org.springframework.cloud.gateway.filter.NettyRoutingFilter@4e49ce2b}, order = 2147483647], [GatewayFilterAdapter{delegate=org.springframework.cloud.gateway.filter.ForwardRoutingFilter@4364712f}, order = 2147483647]]
2024-11-26 21:30:43,339 DEBUG [reactor-http-nio-23][FilteringWebHandler.java:85] - Sorted gatewayFilterFactories: [[GatewayFilterAdapter{delegate=org.springframework.cloud.gateway.filter.RemoveCachedBodyFilter@53c6f96d}, order = -2147483648], [GatewayFilterAdapter{delegate=org.springframework.cloud.gateway.filter.AdaptCachedBodyGlobalFilter@4bc33720}, order = -2147482648], [GatewayFilterAdapter{delegate=org.springframework.cloud.gateway.filter.NettyWriteResponseFilter@136965e3}, order = -1], [GatewayFilterAdapter{delegate=org.springframework.cloud.gateway.filter.ForwardPathFilter@1b7a52dd}, order = 0], [GatewayFilterAdapter{delegate=org.springframework.cloud.gateway.filter.RouteToRequestUrlFilter@435cc7f9}, order = 10000], [GatewayFilterAdapter{delegate=org.springframework.cloud.gateway.filter.LoadBalancerClientFilter@5578be42}, order = 10100], [GatewayFilterAdapter{delegate=org.springframework.cloud.gateway.filter.WebsocketRoutingFilter@7f93dd4e}, order = 2147483646], [GatewayFilterAdapter{delegate=org.springframework.cloud.gateway.filter.NettyRoutingFilter@4e49ce2b}, order = 2147483647], [GatewayFilterAdapter{delegate=org.springframework.cloud.gateway.filter.ForwardRoutingFilter@4364712f}, order = 2147483647]]
2024-11-26 21:30:46,723 DEBUG [HikariPool-1 housekeeper][HikariPool.java:421] - HikariPool-1 - Pool stats (total=10, active=0, idle=10, waiting=0)
2024-11-26 21:30:46,723 DEBUG [HikariPool-1 housekeeper][HikariPool.java:421] - HikariPool-1 - Pool stats (total=10, active=0, idle=10, waiting=0)
2024-11-26 21:30:46,724 DEBUG [HikariPool-1 housekeeper][HikariPool.java:517] - HikariPool-1 - Fill pool skipped, pool is at sufficient level.
2024-11-26 21:30:46,724 DEBUG [HikariPool-1 housekeeper][HikariPool.java:517] - HikariPool-1 - Fill pool skipped, pool is at sufficient level.
2024-11-26 21:30:56,130 DEBUG [reactor-http-nio-24][RoutePredicateHandlerMapping.java:149] - Route matched: media-api
2024-11-26 21:30:56,130 DEBUG [reactor-http-nio-24][RoutePredicateHandlerMapping.java:149] - Route matched: media-api
2024-11-26 21:30:56,130 DEBUG [reactor-http-nio-24][RoutePredicateHandlerMapping.java:92] - Mapping [Exchange: POST http://localhost:63010/media/upload/coursefile] to Route{id='media-api', uri=lb://media-api, order=0, predicate=Paths: [/media/**], match trailing slash: true, gatewayFilters=[], metadata={}}
2024-11-26 21:30:56,130 DEBUG [reactor-http-nio-24][RoutePredicateHandlerMapping.java:92] - Mapping [Exchange: POST http://localhost:63010/media/upload/coursefile] to Route{id='media-api', uri=lb://media-api, order=0, predicate=Paths: [/media/**], match trailing slash: true, gatewayFilters=[], metadata={}}
2024-11-26 21:30:56,130 DEBUG [reactor-http-nio-24][AbstractHandlerMapping.java:183] - [6a954f9f-118] Mapped to org.springframework.cloud.gateway.handler.FilteringWebHandler@4001b166
2024-11-26 21:30:56,130 DEBUG [reactor-http-nio-24][AbstractHandlerMapping.java:183] - [6a954f9f-118] Mapped to org.springframework.cloud.gateway.handler.FilteringWebHandler@4001b166
2024-11-26 21:30:56,131 DEBUG [reactor-http-nio-24][FilteringWebHandler.java:85] - Sorted gatewayFilterFactories: [[GatewayFilterAdapter{delegate=org.springframework.cloud.gateway.filter.RemoveCachedBodyFilter@53c6f96d}, order = -2147483648], [GatewayFilterAdapter{delegate=org.springframework.cloud.gateway.filter.AdaptCachedBodyGlobalFilter@4bc33720}, order = -2147482648], [GatewayFilterAdapter{delegate=org.springframework.cloud.gateway.filter.NettyWriteResponseFilter@136965e3}, order = -1], [GatewayFilterAdapter{delegate=org.springframework.cloud.gateway.filter.ForwardPathFilter@1b7a52dd}, order = 0], [GatewayFilterAdapter{delegate=org.springframework.cloud.gateway.filter.RouteToRequestUrlFilter@435cc7f9}, order = 10000], [GatewayFilterAdapter{delegate=org.springframework.cloud.gateway.filter.LoadBalancerClientFilter@5578be42}, order = 10100], [GatewayFilterAdapter{delegate=org.springframework.cloud.gateway.filter.WebsocketRoutingFilter@7f93dd4e}, order = 2147483646], [GatewayFilterAdapter{delegate=org.springframework.cloud.gateway.filter.NettyRoutingFilter@4e49ce2b}, order = 2147483647], [GatewayFilterAdapter{delegate=org.springframework.cloud.gateway.filter.ForwardRoutingFilter@4364712f}, order = 2147483647]]
2024-11-26 21:30:56,131 DEBUG [reactor-http-nio-24][FilteringWebHandler.java:85] - Sorted gatewayFilterFactories: [[GatewayFilterAdapter{delegate=org.springframework.cloud.gateway.filter.RemoveCachedBodyFilter@53c6f96d}, order = -2147483648], [GatewayFilterAdapter{delegate=org.springframework.cloud.gateway.filter.AdaptCachedBodyGlobalFilter@4bc33720}, order = -2147482648], [GatewayFilterAdapter{delegate=org.springframework.cloud.gateway.filter.NettyWriteResponseFilter@136965e3}, order = -1], [GatewayFilterAdapter{delegate=org.springframework.cloud.gateway.filter.ForwardPathFilter@1b7a52dd}, order = 0], [GatewayFilterAdapter{delegate=org.springframework.cloud.gateway.filter.RouteToRequestUrlFilter@435cc7f9}, order = 10000], [GatewayFilterAdapter{delegate=org.springframework.cloud.gateway.filter.LoadBalancerClientFilter@5578be42}, order = 10100], [GatewayFilterAdapter{delegate=org.springframework.cloud.gateway.filter.WebsocketRoutingFilter@7f93dd4e}, order = 2147483646], [GatewayFilterAdapter{delegate=org.springframework.cloud.gateway.filter.NettyRoutingFilter@4e49ce2b}, order = 2147483647], [GatewayFilterAdapter{delegate=org.springframework.cloud.gateway.filter.ForwardRoutingFilter@4364712f}, order = 2147483647]]
