2024-11-27 22:44:18,206 WARN [Thread-25][NotifyCenter.java:145] - [NotifyCenter] Start destroying Publisher
2024-11-27 22:44:18,206 WARN [Thread-25][NotifyCenter.java:145] - [NotifyCenter] Start destroying Publisher
2024-11-27 22:44:18,206 WARN [Thread-3][HttpClientBeanHolder.java:108] - [HttpClientBeanHolder] Start destroying common HttpClient
2024-11-27 22:44:18,206 WARN [Thread-3][HttpClientBeanHolder.java:108] - [HttpClientBeanHolder] Start destroying common HttpClient
2024-11-27 22:44:18,208 WARN [Thread-25][NotifyCenter.java:162] - [NotifyCenter] Destruction of the end
2024-11-27 22:44:18,208 WARN [Thread-25][NotifyCenter.java:162] - [NotifyCenter] Destruction of the end
2024-11-27 22:44:18,209 WARN [Thread-3][HttpClientBeanHolder.java:114] - [HttpClientBeanHolder] Destruction of the end
2024-11-27 22:44:18,209 WARN [Thread-3][HttpClientBeanHolder.java:114] - [HttpClientBeanHolder] Destruction of the end
2024-11-27 22:44:18,335 INFO [SpringContextShutdownHook][ExecutorConfigurationSupport.java:218] - Shutting down ExecutorService 'Nacos-Watch-Task-Scheduler'
2024-11-27 22:44:18,335 INFO [SpringContextShutdownHook][ExecutorConfigurationSupport.java:218] - Shutting down ExecutorService 'Nacos-Watch-Task-Scheduler'
2024-11-27 22:44:18,339 INFO [SpringContextShutdownHook][NacosServiceRegistry.java:94] - De-registering from Nacos Server now...
2024-11-27 22:44:18,339 INFO [SpringContextShutdownHook][NacosServiceRegistry.java:94] - De-registering from Nacos Server now...
2024-11-27 22:44:18,339 INFO [SpringContextShutdownHook][BeatReactor.java:101] - [BEAT] removing beat: physicaleducation-plus-project@@media-api:172.18.210.246:63050 from beat map.
2024-11-27 22:44:18,339 INFO [SpringContextShutdownHook][BeatReactor.java:101] - [BEAT] removing beat: physicaleducation-plus-project@@media-api:172.18.210.246:63050 from beat map.
2024-11-27 22:44:18,339 INFO [SpringContextShutdownHook][NamingProxy.java:260] - [DEREGISTER-SERVICE] dev deregistering service physicaleducation-plus-project@@media-api with instance: Instance{instanceId='null', ip='172.18.210.246', port=63050, weight=1.0, healthy=true, enabled=true, ephemeral=true, clusterName='DEFAULT', serviceName='null', metadata={}}
2024-11-27 22:44:18,339 INFO [SpringContextShutdownHook][NamingProxy.java:260] - [DEREGISTER-SERVICE] dev deregistering service physicaleducation-plus-project@@media-api with instance: Instance{instanceId='null', ip='172.18.210.246', port=63050, weight=1.0, healthy=true, enabled=true, ephemeral=true, clusterName='DEFAULT', serviceName='null', metadata={}}
2024-11-27 22:44:18,345 INFO [SpringContextShutdownHook][NacosServiceRegistry.java:114] - De-registration finished.
2024-11-27 22:44:18,345 INFO [SpringContextShutdownHook][NacosServiceRegistry.java:114] - De-registration finished.
2024-11-27 22:44:18,345 INFO [SpringContextShutdownHook][BeatReactor.java:147] - com.alibaba.nacos.client.naming.beat.BeatReactor do shutdown begin
2024-11-27 22:44:18,345 INFO [SpringContextShutdownHook][BeatReactor.java:147] - com.alibaba.nacos.client.naming.beat.BeatReactor do shutdown begin
2024-11-27 22:44:21,383 INFO [SpringContextShutdownHook][BeatReactor.java:149] - com.alibaba.nacos.client.naming.beat.BeatReactor do shutdown stop
2024-11-27 22:44:21,383 INFO [SpringContextShutdownHook][BeatReactor.java:149] - com.alibaba.nacos.client.naming.beat.BeatReactor do shutdown stop
2024-11-27 22:44:21,386 INFO [SpringContextShutdownHook][HostReactor.java:413] - com.alibaba.nacos.client.naming.core.HostReactor do shutdown begin
2024-11-27 22:44:21,386 INFO [SpringContextShutdownHook][HostReactor.java:413] - com.alibaba.nacos.client.naming.core.HostReactor do shutdown begin
2024-11-27 22:44:24,412 INFO [SpringContextShutdownHook][PushReceiver.java:132] - com.alibaba.nacos.client.naming.core.PushReceiver do shutdown begin
2024-11-27 22:44:24,412 INFO [SpringContextShutdownHook][PushReceiver.java:132] - com.alibaba.nacos.client.naming.core.PushReceiver do shutdown begin
