2024-11-27 14:00:20,296 DEBUG [Nacos-Watch-Task-Scheduler-1][RouteDefinitionRouteLocator.java:271] - RouteDefinition content-api applying {_genkey_0=/content/**} to Path
2024-11-27 14:00:20,296 DEBUG [Nacos-Watch-Task-Scheduler-1][RouteDefinitionRouteLocator.java:271] - RouteDefinition content-api applying {_genkey_0=/content/**} to Path
2024-11-27 14:00:20,305 DEBUG [Nacos-Watch-Task-Scheduler-1][RouteDefinitionRouteLocator.java:162] - RouteDefinition matched: content-api
2024-11-27 14:00:20,305 DEBUG [Nacos-Watch-Task-Scheduler-1][RouteDefinitionRouteLocator.java:162] - RouteDefinition matched: content-api
2024-11-27 14:00:20,305 DEBUG [Nacos-Watch-Task-Scheduler-1][RouteDefinitionRouteLocator.java:271] - RouteDefinition system-api applying {_genkey_0=/system/**} to Path
2024-11-27 14:00:20,305 DEBUG [Nacos-Watch-Task-Scheduler-1][RouteDefinitionRouteLocator.java:271] - RouteDefinition system-api applying {_genkey_0=/system/**} to Path
2024-11-27 14:00:20,305 DEBUG [Nacos-Watch-Task-Scheduler-1][RouteDefinitionRouteLocator.java:162] - RouteDefinition matched: system-api
2024-11-27 14:00:20,305 DEBUG [Nacos-Watch-Task-Scheduler-1][RouteDefinitionRouteLocator.java:271] - RouteDefinition media-api applying {_genkey_0=/media/**} to Path
2024-11-27 14:00:20,305 DEBUG [Nacos-Watch-Task-Scheduler-1][RouteDefinitionRouteLocator.java:162] - RouteDefinition matched: system-api
2024-11-27 14:00:20,305 DEBUG [Nacos-Watch-Task-Scheduler-1][RouteDefinitionRouteLocator.java:271] - RouteDefinition media-api applying {_genkey_0=/media/**} to Path
2024-11-27 14:00:20,306 DEBUG [Nacos-Watch-Task-Scheduler-1][RouteDefinitionRouteLocator.java:162] - RouteDefinition matched: media-api
2024-11-27 14:00:20,306 DEBUG [Nacos-Watch-Task-Scheduler-1][RouteDefinitionRouteLocator.java:162] - RouteDefinition matched: media-api
2024-11-27 14:00:20,306 DEBUG [Nacos-Watch-Task-Scheduler-1][RouteDefinitionRouteLocator.java:271] - RouteDefinition search-service applying {_genkey_0=/search/**} to Path
2024-11-27 14:00:20,306 DEBUG [Nacos-Watch-Task-Scheduler-1][RouteDefinitionRouteLocator.java:271] - RouteDefinition search-service applying {_genkey_0=/search/**} to Path
2024-11-27 14:00:20,307 DEBUG [Nacos-Watch-Task-Scheduler-1][RouteDefinitionRouteLocator.java:162] - RouteDefinition matched: search-service
2024-11-27 14:00:20,307 DEBUG [Nacos-Watch-Task-Scheduler-1][RouteDefinitionRouteLocator.java:271] - RouteDefinition auth-service applying {_genkey_0=/auth/**} to Path
2024-11-27 14:00:20,307 DEBUG [Nacos-Watch-Task-Scheduler-1][RouteDefinitionRouteLocator.java:162] - RouteDefinition matched: search-service
2024-11-27 14:00:20,307 DEBUG [Nacos-Watch-Task-Scheduler-1][RouteDefinitionRouteLocator.java:271] - RouteDefinition auth-service applying {_genkey_0=/auth/**} to Path
2024-11-27 14:00:20,308 DEBUG [Nacos-Watch-Task-Scheduler-1][RouteDefinitionRouteLocator.java:162] - RouteDefinition matched: auth-service
2024-11-27 14:00:20,308 DEBUG [Nacos-Watch-Task-Scheduler-1][RouteDefinitionRouteLocator.java:162] - RouteDefinition matched: auth-service
2024-11-27 14:00:20,308 DEBUG [Nacos-Watch-Task-Scheduler-1][RouteDefinitionRouteLocator.java:271] - RouteDefinition checkcode applying {_genkey_0=/checkcode/**} to Path
2024-11-27 14:00:20,308 DEBUG [Nacos-Watch-Task-Scheduler-1][RouteDefinitionRouteLocator.java:271] - RouteDefinition checkcode applying {_genkey_0=/checkcode/**} to Path
2024-11-27 14:00:20,309 DEBUG [Nacos-Watch-Task-Scheduler-1][RouteDefinitionRouteLocator.java:162] - RouteDefinition matched: checkcode
2024-11-27 14:00:20,309 DEBUG [Nacos-Watch-Task-Scheduler-1][RouteDefinitionRouteLocator.java:162] - RouteDefinition matched: checkcode
2024-11-27 14:00:20,309 DEBUG [Nacos-Watch-Task-Scheduler-1][RouteDefinitionRouteLocator.java:271] - RouteDefinition learning-api applying {_genkey_0=/learning/**} to Path
2024-11-27 14:00:20,309 DEBUG [Nacos-Watch-Task-Scheduler-1][RouteDefinitionRouteLocator.java:271] - RouteDefinition learning-api applying {_genkey_0=/learning/**} to Path
2024-11-27 14:00:20,310 DEBUG [Nacos-Watch-Task-Scheduler-1][RouteDefinitionRouteLocator.java:162] - RouteDefinition matched: learning-api
2024-11-27 14:00:20,310 DEBUG [Nacos-Watch-Task-Scheduler-1][RouteDefinitionRouteLocator.java:271] - RouteDefinition orders-api applying {_genkey_0=/orders/**} to Path
2024-11-27 14:00:20,310 DEBUG [Nacos-Watch-Task-Scheduler-1][RouteDefinitionRouteLocator.java:162] - RouteDefinition matched: learning-api
2024-11-27 14:00:20,310 DEBUG [Nacos-Watch-Task-Scheduler-1][RouteDefinitionRouteLocator.java:271] - RouteDefinition orders-api applying {_genkey_0=/orders/**} to Path
2024-11-27 14:00:20,310 DEBUG [Nacos-Watch-Task-Scheduler-1][RouteDefinitionRouteLocator.java:162] - RouteDefinition matched: orders-api
2024-11-27 14:00:20,310 DEBUG [Nacos-Watch-Task-Scheduler-1][RouteDefinitionRouteLocator.java:162] - RouteDefinition matched: orders-api
2024-11-27 14:00:33,469 DEBUG [HikariPool-1 housekeeper][HikariPool.java:421] - HikariPool-1 - Pool stats (total=10, active=0, idle=10, waiting=0)
2024-11-27 14:00:33,469 DEBUG [HikariPool-1 housekeeper][HikariPool.java:421] - HikariPool-1 - Pool stats (total=10, active=0, idle=10, waiting=0)
2024-11-27 14:00:33,469 DEBUG [HikariPool-1 housekeeper][HikariPool.java:517] - HikariPool-1 - Fill pool skipped, pool is at sufficient level.
2024-11-27 14:00:33,469 DEBUG [HikariPool-1 housekeeper][HikariPool.java:517] - HikariPool-1 - Fill pool skipped, pool is at sufficient level.
2024-11-27 14:00:50,313 DEBUG [Nacos-Watch-Task-Scheduler-1][RouteDefinitionRouteLocator.java:271] - RouteDefinition content-api applying {_genkey_0=/content/**} to Path
2024-11-27 14:00:50,313 DEBUG [Nacos-Watch-Task-Scheduler-1][RouteDefinitionRouteLocator.java:271] - RouteDefinition content-api applying {_genkey_0=/content/**} to Path
2024-11-27 14:00:50,313 DEBUG [Nacos-Watch-Task-Scheduler-1][RouteDefinitionRouteLocator.java:162] - RouteDefinition matched: content-api
2024-11-27 14:00:50,313 DEBUG [Nacos-Watch-Task-Scheduler-1][RouteDefinitionRouteLocator.java:162] - RouteDefinition matched: content-api
2024-11-27 14:00:50,313 DEBUG [Nacos-Watch-Task-Scheduler-1][RouteDefinitionRouteLocator.java:271] - RouteDefinition system-api applying {_genkey_0=/system/**} to Path
2024-11-27 14:00:50,313 DEBUG [Nacos-Watch-Task-Scheduler-1][RouteDefinitionRouteLocator.java:271] - RouteDefinition system-api applying {_genkey_0=/system/**} to Path
2024-11-27 14:00:50,314 DEBUG [Nacos-Watch-Task-Scheduler-1][RouteDefinitionRouteLocator.java:162] - RouteDefinition matched: system-api
2024-11-27 14:00:50,314 DEBUG [Nacos-Watch-Task-Scheduler-1][RouteDefinitionRouteLocator.java:162] - RouteDefinition matched: system-api
2024-11-27 14:00:50,314 DEBUG [Nacos-Watch-Task-Scheduler-1][RouteDefinitionRouteLocator.java:271] - RouteDefinition media-api applying {_genkey_0=/media/**} to Path
2024-11-27 14:00:50,314 DEBUG [Nacos-Watch-Task-Scheduler-1][RouteDefinitionRouteLocator.java:271] - RouteDefinition media-api applying {_genkey_0=/media/**} to Path
2024-11-27 14:00:50,314 DEBUG [Nacos-Watch-Task-Scheduler-1][RouteDefinitionRouteLocator.java:162] - RouteDefinition matched: media-api
2024-11-27 14:00:50,314 DEBUG [Nacos-Watch-Task-Scheduler-1][RouteDefinitionRouteLocator.java:162] - RouteDefinition matched: media-api
2024-11-27 14:00:50,314 DEBUG [Nacos-Watch-Task-Scheduler-1][RouteDefinitionRouteLocator.java:271] - RouteDefinition search-service applying {_genkey_0=/search/**} to Path
2024-11-27 14:00:50,314 DEBUG [Nacos-Watch-Task-Scheduler-1][RouteDefinitionRouteLocator.java:271] - RouteDefinition search-service applying {_genkey_0=/search/**} to Path
2024-11-27 14:00:50,314 DEBUG [Nacos-Watch-Task-Scheduler-1][RouteDefinitionRouteLocator.java:162] - RouteDefinition matched: search-service
2024-11-27 14:00:50,314 DEBUG [Nacos-Watch-Task-Scheduler-1][RouteDefinitionRouteLocator.java:162] - RouteDefinition matched: search-service
2024-11-27 14:00:50,314 DEBUG [Nacos-Watch-Task-Scheduler-1][RouteDefinitionRouteLocator.java:271] - RouteDefinition auth-service applying {_genkey_0=/auth/**} to Path
2024-11-27 14:00:50,314 DEBUG [Nacos-Watch-Task-Scheduler-1][RouteDefinitionRouteLocator.java:271] - RouteDefinition auth-service applying {_genkey_0=/auth/**} to Path
2024-11-27 14:00:50,314 DEBUG [Nacos-Watch-Task-Scheduler-1][RouteDefinitionRouteLocator.java:162] - RouteDefinition matched: auth-service
2024-11-27 14:00:50,314 DEBUG [Nacos-Watch-Task-Scheduler-1][RouteDefinitionRouteLocator.java:162] - RouteDefinition matched: auth-service
2024-11-27 14:00:50,314 DEBUG [Nacos-Watch-Task-Scheduler-1][RouteDefinitionRouteLocator.java:271] - RouteDefinition checkcode applying {_genkey_0=/checkcode/**} to Path
2024-11-27 14:00:50,314 DEBUG [Nacos-Watch-Task-Scheduler-1][RouteDefinitionRouteLocator.java:271] - RouteDefinition checkcode applying {_genkey_0=/checkcode/**} to Path
2024-11-27 14:00:50,315 DEBUG [Nacos-Watch-Task-Scheduler-1][RouteDefinitionRouteLocator.java:162] - RouteDefinition matched: checkcode
2024-11-27 14:00:50,315 DEBUG [Nacos-Watch-Task-Scheduler-1][RouteDefinitionRouteLocator.java:162] - RouteDefinition matched: checkcode
2024-11-27 14:00:50,315 DEBUG [Nacos-Watch-Task-Scheduler-1][RouteDefinitionRouteLocator.java:271] - RouteDefinition learning-api applying {_genkey_0=/learning/**} to Path
2024-11-27 14:00:50,315 DEBUG [Nacos-Watch-Task-Scheduler-1][RouteDefinitionRouteLocator.java:271] - RouteDefinition learning-api applying {_genkey_0=/learning/**} to Path
2024-11-27 14:00:50,315 DEBUG [Nacos-Watch-Task-Scheduler-1][RouteDefinitionRouteLocator.java:162] - RouteDefinition matched: learning-api
2024-11-27 14:00:50,315 DEBUG [Nacos-Watch-Task-Scheduler-1][RouteDefinitionRouteLocator.java:162] - RouteDefinition matched: learning-api
2024-11-27 14:00:50,315 DEBUG [Nacos-Watch-Task-Scheduler-1][RouteDefinitionRouteLocator.java:271] - RouteDefinition orders-api applying {_genkey_0=/orders/**} to Path
2024-11-27 14:00:50,315 DEBUG [Nacos-Watch-Task-Scheduler-1][RouteDefinitionRouteLocator.java:271] - RouteDefinition orders-api applying {_genkey_0=/orders/**} to Path
2024-11-27 14:00:50,315 DEBUG [Nacos-Watch-Task-Scheduler-1][RouteDefinitionRouteLocator.java:162] - RouteDefinition matched: orders-api
2024-11-27 14:00:50,315 DEBUG [Nacos-Watch-Task-Scheduler-1][RouteDefinitionRouteLocator.java:162] - RouteDefinition matched: orders-api
2024-11-27 14:01:03,471 DEBUG [HikariPool-1 housekeeper][HikariPool.java:421] - HikariPool-1 - Pool stats (total=10, active=0, idle=10, waiting=0)
2024-11-27 14:01:03,471 DEBUG [HikariPool-1 housekeeper][HikariPool.java:421] - HikariPool-1 - Pool stats (total=10, active=0, idle=10, waiting=0)
2024-11-27 14:01:03,471 DEBUG [HikariPool-1 housekeeper][HikariPool.java:517] - HikariPool-1 - Fill pool skipped, pool is at sufficient level.
2024-11-27 14:01:03,471 DEBUG [HikariPool-1 housekeeper][HikariPool.java:517] - HikariPool-1 - Fill pool skipped, pool is at sufficient level.
2024-11-27 14:01:20,323 DEBUG [Nacos-Watch-Task-Scheduler-1][RouteDefinitionRouteLocator.java:271] - RouteDefinition content-api applying {_genkey_0=/content/**} to Path
2024-11-27 14:01:20,323 DEBUG [Nacos-Watch-Task-Scheduler-1][RouteDefinitionRouteLocator.java:271] - RouteDefinition content-api applying {_genkey_0=/content/**} to Path
2024-11-27 14:01:20,324 DEBUG [Nacos-Watch-Task-Scheduler-1][RouteDefinitionRouteLocator.java:162] - RouteDefinition matched: content-api
2024-11-27 14:01:20,324 DEBUG [Nacos-Watch-Task-Scheduler-1][RouteDefinitionRouteLocator.java:162] - RouteDefinition matched: content-api
2024-11-27 14:01:20,324 DEBUG [Nacos-Watch-Task-Scheduler-1][RouteDefinitionRouteLocator.java:271] - RouteDefinition system-api applying {_genkey_0=/system/**} to Path
2024-11-27 14:01:20,324 DEBUG [Nacos-Watch-Task-Scheduler-1][RouteDefinitionRouteLocator.java:271] - RouteDefinition system-api applying {_genkey_0=/system/**} to Path
2024-11-27 14:01:20,325 DEBUG [Nacos-Watch-Task-Scheduler-1][RouteDefinitionRouteLocator.java:162] - RouteDefinition matched: system-api
2024-11-27 14:01:20,325 DEBUG [Nacos-Watch-Task-Scheduler-1][RouteDefinitionRouteLocator.java:162] - RouteDefinition matched: system-api
2024-11-27 14:01:20,325 DEBUG [Nacos-Watch-Task-Scheduler-1][RouteDefinitionRouteLocator.java:271] - RouteDefinition media-api applying {_genkey_0=/media/**} to Path
2024-11-27 14:01:20,325 DEBUG [Nacos-Watch-Task-Scheduler-1][RouteDefinitionRouteLocator.java:271] - RouteDefinition media-api applying {_genkey_0=/media/**} to Path
2024-11-27 14:01:20,325 DEBUG [Nacos-Watch-Task-Scheduler-1][RouteDefinitionRouteLocator.java:162] - RouteDefinition matched: media-api
2024-11-27 14:01:20,325 DEBUG [Nacos-Watch-Task-Scheduler-1][RouteDefinitionRouteLocator.java:162] - RouteDefinition matched: media-api
2024-11-27 14:01:20,326 DEBUG [Nacos-Watch-Task-Scheduler-1][RouteDefinitionRouteLocator.java:271] - RouteDefinition search-service applying {_genkey_0=/search/**} to Path
2024-11-27 14:01:20,326 DEBUG [Nacos-Watch-Task-Scheduler-1][RouteDefinitionRouteLocator.java:271] - RouteDefinition search-service applying {_genkey_0=/search/**} to Path
2024-11-27 14:01:20,326 DEBUG [Nacos-Watch-Task-Scheduler-1][RouteDefinitionRouteLocator.java:162] - RouteDefinition matched: search-service
2024-11-27 14:01:20,326 DEBUG [Nacos-Watch-Task-Scheduler-1][RouteDefinitionRouteLocator.java:162] - RouteDefinition matched: search-service
2024-11-27 14:01:20,326 DEBUG [Nacos-Watch-Task-Scheduler-1][RouteDefinitionRouteLocator.java:271] - RouteDefinition auth-service applying {_genkey_0=/auth/**} to Path
2024-11-27 14:01:20,326 DEBUG [Nacos-Watch-Task-Scheduler-1][RouteDefinitionRouteLocator.java:271] - RouteDefinition auth-service applying {_genkey_0=/auth/**} to Path
2024-11-27 14:01:20,326 DEBUG [Nacos-Watch-Task-Scheduler-1][RouteDefinitionRouteLocator.java:162] - RouteDefinition matched: auth-service
2024-11-27 14:01:20,326 DEBUG [Nacos-Watch-Task-Scheduler-1][RouteDefinitionRouteLocator.java:162] - RouteDefinition matched: auth-service
2024-11-27 14:01:20,326 DEBUG [Nacos-Watch-Task-Scheduler-1][RouteDefinitionRouteLocator.java:271] - RouteDefinition checkcode applying {_genkey_0=/checkcode/**} to Path
2024-11-27 14:01:20,326 DEBUG [Nacos-Watch-Task-Scheduler-1][RouteDefinitionRouteLocator.java:271] - RouteDefinition checkcode applying {_genkey_0=/checkcode/**} to Path
2024-11-27 14:01:20,327 DEBUG [Nacos-Watch-Task-Scheduler-1][RouteDefinitionRouteLocator.java:162] - RouteDefinition matched: checkcode
2024-11-27 14:01:20,327 DEBUG [Nacos-Watch-Task-Scheduler-1][RouteDefinitionRouteLocator.java:162] - RouteDefinition matched: checkcode
2024-11-27 14:01:20,327 DEBUG [Nacos-Watch-Task-Scheduler-1][RouteDefinitionRouteLocator.java:271] - RouteDefinition learning-api applying {_genkey_0=/learning/**} to Path
2024-11-27 14:01:20,327 DEBUG [Nacos-Watch-Task-Scheduler-1][RouteDefinitionRouteLocator.java:271] - RouteDefinition learning-api applying {_genkey_0=/learning/**} to Path
2024-11-27 14:01:20,327 DEBUG [Nacos-Watch-Task-Scheduler-1][RouteDefinitionRouteLocator.java:162] - RouteDefinition matched: learning-api
2024-11-27 14:01:20,327 DEBUG [Nacos-Watch-Task-Scheduler-1][RouteDefinitionRouteLocator.java:162] - RouteDefinition matched: learning-api
2024-11-27 14:01:20,327 DEBUG [Nacos-Watch-Task-Scheduler-1][RouteDefinitionRouteLocator.java:271] - RouteDefinition orders-api applying {_genkey_0=/orders/**} to Path
2024-11-27 14:01:20,327 DEBUG [Nacos-Watch-Task-Scheduler-1][RouteDefinitionRouteLocator.java:271] - RouteDefinition orders-api applying {_genkey_0=/orders/**} to Path
2024-11-27 14:01:20,328 DEBUG [Nacos-Watch-Task-Scheduler-1][RouteDefinitionRouteLocator.java:162] - RouteDefinition matched: orders-api
2024-11-27 14:01:20,328 DEBUG [Nacos-Watch-Task-Scheduler-1][RouteDefinitionRouteLocator.java:162] - RouteDefinition matched: orders-api
2024-11-27 14:01:33,478 DEBUG [HikariPool-1 housekeeper][HikariPool.java:421] - HikariPool-1 - Pool stats (total=10, active=0, idle=10, waiting=0)
2024-11-27 14:01:33,478 DEBUG [HikariPool-1 housekeeper][HikariPool.java:421] - HikariPool-1 - Pool stats (total=10, active=0, idle=10, waiting=0)
2024-11-27 14:01:33,478 DEBUG [HikariPool-1 housekeeper][HikariPool.java:517] - HikariPool-1 - Fill pool skipped, pool is at sufficient level.
2024-11-27 14:01:33,478 DEBUG [HikariPool-1 housekeeper][HikariPool.java:517] - HikariPool-1 - Fill pool skipped, pool is at sufficient level.
2024-11-27 14:01:50,335 DEBUG [Nacos-Watch-Task-Scheduler-1][RouteDefinitionRouteLocator.java:271] - RouteDefinition content-api applying {_genkey_0=/content/**} to Path
2024-11-27 14:01:50,335 DEBUG [Nacos-Watch-Task-Scheduler-1][RouteDefinitionRouteLocator.java:271] - RouteDefinition content-api applying {_genkey_0=/content/**} to Path
2024-11-27 14:01:50,336 DEBUG [Nacos-Watch-Task-Scheduler-1][RouteDefinitionRouteLocator.java:162] - RouteDefinition matched: content-api
2024-11-27 14:01:50,336 DEBUG [Nacos-Watch-Task-Scheduler-1][RouteDefinitionRouteLocator.java:162] - RouteDefinition matched: content-api
2024-11-27 14:01:50,337 DEBUG [Nacos-Watch-Task-Scheduler-1][RouteDefinitionRouteLocator.java:271] - RouteDefinition system-api applying {_genkey_0=/system/**} to Path
2024-11-27 14:01:50,337 DEBUG [Nacos-Watch-Task-Scheduler-1][RouteDefinitionRouteLocator.java:271] - RouteDefinition system-api applying {_genkey_0=/system/**} to Path
2024-11-27 14:01:50,337 DEBUG [Nacos-Watch-Task-Scheduler-1][RouteDefinitionRouteLocator.java:162] - RouteDefinition matched: system-api
2024-11-27 14:01:50,337 DEBUG [Nacos-Watch-Task-Scheduler-1][RouteDefinitionRouteLocator.java:162] - RouteDefinition matched: system-api
2024-11-27 14:01:50,337 DEBUG [Nacos-Watch-Task-Scheduler-1][RouteDefinitionRouteLocator.java:271] - RouteDefinition media-api applying {_genkey_0=/media/**} to Path
2024-11-27 14:01:50,337 DEBUG [Nacos-Watch-Task-Scheduler-1][RouteDefinitionRouteLocator.java:271] - RouteDefinition media-api applying {_genkey_0=/media/**} to Path
2024-11-27 14:01:50,338 DEBUG [Nacos-Watch-Task-Scheduler-1][RouteDefinitionRouteLocator.java:162] - RouteDefinition matched: media-api
2024-11-27 14:01:50,338 DEBUG [Nacos-Watch-Task-Scheduler-1][RouteDefinitionRouteLocator.java:162] - RouteDefinition matched: media-api
2024-11-27 14:01:50,338 DEBUG [Nacos-Watch-Task-Scheduler-1][RouteDefinitionRouteLocator.java:271] - RouteDefinition search-service applying {_genkey_0=/search/**} to Path
2024-11-27 14:01:50,338 DEBUG [Nacos-Watch-Task-Scheduler-1][RouteDefinitionRouteLocator.java:271] - RouteDefinition search-service applying {_genkey_0=/search/**} to Path
2024-11-27 14:01:50,339 DEBUG [Nacos-Watch-Task-Scheduler-1][RouteDefinitionRouteLocator.java:162] - RouteDefinition matched: search-service
2024-11-27 14:01:50,339 DEBUG [Nacos-Watch-Task-Scheduler-1][RouteDefinitionRouteLocator.java:162] - RouteDefinition matched: search-service
2024-11-27 14:01:50,339 DEBUG [Nacos-Watch-Task-Scheduler-1][RouteDefinitionRouteLocator.java:271] - RouteDefinition auth-service applying {_genkey_0=/auth/**} to Path
2024-11-27 14:01:50,339 DEBUG [Nacos-Watch-Task-Scheduler-1][RouteDefinitionRouteLocator.java:271] - RouteDefinition auth-service applying {_genkey_0=/auth/**} to Path
2024-11-27 14:01:50,339 DEBUG [Nacos-Watch-Task-Scheduler-1][RouteDefinitionRouteLocator.java:162] - RouteDefinition matched: auth-service
2024-11-27 14:01:50,339 DEBUG [Nacos-Watch-Task-Scheduler-1][RouteDefinitionRouteLocator.java:162] - RouteDefinition matched: auth-service
2024-11-27 14:01:50,339 DEBUG [Nacos-Watch-Task-Scheduler-1][RouteDefinitionRouteLocator.java:271] - RouteDefinition checkcode applying {_genkey_0=/checkcode/**} to Path
2024-11-27 14:01:50,339 DEBUG [Nacos-Watch-Task-Scheduler-1][RouteDefinitionRouteLocator.java:271] - RouteDefinition checkcode applying {_genkey_0=/checkcode/**} to Path
2024-11-27 14:01:50,340 DEBUG [Nacos-Watch-Task-Scheduler-1][RouteDefinitionRouteLocator.java:162] - RouteDefinition matched: checkcode
2024-11-27 14:01:50,340 DEBUG [Nacos-Watch-Task-Scheduler-1][RouteDefinitionRouteLocator.java:162] - RouteDefinition matched: checkcode
2024-11-27 14:01:50,340 DEBUG [Nacos-Watch-Task-Scheduler-1][RouteDefinitionRouteLocator.java:271] - RouteDefinition learning-api applying {_genkey_0=/learning/**} to Path
2024-11-27 14:01:50,340 DEBUG [Nacos-Watch-Task-Scheduler-1][RouteDefinitionRouteLocator.java:271] - RouteDefinition learning-api applying {_genkey_0=/learning/**} to Path
2024-11-27 14:01:50,340 DEBUG [Nacos-Watch-Task-Scheduler-1][RouteDefinitionRouteLocator.java:162] - RouteDefinition matched: learning-api
2024-11-27 14:01:50,340 DEBUG [Nacos-Watch-Task-Scheduler-1][RouteDefinitionRouteLocator.java:162] - RouteDefinition matched: learning-api
2024-11-27 14:01:50,340 DEBUG [Nacos-Watch-Task-Scheduler-1][RouteDefinitionRouteLocator.java:271] - RouteDefinition orders-api applying {_genkey_0=/orders/**} to Path
2024-11-27 14:01:50,340 DEBUG [Nacos-Watch-Task-Scheduler-1][RouteDefinitionRouteLocator.java:271] - RouteDefinition orders-api applying {_genkey_0=/orders/**} to Path
2024-11-27 14:01:50,340 DEBUG [Nacos-Watch-Task-Scheduler-1][RouteDefinitionRouteLocator.java:162] - RouteDefinition matched: orders-api
2024-11-27 14:01:50,340 DEBUG [Nacos-Watch-Task-Scheduler-1][RouteDefinitionRouteLocator.java:162] - RouteDefinition matched: orders-api
2024-11-27 14:02:03,490 DEBUG [HikariPool-1 housekeeper][HikariPool.java:421] - HikariPool-1 - Pool stats (total=10, active=0, idle=10, waiting=0)
2024-11-27 14:02:03,490 DEBUG [HikariPool-1 housekeeper][HikariPool.java:421] - HikariPool-1 - Pool stats (total=10, active=0, idle=10, waiting=0)
2024-11-27 14:02:03,490 DEBUG [HikariPool-1 housekeeper][HikariPool.java:517] - HikariPool-1 - Fill pool skipped, pool is at sufficient level.
2024-11-27 14:02:03,490 DEBUG [HikariPool-1 housekeeper][HikariPool.java:517] - HikariPool-1 - Fill pool skipped, pool is at sufficient level.
2024-11-27 14:02:20,344 DEBUG [Nacos-Watch-Task-Scheduler-1][RouteDefinitionRouteLocator.java:271] - RouteDefinition content-api applying {_genkey_0=/content/**} to Path
2024-11-27 14:02:20,344 DEBUG [Nacos-Watch-Task-Scheduler-1][RouteDefinitionRouteLocator.java:271] - RouteDefinition content-api applying {_genkey_0=/content/**} to Path
2024-11-27 14:02:20,345 DEBUG [Nacos-Watch-Task-Scheduler-1][RouteDefinitionRouteLocator.java:162] - RouteDefinition matched: content-api
2024-11-27 14:02:20,345 DEBUG [Nacos-Watch-Task-Scheduler-1][RouteDefinitionRouteLocator.java:162] - RouteDefinition matched: content-api
2024-11-27 14:02:20,345 DEBUG [Nacos-Watch-Task-Scheduler-1][RouteDefinitionRouteLocator.java:271] - RouteDefinition system-api applying {_genkey_0=/system/**} to Path
2024-11-27 14:02:20,345 DEBUG [Nacos-Watch-Task-Scheduler-1][RouteDefinitionRouteLocator.java:271] - RouteDefinition system-api applying {_genkey_0=/system/**} to Path
2024-11-27 14:02:20,346 DEBUG [Nacos-Watch-Task-Scheduler-1][RouteDefinitionRouteLocator.java:162] - RouteDefinition matched: system-api
2024-11-27 14:02:20,346 DEBUG [Nacos-Watch-Task-Scheduler-1][RouteDefinitionRouteLocator.java:162] - RouteDefinition matched: system-api
2024-11-27 14:02:20,346 DEBUG [Nacos-Watch-Task-Scheduler-1][RouteDefinitionRouteLocator.java:271] - RouteDefinition media-api applying {_genkey_0=/media/**} to Path
2024-11-27 14:02:20,346 DEBUG [Nacos-Watch-Task-Scheduler-1][RouteDefinitionRouteLocator.java:271] - RouteDefinition media-api applying {_genkey_0=/media/**} to Path
2024-11-27 14:02:20,347 DEBUG [Nacos-Watch-Task-Scheduler-1][RouteDefinitionRouteLocator.java:162] - RouteDefinition matched: media-api
2024-11-27 14:02:20,347 DEBUG [Nacos-Watch-Task-Scheduler-1][RouteDefinitionRouteLocator.java:162] - RouteDefinition matched: media-api
2024-11-27 14:02:20,347 DEBUG [Nacos-Watch-Task-Scheduler-1][RouteDefinitionRouteLocator.java:271] - RouteDefinition search-service applying {_genkey_0=/search/**} to Path
2024-11-27 14:02:20,347 DEBUG [Nacos-Watch-Task-Scheduler-1][RouteDefinitionRouteLocator.java:271] - RouteDefinition search-service applying {_genkey_0=/search/**} to Path
2024-11-27 14:02:20,347 DEBUG [Nacos-Watch-Task-Scheduler-1][RouteDefinitionRouteLocator.java:162] - RouteDefinition matched: search-service
2024-11-27 14:02:20,347 DEBUG [Nacos-Watch-Task-Scheduler-1][RouteDefinitionRouteLocator.java:162] - RouteDefinition matched: search-service
2024-11-27 14:02:20,348 DEBUG [Nacos-Watch-Task-Scheduler-1][RouteDefinitionRouteLocator.java:271] - RouteDefinition auth-service applying {_genkey_0=/auth/**} to Path
2024-11-27 14:02:20,348 DEBUG [Nacos-Watch-Task-Scheduler-1][RouteDefinitionRouteLocator.java:271] - RouteDefinition auth-service applying {_genkey_0=/auth/**} to Path
2024-11-27 14:02:20,348 DEBUG [Nacos-Watch-Task-Scheduler-1][RouteDefinitionRouteLocator.java:162] - RouteDefinition matched: auth-service
2024-11-27 14:02:20,348 DEBUG [Nacos-Watch-Task-Scheduler-1][RouteDefinitionRouteLocator.java:162] - RouteDefinition matched: auth-service
2024-11-27 14:02:20,348 DEBUG [Nacos-Watch-Task-Scheduler-1][RouteDefinitionRouteLocator.java:271] - RouteDefinition checkcode applying {_genkey_0=/checkcode/**} to Path
2024-11-27 14:02:20,348 DEBUG [Nacos-Watch-Task-Scheduler-1][RouteDefinitionRouteLocator.java:271] - RouteDefinition checkcode applying {_genkey_0=/checkcode/**} to Path
2024-11-27 14:02:20,349 DEBUG [Nacos-Watch-Task-Scheduler-1][RouteDefinitionRouteLocator.java:162] - RouteDefinition matched: checkcode
2024-11-27 14:02:20,349 DEBUG [Nacos-Watch-Task-Scheduler-1][RouteDefinitionRouteLocator.java:162] - RouteDefinition matched: checkcode
2024-11-27 14:02:20,349 DEBUG [Nacos-Watch-Task-Scheduler-1][RouteDefinitionRouteLocator.java:271] - RouteDefinition learning-api applying {_genkey_0=/learning/**} to Path
2024-11-27 14:02:20,349 DEBUG [Nacos-Watch-Task-Scheduler-1][RouteDefinitionRouteLocator.java:271] - RouteDefinition learning-api applying {_genkey_0=/learning/**} to Path
2024-11-27 14:02:20,350 DEBUG [Nacos-Watch-Task-Scheduler-1][RouteDefinitionRouteLocator.java:162] - RouteDefinition matched: learning-api
2024-11-27 14:02:20,350 DEBUG [Nacos-Watch-Task-Scheduler-1][RouteDefinitionRouteLocator.java:162] - RouteDefinition matched: learning-api
2024-11-27 14:02:20,350 DEBUG [Nacos-Watch-Task-Scheduler-1][RouteDefinitionRouteLocator.java:271] - RouteDefinition orders-api applying {_genkey_0=/orders/**} to Path
2024-11-27 14:02:20,350 DEBUG [Nacos-Watch-Task-Scheduler-1][RouteDefinitionRouteLocator.java:271] - RouteDefinition orders-api applying {_genkey_0=/orders/**} to Path
2024-11-27 14:02:20,350 DEBUG [Nacos-Watch-Task-Scheduler-1][RouteDefinitionRouteLocator.java:162] - RouteDefinition matched: orders-api
2024-11-27 14:02:20,350 DEBUG [Nacos-Watch-Task-Scheduler-1][RouteDefinitionRouteLocator.java:162] - RouteDefinition matched: orders-api
2024-11-27 14:02:33,494 DEBUG [HikariPool-1 housekeeper][HikariPool.java:421] - HikariPool-1 - Pool stats (total=10, active=0, idle=10, waiting=0)
2024-11-27 14:02:33,494 DEBUG [HikariPool-1 housekeeper][HikariPool.java:421] - HikariPool-1 - Pool stats (total=10, active=0, idle=10, waiting=0)
2024-11-27 14:02:33,494 DEBUG [HikariPool-1 housekeeper][HikariPool.java:517] - HikariPool-1 - Fill pool skipped, pool is at sufficient level.
2024-11-27 14:02:33,494 DEBUG [HikariPool-1 housekeeper][HikariPool.java:517] - HikariPool-1 - Fill pool skipped, pool is at sufficient level.
2024-11-27 14:02:50,364 DEBUG [Nacos-Watch-Task-Scheduler-1][RouteDefinitionRouteLocator.java:271] - RouteDefinition content-api applying {_genkey_0=/content/**} to Path
2024-11-27 14:02:50,364 DEBUG [Nacos-Watch-Task-Scheduler-1][RouteDefinitionRouteLocator.java:271] - RouteDefinition content-api applying {_genkey_0=/content/**} to Path
2024-11-27 14:02:50,365 DEBUG [Nacos-Watch-Task-Scheduler-1][RouteDefinitionRouteLocator.java:162] - RouteDefinition matched: content-api
2024-11-27 14:02:50,365 DEBUG [Nacos-Watch-Task-Scheduler-1][RouteDefinitionRouteLocator.java:162] - RouteDefinition matched: content-api
2024-11-27 14:02:50,365 DEBUG [Nacos-Watch-Task-Scheduler-1][RouteDefinitionRouteLocator.java:271] - RouteDefinition system-api applying {_genkey_0=/system/**} to Path
2024-11-27 14:02:50,365 DEBUG [Nacos-Watch-Task-Scheduler-1][RouteDefinitionRouteLocator.java:271] - RouteDefinition system-api applying {_genkey_0=/system/**} to Path
2024-11-27 14:02:50,366 DEBUG [Nacos-Watch-Task-Scheduler-1][RouteDefinitionRouteLocator.java:162] - RouteDefinition matched: system-api
2024-11-27 14:02:50,366 DEBUG [Nacos-Watch-Task-Scheduler-1][RouteDefinitionRouteLocator.java:162] - RouteDefinition matched: system-api
2024-11-27 14:02:50,367 DEBUG [Nacos-Watch-Task-Scheduler-1][RouteDefinitionRouteLocator.java:271] - RouteDefinition media-api applying {_genkey_0=/media/**} to Path
2024-11-27 14:02:50,367 DEBUG [Nacos-Watch-Task-Scheduler-1][RouteDefinitionRouteLocator.java:271] - RouteDefinition media-api applying {_genkey_0=/media/**} to Path
2024-11-27 14:02:50,367 DEBUG [Nacos-Watch-Task-Scheduler-1][RouteDefinitionRouteLocator.java:162] - RouteDefinition matched: media-api
2024-11-27 14:02:50,367 DEBUG [Nacos-Watch-Task-Scheduler-1][RouteDefinitionRouteLocator.java:162] - RouteDefinition matched: media-api
2024-11-27 14:02:50,368 DEBUG [Nacos-Watch-Task-Scheduler-1][RouteDefinitionRouteLocator.java:271] - RouteDefinition search-service applying {_genkey_0=/search/**} to Path
2024-11-27 14:02:50,368 DEBUG [Nacos-Watch-Task-Scheduler-1][RouteDefinitionRouteLocator.java:271] - RouteDefinition search-service applying {_genkey_0=/search/**} to Path
2024-11-27 14:02:50,368 DEBUG [Nacos-Watch-Task-Scheduler-1][RouteDefinitionRouteLocator.java:162] - RouteDefinition matched: search-service
2024-11-27 14:02:50,368 DEBUG [Nacos-Watch-Task-Scheduler-1][RouteDefinitionRouteLocator.java:162] - RouteDefinition matched: search-service
2024-11-27 14:02:50,368 DEBUG [Nacos-Watch-Task-Scheduler-1][RouteDefinitionRouteLocator.java:271] - RouteDefinition auth-service applying {_genkey_0=/auth/**} to Path
2024-11-27 14:02:50,368 DEBUG [Nacos-Watch-Task-Scheduler-1][RouteDefinitionRouteLocator.java:271] - RouteDefinition auth-service applying {_genkey_0=/auth/**} to Path
2024-11-27 14:02:50,369 DEBUG [Nacos-Watch-Task-Scheduler-1][RouteDefinitionRouteLocator.java:162] - RouteDefinition matched: auth-service
2024-11-27 14:02:50,369 DEBUG [Nacos-Watch-Task-Scheduler-1][RouteDefinitionRouteLocator.java:162] - RouteDefinition matched: auth-service
2024-11-27 14:02:50,369 DEBUG [Nacos-Watch-Task-Scheduler-1][RouteDefinitionRouteLocator.java:271] - RouteDefinition checkcode applying {_genkey_0=/checkcode/**} to Path
2024-11-27 14:02:50,369 DEBUG [Nacos-Watch-Task-Scheduler-1][RouteDefinitionRouteLocator.java:271] - RouteDefinition checkcode applying {_genkey_0=/checkcode/**} to Path
2024-11-27 14:02:50,369 DEBUG [Nacos-Watch-Task-Scheduler-1][RouteDefinitionRouteLocator.java:162] - RouteDefinition matched: checkcode
2024-11-27 14:02:50,369 DEBUG [Nacos-Watch-Task-Scheduler-1][RouteDefinitionRouteLocator.java:271] - RouteDefinition learning-api applying {_genkey_0=/learning/**} to Path
2024-11-27 14:02:50,369 DEBUG [Nacos-Watch-Task-Scheduler-1][RouteDefinitionRouteLocator.java:162] - RouteDefinition matched: checkcode
2024-11-27 14:02:50,369 DEBUG [Nacos-Watch-Task-Scheduler-1][RouteDefinitionRouteLocator.java:271] - RouteDefinition learning-api applying {_genkey_0=/learning/**} to Path
2024-11-27 14:02:50,370 DEBUG [Nacos-Watch-Task-Scheduler-1][RouteDefinitionRouteLocator.java:162] - RouteDefinition matched: learning-api
2024-11-27 14:02:50,370 DEBUG [Nacos-Watch-Task-Scheduler-1][RouteDefinitionRouteLocator.java:162] - RouteDefinition matched: learning-api
2024-11-27 14:02:50,370 DEBUG [Nacos-Watch-Task-Scheduler-1][RouteDefinitionRouteLocator.java:271] - RouteDefinition orders-api applying {_genkey_0=/orders/**} to Path
2024-11-27 14:02:50,370 DEBUG [Nacos-Watch-Task-Scheduler-1][RouteDefinitionRouteLocator.java:271] - RouteDefinition orders-api applying {_genkey_0=/orders/**} to Path
2024-11-27 14:02:50,370 DEBUG [Nacos-Watch-Task-Scheduler-1][RouteDefinitionRouteLocator.java:162] - RouteDefinition matched: orders-api
2024-11-27 14:02:50,370 DEBUG [Nacos-Watch-Task-Scheduler-1][RouteDefinitionRouteLocator.java:162] - RouteDefinition matched: orders-api
2024-11-27 14:03:03,503 DEBUG [HikariPool-1 housekeeper][HikariPool.java:421] - HikariPool-1 - Pool stats (total=10, active=0, idle=10, waiting=0)
2024-11-27 14:03:03,503 DEBUG [HikariPool-1 housekeeper][HikariPool.java:421] - HikariPool-1 - Pool stats (total=10, active=0, idle=10, waiting=0)
2024-11-27 14:03:03,503 DEBUG [HikariPool-1 housekeeper][HikariPool.java:517] - HikariPool-1 - Fill pool skipped, pool is at sufficient level.
2024-11-27 14:03:03,503 DEBUG [HikariPool-1 housekeeper][HikariPool.java:517] - HikariPool-1 - Fill pool skipped, pool is at sufficient level.
2024-11-27 14:03:20,374 DEBUG [Nacos-Watch-Task-Scheduler-1][RouteDefinitionRouteLocator.java:271] - RouteDefinition content-api applying {_genkey_0=/content/**} to Path
2024-11-27 14:03:20,374 DEBUG [Nacos-Watch-Task-Scheduler-1][RouteDefinitionRouteLocator.java:271] - RouteDefinition content-api applying {_genkey_0=/content/**} to Path
2024-11-27 14:03:20,375 DEBUG [Nacos-Watch-Task-Scheduler-1][RouteDefinitionRouteLocator.java:162] - RouteDefinition matched: content-api
2024-11-27 14:03:20,375 DEBUG [Nacos-Watch-Task-Scheduler-1][RouteDefinitionRouteLocator.java:162] - RouteDefinition matched: content-api
2024-11-27 14:03:20,375 DEBUG [Nacos-Watch-Task-Scheduler-1][RouteDefinitionRouteLocator.java:271] - RouteDefinition system-api applying {_genkey_0=/system/**} to Path
2024-11-27 14:03:20,375 DEBUG [Nacos-Watch-Task-Scheduler-1][RouteDefinitionRouteLocator.java:271] - RouteDefinition system-api applying {_genkey_0=/system/**} to Path
2024-11-27 14:03:20,376 DEBUG [Nacos-Watch-Task-Scheduler-1][RouteDefinitionRouteLocator.java:162] - RouteDefinition matched: system-api
2024-11-27 14:03:20,376 DEBUG [Nacos-Watch-Task-Scheduler-1][RouteDefinitionRouteLocator.java:162] - RouteDefinition matched: system-api
2024-11-27 14:03:20,376 DEBUG [Nacos-Watch-Task-Scheduler-1][RouteDefinitionRouteLocator.java:271] - RouteDefinition media-api applying {_genkey_0=/media/**} to Path
2024-11-27 14:03:20,376 DEBUG [Nacos-Watch-Task-Scheduler-1][RouteDefinitionRouteLocator.java:271] - RouteDefinition media-api applying {_genkey_0=/media/**} to Path
2024-11-27 14:03:20,377 DEBUG [Nacos-Watch-Task-Scheduler-1][RouteDefinitionRouteLocator.java:162] - RouteDefinition matched: media-api
2024-11-27 14:03:20,377 DEBUG [Nacos-Watch-Task-Scheduler-1][RouteDefinitionRouteLocator.java:162] - RouteDefinition matched: media-api
2024-11-27 14:03:20,377 DEBUG [Nacos-Watch-Task-Scheduler-1][RouteDefinitionRouteLocator.java:271] - RouteDefinition search-service applying {_genkey_0=/search/**} to Path
2024-11-27 14:03:20,377 DEBUG [Nacos-Watch-Task-Scheduler-1][RouteDefinitionRouteLocator.java:271] - RouteDefinition search-service applying {_genkey_0=/search/**} to Path
2024-11-27 14:03:20,377 DEBUG [Nacos-Watch-Task-Scheduler-1][RouteDefinitionRouteLocator.java:162] - RouteDefinition matched: search-service
2024-11-27 14:03:20,377 DEBUG [Nacos-Watch-Task-Scheduler-1][RouteDefinitionRouteLocator.java:162] - RouteDefinition matched: search-service
2024-11-27 14:03:20,377 DEBUG [Nacos-Watch-Task-Scheduler-1][RouteDefinitionRouteLocator.java:271] - RouteDefinition auth-service applying {_genkey_0=/auth/**} to Path
2024-11-27 14:03:20,377 DEBUG [Nacos-Watch-Task-Scheduler-1][RouteDefinitionRouteLocator.java:271] - RouteDefinition auth-service applying {_genkey_0=/auth/**} to Path
2024-11-27 14:03:20,378 DEBUG [Nacos-Watch-Task-Scheduler-1][RouteDefinitionRouteLocator.java:162] - RouteDefinition matched: auth-service
2024-11-27 14:03:20,378 DEBUG [Nacos-Watch-Task-Scheduler-1][RouteDefinitionRouteLocator.java:162] - RouteDefinition matched: auth-service
2024-11-27 14:03:20,378 DEBUG [Nacos-Watch-Task-Scheduler-1][RouteDefinitionRouteLocator.java:271] - RouteDefinition checkcode applying {_genkey_0=/checkcode/**} to Path
2024-11-27 14:03:20,378 DEBUG [Nacos-Watch-Task-Scheduler-1][RouteDefinitionRouteLocator.java:271] - RouteDefinition checkcode applying {_genkey_0=/checkcode/**} to Path
2024-11-27 14:03:20,379 DEBUG [Nacos-Watch-Task-Scheduler-1][RouteDefinitionRouteLocator.java:162] - RouteDefinition matched: checkcode
2024-11-27 14:03:20,379 DEBUG [Nacos-Watch-Task-Scheduler-1][RouteDefinitionRouteLocator.java:162] - RouteDefinition matched: checkcode
2024-11-27 14:03:20,379 DEBUG [Nacos-Watch-Task-Scheduler-1][RouteDefinitionRouteLocator.java:271] - RouteDefinition learning-api applying {_genkey_0=/learning/**} to Path
2024-11-27 14:03:20,379 DEBUG [Nacos-Watch-Task-Scheduler-1][RouteDefinitionRouteLocator.java:271] - RouteDefinition learning-api applying {_genkey_0=/learning/**} to Path
2024-11-27 14:03:20,379 DEBUG [Nacos-Watch-Task-Scheduler-1][RouteDefinitionRouteLocator.java:162] - RouteDefinition matched: learning-api
2024-11-27 14:03:20,379 DEBUG [Nacos-Watch-Task-Scheduler-1][RouteDefinitionRouteLocator.java:271] - RouteDefinition orders-api applying {_genkey_0=/orders/**} to Path
2024-11-27 14:03:20,379 DEBUG [Nacos-Watch-Task-Scheduler-1][RouteDefinitionRouteLocator.java:162] - RouteDefinition matched: learning-api
2024-11-27 14:03:20,379 DEBUG [Nacos-Watch-Task-Scheduler-1][RouteDefinitionRouteLocator.java:271] - RouteDefinition orders-api applying {_genkey_0=/orders/**} to Path
2024-11-27 14:03:20,379 DEBUG [Nacos-Watch-Task-Scheduler-1][RouteDefinitionRouteLocator.java:162] - RouteDefinition matched: orders-api
2024-11-27 14:03:20,379 DEBUG [Nacos-Watch-Task-Scheduler-1][RouteDefinitionRouteLocator.java:162] - RouteDefinition matched: orders-api
2024-11-27 14:03:33,508 DEBUG [HikariPool-1 housekeeper][HikariPool.java:421] - HikariPool-1 - Pool stats (total=10, active=0, idle=10, waiting=0)
2024-11-27 14:03:33,508 DEBUG [HikariPool-1 housekeeper][HikariPool.java:421] - HikariPool-1 - Pool stats (total=10, active=0, idle=10, waiting=0)
2024-11-27 14:03:33,508 DEBUG [HikariPool-1 housekeeper][HikariPool.java:517] - HikariPool-1 - Fill pool skipped, pool is at sufficient level.
2024-11-27 14:03:33,508 DEBUG [HikariPool-1 housekeeper][HikariPool.java:517] - HikariPool-1 - Fill pool skipped, pool is at sufficient level.
2024-11-27 14:03:50,393 DEBUG [Nacos-Watch-Task-Scheduler-1][RouteDefinitionRouteLocator.java:271] - RouteDefinition content-api applying {_genkey_0=/content/**} to Path
2024-11-27 14:03:50,393 DEBUG [Nacos-Watch-Task-Scheduler-1][RouteDefinitionRouteLocator.java:271] - RouteDefinition content-api applying {_genkey_0=/content/**} to Path
2024-11-27 14:03:50,394 DEBUG [Nacos-Watch-Task-Scheduler-1][RouteDefinitionRouteLocator.java:162] - RouteDefinition matched: content-api
2024-11-27 14:03:50,394 DEBUG [Nacos-Watch-Task-Scheduler-1][RouteDefinitionRouteLocator.java:162] - RouteDefinition matched: content-api
2024-11-27 14:03:50,394 DEBUG [Nacos-Watch-Task-Scheduler-1][RouteDefinitionRouteLocator.java:271] - RouteDefinition system-api applying {_genkey_0=/system/**} to Path
2024-11-27 14:03:50,394 DEBUG [Nacos-Watch-Task-Scheduler-1][RouteDefinitionRouteLocator.java:271] - RouteDefinition system-api applying {_genkey_0=/system/**} to Path
2024-11-27 14:03:50,394 DEBUG [Nacos-Watch-Task-Scheduler-1][RouteDefinitionRouteLocator.java:162] - RouteDefinition matched: system-api
2024-11-27 14:03:50,394 DEBUG [Nacos-Watch-Task-Scheduler-1][RouteDefinitionRouteLocator.java:162] - RouteDefinition matched: system-api
2024-11-27 14:03:50,394 DEBUG [Nacos-Watch-Task-Scheduler-1][RouteDefinitionRouteLocator.java:271] - RouteDefinition media-api applying {_genkey_0=/media/**} to Path
2024-11-27 14:03:50,394 DEBUG [Nacos-Watch-Task-Scheduler-1][RouteDefinitionRouteLocator.java:271] - RouteDefinition media-api applying {_genkey_0=/media/**} to Path
2024-11-27 14:03:50,395 DEBUG [Nacos-Watch-Task-Scheduler-1][RouteDefinitionRouteLocator.java:162] - RouteDefinition matched: media-api
2024-11-27 14:03:50,395 DEBUG [Nacos-Watch-Task-Scheduler-1][RouteDefinitionRouteLocator.java:162] - RouteDefinition matched: media-api
2024-11-27 14:03:50,395 DEBUG [Nacos-Watch-Task-Scheduler-1][RouteDefinitionRouteLocator.java:271] - RouteDefinition search-service applying {_genkey_0=/search/**} to Path
2024-11-27 14:03:50,395 DEBUG [Nacos-Watch-Task-Scheduler-1][RouteDefinitionRouteLocator.java:271] - RouteDefinition search-service applying {_genkey_0=/search/**} to Path
2024-11-27 14:03:50,395 DEBUG [Nacos-Watch-Task-Scheduler-1][RouteDefinitionRouteLocator.java:162] - RouteDefinition matched: search-service
2024-11-27 14:03:50,395 DEBUG [Nacos-Watch-Task-Scheduler-1][RouteDefinitionRouteLocator.java:162] - RouteDefinition matched: search-service
2024-11-27 14:03:50,395 DEBUG [Nacos-Watch-Task-Scheduler-1][RouteDefinitionRouteLocator.java:271] - RouteDefinition auth-service applying {_genkey_0=/auth/**} to Path
2024-11-27 14:03:50,395 DEBUG [Nacos-Watch-Task-Scheduler-1][RouteDefinitionRouteLocator.java:271] - RouteDefinition auth-service applying {_genkey_0=/auth/**} to Path
2024-11-27 14:03:50,395 DEBUG [Nacos-Watch-Task-Scheduler-1][RouteDefinitionRouteLocator.java:162] - RouteDefinition matched: auth-service
2024-11-27 14:03:50,395 DEBUG [Nacos-Watch-Task-Scheduler-1][RouteDefinitionRouteLocator.java:162] - RouteDefinition matched: auth-service
2024-11-27 14:03:50,395 DEBUG [Nacos-Watch-Task-Scheduler-1][RouteDefinitionRouteLocator.java:271] - RouteDefinition checkcode applying {_genkey_0=/checkcode/**} to Path
2024-11-27 14:03:50,395 DEBUG [Nacos-Watch-Task-Scheduler-1][RouteDefinitionRouteLocator.java:271] - RouteDefinition checkcode applying {_genkey_0=/checkcode/**} to Path
2024-11-27 14:03:50,395 DEBUG [Nacos-Watch-Task-Scheduler-1][RouteDefinitionRouteLocator.java:162] - RouteDefinition matched: checkcode
2024-11-27 14:03:50,395 DEBUG [Nacos-Watch-Task-Scheduler-1][RouteDefinitionRouteLocator.java:162] - RouteDefinition matched: checkcode
2024-11-27 14:03:50,395 DEBUG [Nacos-Watch-Task-Scheduler-1][RouteDefinitionRouteLocator.java:271] - RouteDefinition learning-api applying {_genkey_0=/learning/**} to Path
2024-11-27 14:03:50,395 DEBUG [Nacos-Watch-Task-Scheduler-1][RouteDefinitionRouteLocator.java:271] - RouteDefinition learning-api applying {_genkey_0=/learning/**} to Path
2024-11-27 14:03:50,396 DEBUG [Nacos-Watch-Task-Scheduler-1][RouteDefinitionRouteLocator.java:162] - RouteDefinition matched: learning-api
2024-11-27 14:03:50,396 DEBUG [Nacos-Watch-Task-Scheduler-1][RouteDefinitionRouteLocator.java:162] - RouteDefinition matched: learning-api
2024-11-27 14:03:50,396 DEBUG [Nacos-Watch-Task-Scheduler-1][RouteDefinitionRouteLocator.java:271] - RouteDefinition orders-api applying {_genkey_0=/orders/**} to Path
2024-11-27 14:03:50,396 DEBUG [Nacos-Watch-Task-Scheduler-1][RouteDefinitionRouteLocator.java:271] - RouteDefinition orders-api applying {_genkey_0=/orders/**} to Path
2024-11-27 14:03:50,396 DEBUG [Nacos-Watch-Task-Scheduler-1][RouteDefinitionRouteLocator.java:162] - RouteDefinition matched: orders-api
2024-11-27 14:03:50,396 DEBUG [Nacos-Watch-Task-Scheduler-1][RouteDefinitionRouteLocator.java:162] - RouteDefinition matched: orders-api
2024-11-27 14:04:03,514 DEBUG [HikariPool-1 housekeeper][HikariPool.java:421] - HikariPool-1 - Pool stats (total=10, active=0, idle=10, waiting=0)
2024-11-27 14:04:03,514 DEBUG [HikariPool-1 housekeeper][HikariPool.java:421] - HikariPool-1 - Pool stats (total=10, active=0, idle=10, waiting=0)
2024-11-27 14:04:03,514 DEBUG [HikariPool-1 housekeeper][HikariPool.java:517] - HikariPool-1 - Fill pool skipped, pool is at sufficient level.
2024-11-27 14:04:03,514 DEBUG [HikariPool-1 housekeeper][HikariPool.java:517] - HikariPool-1 - Fill pool skipped, pool is at sufficient level.
2024-11-27 14:04:20,410 DEBUG [Nacos-Watch-Task-Scheduler-1][RouteDefinitionRouteLocator.java:271] - RouteDefinition content-api applying {_genkey_0=/content/**} to Path
2024-11-27 14:04:20,410 DEBUG [Nacos-Watch-Task-Scheduler-1][RouteDefinitionRouteLocator.java:271] - RouteDefinition content-api applying {_genkey_0=/content/**} to Path
2024-11-27 14:04:20,411 DEBUG [Nacos-Watch-Task-Scheduler-1][RouteDefinitionRouteLocator.java:162] - RouteDefinition matched: content-api
2024-11-27 14:04:20,411 DEBUG [Nacos-Watch-Task-Scheduler-1][RouteDefinitionRouteLocator.java:162] - RouteDefinition matched: content-api
2024-11-27 14:04:20,411 DEBUG [Nacos-Watch-Task-Scheduler-1][RouteDefinitionRouteLocator.java:271] - RouteDefinition system-api applying {_genkey_0=/system/**} to Path
2024-11-27 14:04:20,411 DEBUG [Nacos-Watch-Task-Scheduler-1][RouteDefinitionRouteLocator.java:271] - RouteDefinition system-api applying {_genkey_0=/system/**} to Path
2024-11-27 14:04:20,411 DEBUG [Nacos-Watch-Task-Scheduler-1][RouteDefinitionRouteLocator.java:162] - RouteDefinition matched: system-api
2024-11-27 14:04:20,411 DEBUG [Nacos-Watch-Task-Scheduler-1][RouteDefinitionRouteLocator.java:162] - RouteDefinition matched: system-api
2024-11-27 14:04:20,411 DEBUG [Nacos-Watch-Task-Scheduler-1][RouteDefinitionRouteLocator.java:271] - RouteDefinition media-api applying {_genkey_0=/media/**} to Path
2024-11-27 14:04:20,411 DEBUG [Nacos-Watch-Task-Scheduler-1][RouteDefinitionRouteLocator.java:271] - RouteDefinition media-api applying {_genkey_0=/media/**} to Path
2024-11-27 14:04:20,411 DEBUG [Nacos-Watch-Task-Scheduler-1][RouteDefinitionRouteLocator.java:162] - RouteDefinition matched: media-api
2024-11-27 14:04:20,411 DEBUG [Nacos-Watch-Task-Scheduler-1][RouteDefinitionRouteLocator.java:162] - RouteDefinition matched: media-api
2024-11-27 14:04:20,411 DEBUG [Nacos-Watch-Task-Scheduler-1][RouteDefinitionRouteLocator.java:271] - RouteDefinition search-service applying {_genkey_0=/search/**} to Path
2024-11-27 14:04:20,411 DEBUG [Nacos-Watch-Task-Scheduler-1][RouteDefinitionRouteLocator.java:271] - RouteDefinition search-service applying {_genkey_0=/search/**} to Path
2024-11-27 14:04:20,412 DEBUG [Nacos-Watch-Task-Scheduler-1][RouteDefinitionRouteLocator.java:162] - RouteDefinition matched: search-service
2024-11-27 14:04:20,412 DEBUG [Nacos-Watch-Task-Scheduler-1][RouteDefinitionRouteLocator.java:162] - RouteDefinition matched: search-service
2024-11-27 14:04:20,412 DEBUG [Nacos-Watch-Task-Scheduler-1][RouteDefinitionRouteLocator.java:271] - RouteDefinition auth-service applying {_genkey_0=/auth/**} to Path
2024-11-27 14:04:20,412 DEBUG [Nacos-Watch-Task-Scheduler-1][RouteDefinitionRouteLocator.java:271] - RouteDefinition auth-service applying {_genkey_0=/auth/**} to Path
2024-11-27 14:04:20,412 DEBUG [Nacos-Watch-Task-Scheduler-1][RouteDefinitionRouteLocator.java:162] - RouteDefinition matched: auth-service
2024-11-27 14:04:20,412 DEBUG [Nacos-Watch-Task-Scheduler-1][RouteDefinitionRouteLocator.java:162] - RouteDefinition matched: auth-service
2024-11-27 14:04:20,412 DEBUG [Nacos-Watch-Task-Scheduler-1][RouteDefinitionRouteLocator.java:271] - RouteDefinition checkcode applying {_genkey_0=/checkcode/**} to Path
2024-11-27 14:04:20,412 DEBUG [Nacos-Watch-Task-Scheduler-1][RouteDefinitionRouteLocator.java:271] - RouteDefinition checkcode applying {_genkey_0=/checkcode/**} to Path
2024-11-27 14:04:20,412 DEBUG [Nacos-Watch-Task-Scheduler-1][RouteDefinitionRouteLocator.java:162] - RouteDefinition matched: checkcode
2024-11-27 14:04:20,412 DEBUG [Nacos-Watch-Task-Scheduler-1][RouteDefinitionRouteLocator.java:162] - RouteDefinition matched: checkcode
2024-11-27 14:04:20,412 DEBUG [Nacos-Watch-Task-Scheduler-1][RouteDefinitionRouteLocator.java:271] - RouteDefinition learning-api applying {_genkey_0=/learning/**} to Path
2024-11-27 14:04:20,412 DEBUG [Nacos-Watch-Task-Scheduler-1][RouteDefinitionRouteLocator.java:271] - RouteDefinition learning-api applying {_genkey_0=/learning/**} to Path
2024-11-27 14:04:20,413 DEBUG [Nacos-Watch-Task-Scheduler-1][RouteDefinitionRouteLocator.java:162] - RouteDefinition matched: learning-api
2024-11-27 14:04:20,413 DEBUG [Nacos-Watch-Task-Scheduler-1][RouteDefinitionRouteLocator.java:162] - RouteDefinition matched: learning-api
2024-11-27 14:04:20,413 DEBUG [Nacos-Watch-Task-Scheduler-1][RouteDefinitionRouteLocator.java:271] - RouteDefinition orders-api applying {_genkey_0=/orders/**} to Path
2024-11-27 14:04:20,413 DEBUG [Nacos-Watch-Task-Scheduler-1][RouteDefinitionRouteLocator.java:271] - RouteDefinition orders-api applying {_genkey_0=/orders/**} to Path
2024-11-27 14:04:20,413 DEBUG [Nacos-Watch-Task-Scheduler-1][RouteDefinitionRouteLocator.java:162] - RouteDefinition matched: orders-api
2024-11-27 14:04:20,413 DEBUG [Nacos-Watch-Task-Scheduler-1][RouteDefinitionRouteLocator.java:162] - RouteDefinition matched: orders-api
2024-11-27 14:04:33,519 DEBUG [HikariPool-1 housekeeper][HikariPool.java:421] - HikariPool-1 - Pool stats (total=10, active=0, idle=10, waiting=0)
2024-11-27 14:04:33,519 DEBUG [HikariPool-1 housekeeper][HikariPool.java:421] - HikariPool-1 - Pool stats (total=10, active=0, idle=10, waiting=0)
2024-11-27 14:04:33,519 DEBUG [HikariPool-1 housekeeper][HikariPool.java:517] - HikariPool-1 - Fill pool skipped, pool is at sufficient level.
2024-11-27 14:04:33,519 DEBUG [HikariPool-1 housekeeper][HikariPool.java:517] - HikariPool-1 - Fill pool skipped, pool is at sufficient level.
2024-11-27 14:04:50,418 DEBUG [Nacos-Watch-Task-Scheduler-1][RouteDefinitionRouteLocator.java:271] - RouteDefinition content-api applying {_genkey_0=/content/**} to Path
2024-11-27 14:04:50,418 DEBUG [Nacos-Watch-Task-Scheduler-1][RouteDefinitionRouteLocator.java:271] - RouteDefinition content-api applying {_genkey_0=/content/**} to Path
2024-11-27 14:04:50,419 DEBUG [Nacos-Watch-Task-Scheduler-1][RouteDefinitionRouteLocator.java:162] - RouteDefinition matched: content-api
2024-11-27 14:04:50,419 DEBUG [Nacos-Watch-Task-Scheduler-1][RouteDefinitionRouteLocator.java:162] - RouteDefinition matched: content-api
2024-11-27 14:04:50,419 DEBUG [Nacos-Watch-Task-Scheduler-1][RouteDefinitionRouteLocator.java:271] - RouteDefinition system-api applying {_genkey_0=/system/**} to Path
2024-11-27 14:04:50,419 DEBUG [Nacos-Watch-Task-Scheduler-1][RouteDefinitionRouteLocator.java:271] - RouteDefinition system-api applying {_genkey_0=/system/**} to Path
2024-11-27 14:04:50,420 DEBUG [Nacos-Watch-Task-Scheduler-1][RouteDefinitionRouteLocator.java:162] - RouteDefinition matched: system-api
2024-11-27 14:04:50,420 DEBUG [Nacos-Watch-Task-Scheduler-1][RouteDefinitionRouteLocator.java:162] - RouteDefinition matched: system-api
2024-11-27 14:04:50,420 DEBUG [Nacos-Watch-Task-Scheduler-1][RouteDefinitionRouteLocator.java:271] - RouteDefinition media-api applying {_genkey_0=/media/**} to Path
2024-11-27 14:04:50,420 DEBUG [Nacos-Watch-Task-Scheduler-1][RouteDefinitionRouteLocator.java:271] - RouteDefinition media-api applying {_genkey_0=/media/**} to Path
2024-11-27 14:04:50,421 DEBUG [Nacos-Watch-Task-Scheduler-1][RouteDefinitionRouteLocator.java:162] - RouteDefinition matched: media-api
2024-11-27 14:04:50,421 DEBUG [Nacos-Watch-Task-Scheduler-1][RouteDefinitionRouteLocator.java:162] - RouteDefinition matched: media-api
2024-11-27 14:04:50,421 DEBUG [Nacos-Watch-Task-Scheduler-1][RouteDefinitionRouteLocator.java:271] - RouteDefinition search-service applying {_genkey_0=/search/**} to Path
2024-11-27 14:04:50,421 DEBUG [Nacos-Watch-Task-Scheduler-1][RouteDefinitionRouteLocator.java:271] - RouteDefinition search-service applying {_genkey_0=/search/**} to Path
2024-11-27 14:04:50,422 DEBUG [Nacos-Watch-Task-Scheduler-1][RouteDefinitionRouteLocator.java:162] - RouteDefinition matched: search-service
2024-11-27 14:04:50,422 DEBUG [Nacos-Watch-Task-Scheduler-1][RouteDefinitionRouteLocator.java:162] - RouteDefinition matched: search-service
2024-11-27 14:04:50,422 DEBUG [Nacos-Watch-Task-Scheduler-1][RouteDefinitionRouteLocator.java:271] - RouteDefinition auth-service applying {_genkey_0=/auth/**} to Path
2024-11-27 14:04:50,422 DEBUG [Nacos-Watch-Task-Scheduler-1][RouteDefinitionRouteLocator.java:271] - RouteDefinition auth-service applying {_genkey_0=/auth/**} to Path
2024-11-27 14:04:50,423 DEBUG [Nacos-Watch-Task-Scheduler-1][RouteDefinitionRouteLocator.java:162] - RouteDefinition matched: auth-service
2024-11-27 14:04:50,423 DEBUG [Nacos-Watch-Task-Scheduler-1][RouteDefinitionRouteLocator.java:162] - RouteDefinition matched: auth-service
2024-11-27 14:04:50,423 DEBUG [Nacos-Watch-Task-Scheduler-1][RouteDefinitionRouteLocator.java:271] - RouteDefinition checkcode applying {_genkey_0=/checkcode/**} to Path
2024-11-27 14:04:50,423 DEBUG [Nacos-Watch-Task-Scheduler-1][RouteDefinitionRouteLocator.java:271] - RouteDefinition checkcode applying {_genkey_0=/checkcode/**} to Path
2024-11-27 14:04:50,424 DEBUG [Nacos-Watch-Task-Scheduler-1][RouteDefinitionRouteLocator.java:162] - RouteDefinition matched: checkcode
2024-11-27 14:04:50,424 DEBUG [Nacos-Watch-Task-Scheduler-1][RouteDefinitionRouteLocator.java:162] - RouteDefinition matched: checkcode
2024-11-27 14:04:50,424 DEBUG [Nacos-Watch-Task-Scheduler-1][RouteDefinitionRouteLocator.java:271] - RouteDefinition learning-api applying {_genkey_0=/learning/**} to Path
2024-11-27 14:04:50,424 DEBUG [Nacos-Watch-Task-Scheduler-1][RouteDefinitionRouteLocator.java:271] - RouteDefinition learning-api applying {_genkey_0=/learning/**} to Path
2024-11-27 14:04:50,425 DEBUG [Nacos-Watch-Task-Scheduler-1][RouteDefinitionRouteLocator.java:162] - RouteDefinition matched: learning-api
2024-11-27 14:04:50,425 DEBUG [Nacos-Watch-Task-Scheduler-1][RouteDefinitionRouteLocator.java:162] - RouteDefinition matched: learning-api
2024-11-27 14:04:50,425 DEBUG [Nacos-Watch-Task-Scheduler-1][RouteDefinitionRouteLocator.java:271] - RouteDefinition orders-api applying {_genkey_0=/orders/**} to Path
2024-11-27 14:04:50,425 DEBUG [Nacos-Watch-Task-Scheduler-1][RouteDefinitionRouteLocator.java:271] - RouteDefinition orders-api applying {_genkey_0=/orders/**} to Path
2024-11-27 14:04:50,425 DEBUG [Nacos-Watch-Task-Scheduler-1][RouteDefinitionRouteLocator.java:162] - RouteDefinition matched: orders-api
2024-11-27 14:04:50,425 DEBUG [Nacos-Watch-Task-Scheduler-1][RouteDefinitionRouteLocator.java:162] - RouteDefinition matched: orders-api
2024-11-27 14:04:55,825 DEBUG [reactor-http-nio-21][RoutePredicateHandlerMapping.java:149] - Route matched: content-api
2024-11-27 14:04:55,825 DEBUG [reactor-http-nio-21][RoutePredicateHandlerMapping.java:149] - Route matched: content-api
2024-11-27 14:04:55,825 DEBUG [reactor-http-nio-21][RoutePredicateHandlerMapping.java:92] - Mapping [Exchange: GET http://gatewayserver/content/coursepreview/2] to Route{id='content-api', uri=lb://content-api, order=0, predicate=Paths: [/content/**], match trailing slash: true, gatewayFilters=[], metadata={}}
2024-11-27 14:04:55,825 DEBUG [reactor-http-nio-21][RoutePredicateHandlerMapping.java:92] - Mapping [Exchange: GET http://gatewayserver/content/coursepreview/2] to Route{id='content-api', uri=lb://content-api, order=0, predicate=Paths: [/content/**], match trailing slash: true, gatewayFilters=[], metadata={}}
2024-11-27 14:04:55,825 DEBUG [reactor-http-nio-21][AbstractHandlerMapping.java:183] - [0ab412dd-75] Mapped to org.springframework.cloud.gateway.handler.FilteringWebHandler@10f2a562
2024-11-27 14:04:55,825 DEBUG [reactor-http-nio-21][AbstractHandlerMapping.java:183] - [0ab412dd-75] Mapped to org.springframework.cloud.gateway.handler.FilteringWebHandler@10f2a562
2024-11-27 14:04:55,825 DEBUG [reactor-http-nio-21][FilteringWebHandler.java:85] - Sorted gatewayFilterFactories: [[GatewayFilterAdapter{delegate=org.springframework.cloud.gateway.filter.RemoveCachedBodyFilter@136965e3}, order = -2147483648], [GatewayFilterAdapter{delegate=org.springframework.cloud.gateway.filter.AdaptCachedBodyGlobalFilter@424de326}, order = -2147482648], [GatewayFilterAdapter{delegate=org.springframework.cloud.gateway.filter.NettyWriteResponseFilter@4e49ce2b}, order = -1], [GatewayFilterAdapter{delegate=org.springframework.cloud.gateway.filter.ForwardPathFilter@4364712f}, order = 0], [GatewayFilterAdapter{delegate=org.springframework.cloud.gateway.filter.RouteToRequestUrlFilter@53c6f96d}, order = 10000], [GatewayFilterAdapter{delegate=org.springframework.cloud.gateway.filter.LoadBalancerClientFilter@7b676112}, order = 10100], [GatewayFilterAdapter{delegate=org.springframework.cloud.gateway.filter.WebsocketRoutingFilter@1b7a52dd}, order = 2147483646], [GatewayFilterAdapter{delegate=org.springframework.cloud.gateway.filter.NettyRoutingFilter@5578be42}, order = 2147483647], [GatewayFilterAdapter{delegate=org.springframework.cloud.gateway.filter.ForwardRoutingFilter@435cc7f9}, order = 2147483647]]
2024-11-27 14:04:55,825 DEBUG [reactor-http-nio-21][FilteringWebHandler.java:85] - Sorted gatewayFilterFactories: [[GatewayFilterAdapter{delegate=org.springframework.cloud.gateway.filter.RemoveCachedBodyFilter@136965e3}, order = -2147483648], [GatewayFilterAdapter{delegate=org.springframework.cloud.gateway.filter.AdaptCachedBodyGlobalFilter@424de326}, order = -2147482648], [GatewayFilterAdapter{delegate=org.springframework.cloud.gateway.filter.NettyWriteResponseFilter@4e49ce2b}, order = -1], [GatewayFilterAdapter{delegate=org.springframework.cloud.gateway.filter.ForwardPathFilter@4364712f}, order = 0], [GatewayFilterAdapter{delegate=org.springframework.cloud.gateway.filter.RouteToRequestUrlFilter@53c6f96d}, order = 10000], [GatewayFilterAdapter{delegate=org.springframework.cloud.gateway.filter.LoadBalancerClientFilter@7b676112}, order = 10100], [GatewayFilterAdapter{delegate=org.springframework.cloud.gateway.filter.WebsocketRoutingFilter@1b7a52dd}, order = 2147483646], [GatewayFilterAdapter{delegate=org.springframework.cloud.gateway.filter.NettyRoutingFilter@5578be42}, order = 2147483647], [GatewayFilterAdapter{delegate=org.springframework.cloud.gateway.filter.ForwardRoutingFilter@435cc7f9}, order = 2147483647]]
2024-11-27 14:05:03,520 DEBUG [HikariPool-1 housekeeper][HikariPool.java:421] - HikariPool-1 - Pool stats (total=10, active=0, idle=10, waiting=0)
2024-11-27 14:05:03,520 DEBUG [HikariPool-1 housekeeper][HikariPool.java:421] - HikariPool-1 - Pool stats (total=10, active=0, idle=10, waiting=0)
2024-11-27 14:05:03,521 DEBUG [HikariPool-1 housekeeper][HikariPool.java:517] - HikariPool-1 - Fill pool skipped, pool is at sufficient level.
2024-11-27 14:05:03,521 DEBUG [HikariPool-1 housekeeper][HikariPool.java:517] - HikariPool-1 - Fill pool skipped, pool is at sufficient level.
2024-11-27 14:05:20,430 DEBUG [Nacos-Watch-Task-Scheduler-1][RouteDefinitionRouteLocator.java:271] - RouteDefinition content-api applying {_genkey_0=/content/**} to Path
2024-11-27 14:05:20,430 DEBUG [Nacos-Watch-Task-Scheduler-1][RouteDefinitionRouteLocator.java:271] - RouteDefinition content-api applying {_genkey_0=/content/**} to Path
2024-11-27 14:05:20,430 DEBUG [Nacos-Watch-Task-Scheduler-1][RouteDefinitionRouteLocator.java:162] - RouteDefinition matched: content-api
2024-11-27 14:05:20,430 DEBUG [Nacos-Watch-Task-Scheduler-1][RouteDefinitionRouteLocator.java:162] - RouteDefinition matched: content-api
2024-11-27 14:05:20,430 DEBUG [Nacos-Watch-Task-Scheduler-1][RouteDefinitionRouteLocator.java:271] - RouteDefinition system-api applying {_genkey_0=/system/**} to Path
2024-11-27 14:05:20,430 DEBUG [Nacos-Watch-Task-Scheduler-1][RouteDefinitionRouteLocator.java:271] - RouteDefinition system-api applying {_genkey_0=/system/**} to Path
2024-11-27 14:05:20,431 DEBUG [Nacos-Watch-Task-Scheduler-1][RouteDefinitionRouteLocator.java:162] - RouteDefinition matched: system-api
2024-11-27 14:05:20,431 DEBUG [Nacos-Watch-Task-Scheduler-1][RouteDefinitionRouteLocator.java:162] - RouteDefinition matched: system-api
2024-11-27 14:05:20,431 DEBUG [Nacos-Watch-Task-Scheduler-1][RouteDefinitionRouteLocator.java:271] - RouteDefinition media-api applying {_genkey_0=/media/**} to Path
2024-11-27 14:05:20,431 DEBUG [Nacos-Watch-Task-Scheduler-1][RouteDefinitionRouteLocator.java:271] - RouteDefinition media-api applying {_genkey_0=/media/**} to Path
2024-11-27 14:05:20,431 DEBUG [Nacos-Watch-Task-Scheduler-1][RouteDefinitionRouteLocator.java:162] - RouteDefinition matched: media-api
2024-11-27 14:05:20,431 DEBUG [Nacos-Watch-Task-Scheduler-1][RouteDefinitionRouteLocator.java:162] - RouteDefinition matched: media-api
2024-11-27 14:05:20,431 DEBUG [Nacos-Watch-Task-Scheduler-1][RouteDefinitionRouteLocator.java:271] - RouteDefinition search-service applying {_genkey_0=/search/**} to Path
2024-11-27 14:05:20,431 DEBUG [Nacos-Watch-Task-Scheduler-1][RouteDefinitionRouteLocator.java:271] - RouteDefinition search-service applying {_genkey_0=/search/**} to Path
2024-11-27 14:05:20,431 DEBUG [Nacos-Watch-Task-Scheduler-1][RouteDefinitionRouteLocator.java:162] - RouteDefinition matched: search-service
2024-11-27 14:05:20,431 DEBUG [Nacos-Watch-Task-Scheduler-1][RouteDefinitionRouteLocator.java:162] - RouteDefinition matched: search-service
2024-11-27 14:05:20,431 DEBUG [Nacos-Watch-Task-Scheduler-1][RouteDefinitionRouteLocator.java:271] - RouteDefinition auth-service applying {_genkey_0=/auth/**} to Path
2024-11-27 14:05:20,431 DEBUG [Nacos-Watch-Task-Scheduler-1][RouteDefinitionRouteLocator.java:271] - RouteDefinition auth-service applying {_genkey_0=/auth/**} to Path
2024-11-27 14:05:20,431 DEBUG [Nacos-Watch-Task-Scheduler-1][RouteDefinitionRouteLocator.java:162] - RouteDefinition matched: auth-service
2024-11-27 14:05:20,431 DEBUG [Nacos-Watch-Task-Scheduler-1][RouteDefinitionRouteLocator.java:162] - RouteDefinition matched: auth-service
2024-11-27 14:05:20,431 DEBUG [Nacos-Watch-Task-Scheduler-1][RouteDefinitionRouteLocator.java:271] - RouteDefinition checkcode applying {_genkey_0=/checkcode/**} to Path
2024-11-27 14:05:20,431 DEBUG [Nacos-Watch-Task-Scheduler-1][RouteDefinitionRouteLocator.java:271] - RouteDefinition checkcode applying {_genkey_0=/checkcode/**} to Path
2024-11-27 14:05:20,431 DEBUG [Nacos-Watch-Task-Scheduler-1][RouteDefinitionRouteLocator.java:162] - RouteDefinition matched: checkcode
2024-11-27 14:05:20,431 DEBUG [Nacos-Watch-Task-Scheduler-1][RouteDefinitionRouteLocator.java:162] - RouteDefinition matched: checkcode
2024-11-27 14:05:20,431 DEBUG [Nacos-Watch-Task-Scheduler-1][RouteDefinitionRouteLocator.java:271] - RouteDefinition learning-api applying {_genkey_0=/learning/**} to Path
2024-11-27 14:05:20,431 DEBUG [Nacos-Watch-Task-Scheduler-1][RouteDefinitionRouteLocator.java:271] - RouteDefinition learning-api applying {_genkey_0=/learning/**} to Path
2024-11-27 14:05:20,431 DEBUG [Nacos-Watch-Task-Scheduler-1][RouteDefinitionRouteLocator.java:162] - RouteDefinition matched: learning-api
2024-11-27 14:05:20,431 DEBUG [Nacos-Watch-Task-Scheduler-1][RouteDefinitionRouteLocator.java:162] - RouteDefinition matched: learning-api
2024-11-27 14:05:20,432 DEBUG [Nacos-Watch-Task-Scheduler-1][RouteDefinitionRouteLocator.java:271] - RouteDefinition orders-api applying {_genkey_0=/orders/**} to Path
2024-11-27 14:05:20,432 DEBUG [Nacos-Watch-Task-Scheduler-1][RouteDefinitionRouteLocator.java:271] - RouteDefinition orders-api applying {_genkey_0=/orders/**} to Path
2024-11-27 14:05:20,432 DEBUG [Nacos-Watch-Task-Scheduler-1][RouteDefinitionRouteLocator.java:162] - RouteDefinition matched: orders-api
2024-11-27 14:05:20,432 DEBUG [Nacos-Watch-Task-Scheduler-1][RouteDefinitionRouteLocator.java:162] - RouteDefinition matched: orders-api
2024-11-27 14:05:33,524 DEBUG [HikariPool-1 housekeeper][HikariPool.java:421] - HikariPool-1 - Pool stats (total=10, active=0, idle=10, waiting=0)
2024-11-27 14:05:33,524 DEBUG [HikariPool-1 housekeeper][HikariPool.java:421] - HikariPool-1 - Pool stats (total=10, active=0, idle=10, waiting=0)
2024-11-27 14:05:33,524 DEBUG [HikariPool-1 housekeeper][HikariPool.java:517] - HikariPool-1 - Fill pool skipped, pool is at sufficient level.
2024-11-27 14:05:33,524 DEBUG [HikariPool-1 housekeeper][HikariPool.java:517] - HikariPool-1 - Fill pool skipped, pool is at sufficient level.
2024-11-27 14:05:36,393 DEBUG [reactor-http-nio-23][RoutePredicateHandlerMapping.java:149] - Route matched: content-api
2024-11-27 14:05:36,393 DEBUG [reactor-http-nio-23][RoutePredicateHandlerMapping.java:149] - Route matched: content-api
2024-11-27 14:05:36,393 DEBUG [reactor-http-nio-23][RoutePredicateHandlerMapping.java:92] - Mapping [Exchange: GET http://gatewayserver/content/coursepreview/2] to Route{id='content-api', uri=lb://content-api, order=0, predicate=Paths: [/content/**], match trailing slash: true, gatewayFilters=[], metadata={}}
2024-11-27 14:05:36,393 DEBUG [reactor-http-nio-23][RoutePredicateHandlerMapping.java:92] - Mapping [Exchange: GET http://gatewayserver/content/coursepreview/2] to Route{id='content-api', uri=lb://content-api, order=0, predicate=Paths: [/content/**], match trailing slash: true, gatewayFilters=[], metadata={}}
2024-11-27 14:05:36,393 DEBUG [reactor-http-nio-23][AbstractHandlerMapping.java:183] - [3aaad261-76] Mapped to org.springframework.cloud.gateway.handler.FilteringWebHandler@10f2a562
2024-11-27 14:05:36,393 DEBUG [reactor-http-nio-23][AbstractHandlerMapping.java:183] - [3aaad261-76] Mapped to org.springframework.cloud.gateway.handler.FilteringWebHandler@10f2a562
2024-11-27 14:05:36,394 DEBUG [reactor-http-nio-23][FilteringWebHandler.java:85] - Sorted gatewayFilterFactories: [[GatewayFilterAdapter{delegate=org.springframework.cloud.gateway.filter.RemoveCachedBodyFilter@136965e3}, order = -2147483648], [GatewayFilterAdapter{delegate=org.springframework.cloud.gateway.filter.AdaptCachedBodyGlobalFilter@424de326}, order = -2147482648], [GatewayFilterAdapter{delegate=org.springframework.cloud.gateway.filter.NettyWriteResponseFilter@4e49ce2b}, order = -1], [GatewayFilterAdapter{delegate=org.springframework.cloud.gateway.filter.ForwardPathFilter@4364712f}, order = 0], [GatewayFilterAdapter{delegate=org.springframework.cloud.gateway.filter.RouteToRequestUrlFilter@53c6f96d}, order = 10000], [GatewayFilterAdapter{delegate=org.springframework.cloud.gateway.filter.LoadBalancerClientFilter@7b676112}, order = 10100], [GatewayFilterAdapter{delegate=org.springframework.cloud.gateway.filter.WebsocketRoutingFilter@1b7a52dd}, order = 2147483646], [GatewayFilterAdapter{delegate=org.springframework.cloud.gateway.filter.NettyRoutingFilter@5578be42}, order = 2147483647], [GatewayFilterAdapter{delegate=org.springframework.cloud.gateway.filter.ForwardRoutingFilter@435cc7f9}, order = 2147483647]]
2024-11-27 14:05:36,394 DEBUG [reactor-http-nio-23][FilteringWebHandler.java:85] - Sorted gatewayFilterFactories: [[GatewayFilterAdapter{delegate=org.springframework.cloud.gateway.filter.RemoveCachedBodyFilter@136965e3}, order = -2147483648], [GatewayFilterAdapter{delegate=org.springframework.cloud.gateway.filter.AdaptCachedBodyGlobalFilter@424de326}, order = -2147482648], [GatewayFilterAdapter{delegate=org.springframework.cloud.gateway.filter.NettyWriteResponseFilter@4e49ce2b}, order = -1], [GatewayFilterAdapter{delegate=org.springframework.cloud.gateway.filter.ForwardPathFilter@4364712f}, order = 0], [GatewayFilterAdapter{delegate=org.springframework.cloud.gateway.filter.RouteToRequestUrlFilter@53c6f96d}, order = 10000], [GatewayFilterAdapter{delegate=org.springframework.cloud.gateway.filter.LoadBalancerClientFilter@7b676112}, order = 10100], [GatewayFilterAdapter{delegate=org.springframework.cloud.gateway.filter.WebsocketRoutingFilter@1b7a52dd}, order = 2147483646], [GatewayFilterAdapter{delegate=org.springframework.cloud.gateway.filter.NettyRoutingFilter@5578be42}, order = 2147483647], [GatewayFilterAdapter{delegate=org.springframework.cloud.gateway.filter.ForwardRoutingFilter@435cc7f9}, order = 2147483647]]
2024-11-27 14:05:46,615 DEBUG [reactor-http-nio-24][RoutePredicateHandlerMapping.java:149] - Route matched: content-api
2024-11-27 14:05:46,615 DEBUG [reactor-http-nio-24][RoutePredicateHandlerMapping.java:149] - Route matched: content-api
2024-11-27 14:05:46,616 DEBUG [reactor-http-nio-24][RoutePredicateHandlerMapping.java:92] - Mapping [Exchange: GET http://gatewayserver/content/coursepreview/71] to Route{id='content-api', uri=lb://content-api, order=0, predicate=Paths: [/content/**], match trailing slash: true, gatewayFilters=[], metadata={}}
2024-11-27 14:05:46,616 DEBUG [reactor-http-nio-24][RoutePredicateHandlerMapping.java:92] - Mapping [Exchange: GET http://gatewayserver/content/coursepreview/71] to Route{id='content-api', uri=lb://content-api, order=0, predicate=Paths: [/content/**], match trailing slash: true, gatewayFilters=[], metadata={}}
2024-11-27 14:05:46,616 DEBUG [reactor-http-nio-24][AbstractHandlerMapping.java:183] - [77dfdb64-77] Mapped to org.springframework.cloud.gateway.handler.FilteringWebHandler@10f2a562
2024-11-27 14:05:46,616 DEBUG [reactor-http-nio-24][AbstractHandlerMapping.java:183] - [77dfdb64-77] Mapped to org.springframework.cloud.gateway.handler.FilteringWebHandler@10f2a562
2024-11-27 14:05:46,617 DEBUG [reactor-http-nio-24][FilteringWebHandler.java:85] - Sorted gatewayFilterFactories: [[GatewayFilterAdapter{delegate=org.springframework.cloud.gateway.filter.RemoveCachedBodyFilter@136965e3}, order = -2147483648], [GatewayFilterAdapter{delegate=org.springframework.cloud.gateway.filter.AdaptCachedBodyGlobalFilter@424de326}, order = -2147482648], [GatewayFilterAdapter{delegate=org.springframework.cloud.gateway.filter.NettyWriteResponseFilter@4e49ce2b}, order = -1], [GatewayFilterAdapter{delegate=org.springframework.cloud.gateway.filter.ForwardPathFilter@4364712f}, order = 0], [GatewayFilterAdapter{delegate=org.springframework.cloud.gateway.filter.RouteToRequestUrlFilter@53c6f96d}, order = 10000], [GatewayFilterAdapter{delegate=org.springframework.cloud.gateway.filter.LoadBalancerClientFilter@7b676112}, order = 10100], [GatewayFilterAdapter{delegate=org.springframework.cloud.gateway.filter.WebsocketRoutingFilter@1b7a52dd}, order = 2147483646], [GatewayFilterAdapter{delegate=org.springframework.cloud.gateway.filter.NettyRoutingFilter@5578be42}, order = 2147483647], [GatewayFilterAdapter{delegate=org.springframework.cloud.gateway.filter.ForwardRoutingFilter@435cc7f9}, order = 2147483647]]
2024-11-27 14:05:46,617 DEBUG [reactor-http-nio-24][FilteringWebHandler.java:85] - Sorted gatewayFilterFactories: [[GatewayFilterAdapter{delegate=org.springframework.cloud.gateway.filter.RemoveCachedBodyFilter@136965e3}, order = -2147483648], [GatewayFilterAdapter{delegate=org.springframework.cloud.gateway.filter.AdaptCachedBodyGlobalFilter@424de326}, order = -2147482648], [GatewayFilterAdapter{delegate=org.springframework.cloud.gateway.filter.NettyWriteResponseFilter@4e49ce2b}, order = -1], [GatewayFilterAdapter{delegate=org.springframework.cloud.gateway.filter.ForwardPathFilter@4364712f}, order = 0], [GatewayFilterAdapter{delegate=org.springframework.cloud.gateway.filter.RouteToRequestUrlFilter@53c6f96d}, order = 10000], [GatewayFilterAdapter{delegate=org.springframework.cloud.gateway.filter.LoadBalancerClientFilter@7b676112}, order = 10100], [GatewayFilterAdapter{delegate=org.springframework.cloud.gateway.filter.WebsocketRoutingFilter@1b7a52dd}, order = 2147483646], [GatewayFilterAdapter{delegate=org.springframework.cloud.gateway.filter.NettyRoutingFilter@5578be42}, order = 2147483647], [GatewayFilterAdapter{delegate=org.springframework.cloud.gateway.filter.ForwardRoutingFilter@435cc7f9}, order = 2147483647]]
2024-11-27 14:05:50,219 WARN [http-nio-63110-exec-4][PoolBase.java:184] - HikariPool-1 - Failed to validate connection com.mysql.cj.jdbc.ConnectionImpl@46d055e9 (No operations allowed after connection closed.). Possibly consider using a shorter maxLifetime value.
2024-11-27 14:05:50,219 WARN [http-nio-63110-exec-4][PoolBase.java:184] - HikariPool-1 - Failed to validate connection com.mysql.cj.jdbc.ConnectionImpl@46d055e9 (No operations allowed after connection closed.). Possibly consider using a shorter maxLifetime value.
2024-11-27 14:05:50,219 DEBUG [HikariPool-1 connection closer][PoolBase.java:134] - HikariPool-1 - Closing connection com.mysql.cj.jdbc.ConnectionImpl@46d055e9: (connection is dead)
2024-11-27 14:05:50,219 DEBUG [HikariPool-1 connection closer][PoolBase.java:134] - HikariPool-1 - Closing connection com.mysql.cj.jdbc.ConnectionImpl@46d055e9: (connection is dead)
2024-11-27 14:05:50,220 WARN [http-nio-63110-exec-4][PoolBase.java:184] - HikariPool-1 - Failed to validate connection com.mysql.cj.jdbc.ConnectionImpl@ffc10f9 (No operations allowed after connection closed.). Possibly consider using a shorter maxLifetime value.
2024-11-27 14:05:50,220 WARN [http-nio-63110-exec-4][PoolBase.java:184] - HikariPool-1 - Failed to validate connection com.mysql.cj.jdbc.ConnectionImpl@ffc10f9 (No operations allowed after connection closed.). Possibly consider using a shorter maxLifetime value.
2024-11-27 14:05:50,221 DEBUG [HikariPool-1 connection closer][PoolBase.java:134] - HikariPool-1 - Closing connection com.mysql.cj.jdbc.ConnectionImpl@ffc10f9: (connection is dead)
2024-11-27 14:05:50,221 DEBUG [HikariPool-1 connection closer][PoolBase.java:134] - HikariPool-1 - Closing connection com.mysql.cj.jdbc.ConnectionImpl@ffc10f9: (connection is dead)
2024-11-27 14:05:50,221 WARN [http-nio-63110-exec-4][PoolBase.java:184] - HikariPool-1 - Failed to validate connection com.mysql.cj.jdbc.ConnectionImpl@4ec11ac2 (No operations allowed after connection closed.). Possibly consider using a shorter maxLifetime value.
2024-11-27 14:05:50,221 WARN [http-nio-63110-exec-4][PoolBase.java:184] - HikariPool-1 - Failed to validate connection com.mysql.cj.jdbc.ConnectionImpl@4ec11ac2 (No operations allowed after connection closed.). Possibly consider using a shorter maxLifetime value.
2024-11-27 14:05:50,221 DEBUG [HikariPool-1 connection closer][PoolBase.java:134] - HikariPool-1 - Closing connection com.mysql.cj.jdbc.ConnectionImpl@4ec11ac2: (connection is dead)
2024-11-27 14:05:50,221 DEBUG [HikariPool-1 connection closer][PoolBase.java:134] - HikariPool-1 - Closing connection com.mysql.cj.jdbc.ConnectionImpl@4ec11ac2: (connection is dead)
2024-11-27 14:05:50,222 WARN [http-nio-63110-exec-4][PoolBase.java:184] - HikariPool-1 - Failed to validate connection com.mysql.cj.jdbc.ConnectionImpl@668f3289 (No operations allowed after connection closed.). Possibly consider using a shorter maxLifetime value.
2024-11-27 14:05:50,222 WARN [http-nio-63110-exec-4][PoolBase.java:184] - HikariPool-1 - Failed to validate connection com.mysql.cj.jdbc.ConnectionImpl@668f3289 (No operations allowed after connection closed.). Possibly consider using a shorter maxLifetime value.
2024-11-27 14:05:50,222 DEBUG [HikariPool-1 connection closer][PoolBase.java:134] - HikariPool-1 - Closing connection com.mysql.cj.jdbc.ConnectionImpl@668f3289: (connection is dead)
2024-11-27 14:05:50,222 DEBUG [HikariPool-1 connection closer][PoolBase.java:134] - HikariPool-1 - Closing connection com.mysql.cj.jdbc.ConnectionImpl@668f3289: (connection is dead)
2024-11-27 14:05:50,222 WARN [http-nio-63110-exec-4][PoolBase.java:184] - HikariPool-1 - Failed to validate connection com.mysql.cj.jdbc.ConnectionImpl@27b238b2 (No operations allowed after connection closed.). Possibly consider using a shorter maxLifetime value.
2024-11-27 14:05:50,222 WARN [http-nio-63110-exec-4][PoolBase.java:184] - HikariPool-1 - Failed to validate connection com.mysql.cj.jdbc.ConnectionImpl@27b238b2 (No operations allowed after connection closed.). Possibly consider using a shorter maxLifetime value.
2024-11-27 14:05:50,222 DEBUG [HikariPool-1 connection closer][PoolBase.java:134] - HikariPool-1 - Closing connection com.mysql.cj.jdbc.ConnectionImpl@27b238b2: (connection is dead)
2024-11-27 14:05:50,222 DEBUG [HikariPool-1 connection closer][PoolBase.java:134] - HikariPool-1 - Closing connection com.mysql.cj.jdbc.ConnectionImpl@27b238b2: (connection is dead)
2024-11-27 14:05:50,223 WARN [http-nio-63110-exec-4][PoolBase.java:184] - HikariPool-1 - Failed to validate connection com.mysql.cj.jdbc.ConnectionImpl@16dfda2d (No operations allowed after connection closed.). Possibly consider using a shorter maxLifetime value.
2024-11-27 14:05:50,223 WARN [http-nio-63110-exec-4][PoolBase.java:184] - HikariPool-1 - Failed to validate connection com.mysql.cj.jdbc.ConnectionImpl@16dfda2d (No operations allowed after connection closed.). Possibly consider using a shorter maxLifetime value.
2024-11-27 14:05:50,223 DEBUG [HikariPool-1 connection closer][PoolBase.java:134] - HikariPool-1 - Closing connection com.mysql.cj.jdbc.ConnectionImpl@16dfda2d: (connection is dead)
2024-11-27 14:05:50,223 DEBUG [HikariPool-1 connection closer][PoolBase.java:134] - HikariPool-1 - Closing connection com.mysql.cj.jdbc.ConnectionImpl@16dfda2d: (connection is dead)
2024-11-27 14:05:50,223 WARN [http-nio-63110-exec-4][PoolBase.java:184] - HikariPool-1 - Failed to validate connection com.mysql.cj.jdbc.ConnectionImpl@479dc7fd (No operations allowed after connection closed.). Possibly consider using a shorter maxLifetime value.
2024-11-27 14:05:50,223 WARN [http-nio-63110-exec-4][PoolBase.java:184] - HikariPool-1 - Failed to validate connection com.mysql.cj.jdbc.ConnectionImpl@479dc7fd (No operations allowed after connection closed.). Possibly consider using a shorter maxLifetime value.
2024-11-27 14:05:50,224 DEBUG [HikariPool-1 connection closer][PoolBase.java:134] - HikariPool-1 - Closing connection com.mysql.cj.jdbc.ConnectionImpl@479dc7fd: (connection is dead)
2024-11-27 14:05:50,224 DEBUG [HikariPool-1 connection closer][PoolBase.java:134] - HikariPool-1 - Closing connection com.mysql.cj.jdbc.ConnectionImpl@479dc7fd: (connection is dead)
2024-11-27 14:05:50,224 WARN [http-nio-63110-exec-4][PoolBase.java:184] - HikariPool-1 - Failed to validate connection com.mysql.cj.jdbc.ConnectionImpl@3e47e9aa (No operations allowed after connection closed.). Possibly consider using a shorter maxLifetime value.
2024-11-27 14:05:50,224 WARN [http-nio-63110-exec-4][PoolBase.java:184] - HikariPool-1 - Failed to validate connection com.mysql.cj.jdbc.ConnectionImpl@3e47e9aa (No operations allowed after connection closed.). Possibly consider using a shorter maxLifetime value.
2024-11-27 14:05:50,224 DEBUG [HikariPool-1 connection closer][PoolBase.java:134] - HikariPool-1 - Closing connection com.mysql.cj.jdbc.ConnectionImpl@3e47e9aa: (connection is dead)
2024-11-27 14:05:50,224 DEBUG [HikariPool-1 connection closer][PoolBase.java:134] - HikariPool-1 - Closing connection com.mysql.cj.jdbc.ConnectionImpl@3e47e9aa: (connection is dead)
2024-11-27 14:05:50,225 WARN [http-nio-63110-exec-4][PoolBase.java:184] - HikariPool-1 - Failed to validate connection com.mysql.cj.jdbc.ConnectionImpl@23393255 (No operations allowed after connection closed.). Possibly consider using a shorter maxLifetime value.
2024-11-27 14:05:50,225 WARN [http-nio-63110-exec-4][PoolBase.java:184] - HikariPool-1 - Failed to validate connection com.mysql.cj.jdbc.ConnectionImpl@23393255 (No operations allowed after connection closed.). Possibly consider using a shorter maxLifetime value.
2024-11-27 14:05:50,225 DEBUG [HikariPool-1 connection closer][PoolBase.java:134] - HikariPool-1 - Closing connection com.mysql.cj.jdbc.ConnectionImpl@23393255: (connection is dead)
2024-11-27 14:05:50,225 DEBUG [HikariPool-1 connection closer][PoolBase.java:134] - HikariPool-1 - Closing connection com.mysql.cj.jdbc.ConnectionImpl@23393255: (connection is dead)
2024-11-27 14:05:50,225 WARN [http-nio-63110-exec-4][PoolBase.java:184] - HikariPool-1 - Failed to validate connection com.mysql.cj.jdbc.ConnectionImpl@550add67 (No operations allowed after connection closed.). Possibly consider using a shorter maxLifetime value.
2024-11-27 14:05:50,225 WARN [http-nio-63110-exec-4][PoolBase.java:184] - HikariPool-1 - Failed to validate connection com.mysql.cj.jdbc.ConnectionImpl@550add67 (No operations allowed after connection closed.). Possibly consider using a shorter maxLifetime value.
2024-11-27 14:05:50,225 DEBUG [HikariPool-1 connection closer][PoolBase.java:134] - HikariPool-1 - Closing connection com.mysql.cj.jdbc.ConnectionImpl@550add67: (connection is dead)
2024-11-27 14:05:50,225 DEBUG [HikariPool-1 connection closer][PoolBase.java:134] - HikariPool-1 - Closing connection com.mysql.cj.jdbc.ConnectionImpl@550add67: (connection is dead)
2024-11-27 14:05:50,225 DEBUG [http-nio-63110-exec-4][HikariPool.java:342] - HikariPool-1 - Add connection elided, waiting 1, queue 9
2024-11-27 14:05:50,225 DEBUG [http-nio-63110-exec-4][HikariPool.java:342] - HikariPool-1 - Add connection elided, waiting 1, queue 9
2024-11-27 14:05:50,279 DEBUG [HikariPool-1 connection adder][HikariPool.java:728] - HikariPool-1 - Added connection com.mysql.cj.jdbc.ConnectionImpl@2028c1af
2024-11-27 14:05:50,279 DEBUG [HikariPool-1 connection adder][HikariPool.java:728] - HikariPool-1 - Added connection com.mysql.cj.jdbc.ConnectionImpl@2028c1af
2024-11-27 14:05:50,279 DEBUG [HikariPool-1 connection adder][HikariPool.java:421] - HikariPool-1 - After adding stats (total=1, active=1, idle=0, waiting=0)
2024-11-27 14:05:50,279 DEBUG [HikariPool-1 connection adder][HikariPool.java:421] - HikariPool-1 - After adding stats (total=1, active=1, idle=0, waiting=0)
2024-11-27 14:05:50,279 DEBUG [http-nio-63110-exec-4][BaseJdbcLogger.java:137] - ==>  Preparing: SELECT id,name,code,item_values FROM dictionary
2024-11-27 14:05:50,279 DEBUG [http-nio-63110-exec-4][BaseJdbcLogger.java:137] - ==>  Preparing: SELECT id,name,code,item_values FROM dictionary
2024-11-27 14:05:50,280 DEBUG [http-nio-63110-exec-4][BaseJdbcLogger.java:137] - ==> Parameters: 
2024-11-27 14:05:50,280 DEBUG [http-nio-63110-exec-4][BaseJdbcLogger.java:137] - ==> Parameters: 
2024-11-27 14:05:50,296 DEBUG [http-nio-63110-exec-4][BaseJdbcLogger.java:137] - <==      Total: 17
2024-11-27 14:05:50,296 DEBUG [http-nio-63110-exec-4][BaseJdbcLogger.java:137] - <==      Total: 17
2024-11-27 14:05:50,336 DEBUG [HikariPool-1 connection adder][HikariPool.java:728] - HikariPool-1 - Added connection com.mysql.cj.jdbc.ConnectionImpl@6115cb94
2024-11-27 14:05:50,336 DEBUG [HikariPool-1 connection adder][HikariPool.java:728] - HikariPool-1 - Added connection com.mysql.cj.jdbc.ConnectionImpl@6115cb94
2024-11-27 14:05:50,418 DEBUG [HikariPool-1 connection adder][HikariPool.java:728] - HikariPool-1 - Added connection com.mysql.cj.jdbc.ConnectionImpl@50be4847
2024-11-27 14:05:50,418 DEBUG [HikariPool-1 connection adder][HikariPool.java:421] - HikariPool-1 - After adding stats (total=3, active=0, idle=3, waiting=0)
2024-11-27 14:05:50,418 DEBUG [HikariPool-1 connection adder][HikariPool.java:728] - HikariPool-1 - Added connection com.mysql.cj.jdbc.ConnectionImpl@50be4847
2024-11-27 14:05:50,418 DEBUG [HikariPool-1 connection adder][HikariPool.java:421] - HikariPool-1 - After adding stats (total=3, active=0, idle=3, waiting=0)
2024-11-27 14:05:50,434 DEBUG [Nacos-Watch-Task-Scheduler-1][RouteDefinitionRouteLocator.java:271] - RouteDefinition content-api applying {_genkey_0=/content/**} to Path
2024-11-27 14:05:50,434 DEBUG [Nacos-Watch-Task-Scheduler-1][RouteDefinitionRouteLocator.java:271] - RouteDefinition content-api applying {_genkey_0=/content/**} to Path
2024-11-27 14:05:50,435 DEBUG [Nacos-Watch-Task-Scheduler-1][RouteDefinitionRouteLocator.java:162] - RouteDefinition matched: content-api
2024-11-27 14:05:50,435 DEBUG [Nacos-Watch-Task-Scheduler-1][RouteDefinitionRouteLocator.java:162] - RouteDefinition matched: content-api
2024-11-27 14:05:50,435 DEBUG [Nacos-Watch-Task-Scheduler-1][RouteDefinitionRouteLocator.java:271] - RouteDefinition system-api applying {_genkey_0=/system/**} to Path
2024-11-27 14:05:50,435 DEBUG [Nacos-Watch-Task-Scheduler-1][RouteDefinitionRouteLocator.java:271] - RouteDefinition system-api applying {_genkey_0=/system/**} to Path
2024-11-27 14:05:50,435 DEBUG [Nacos-Watch-Task-Scheduler-1][RouteDefinitionRouteLocator.java:162] - RouteDefinition matched: system-api
2024-11-27 14:05:50,435 DEBUG [Nacos-Watch-Task-Scheduler-1][RouteDefinitionRouteLocator.java:162] - RouteDefinition matched: system-api
2024-11-27 14:05:50,435 DEBUG [Nacos-Watch-Task-Scheduler-1][RouteDefinitionRouteLocator.java:271] - RouteDefinition media-api applying {_genkey_0=/media/**} to Path
2024-11-27 14:05:50,435 DEBUG [Nacos-Watch-Task-Scheduler-1][RouteDefinitionRouteLocator.java:271] - RouteDefinition media-api applying {_genkey_0=/media/**} to Path
2024-11-27 14:05:50,436 DEBUG [Nacos-Watch-Task-Scheduler-1][RouteDefinitionRouteLocator.java:162] - RouteDefinition matched: media-api
2024-11-27 14:05:50,436 DEBUG [Nacos-Watch-Task-Scheduler-1][RouteDefinitionRouteLocator.java:162] - RouteDefinition matched: media-api
2024-11-27 14:05:50,436 DEBUG [Nacos-Watch-Task-Scheduler-1][RouteDefinitionRouteLocator.java:271] - RouteDefinition search-service applying {_genkey_0=/search/**} to Path
2024-11-27 14:05:50,436 DEBUG [Nacos-Watch-Task-Scheduler-1][RouteDefinitionRouteLocator.java:271] - RouteDefinition search-service applying {_genkey_0=/search/**} to Path
2024-11-27 14:05:50,436 DEBUG [Nacos-Watch-Task-Scheduler-1][RouteDefinitionRouteLocator.java:162] - RouteDefinition matched: search-service
2024-11-27 14:05:50,436 DEBUG [Nacos-Watch-Task-Scheduler-1][RouteDefinitionRouteLocator.java:271] - RouteDefinition auth-service applying {_genkey_0=/auth/**} to Path
2024-11-27 14:05:50,436 DEBUG [Nacos-Watch-Task-Scheduler-1][RouteDefinitionRouteLocator.java:162] - RouteDefinition matched: search-service
2024-11-27 14:05:50,436 DEBUG [Nacos-Watch-Task-Scheduler-1][RouteDefinitionRouteLocator.java:271] - RouteDefinition auth-service applying {_genkey_0=/auth/**} to Path
2024-11-27 14:05:50,436 DEBUG [Nacos-Watch-Task-Scheduler-1][RouteDefinitionRouteLocator.java:162] - RouteDefinition matched: auth-service
2024-11-27 14:05:50,436 DEBUG [Nacos-Watch-Task-Scheduler-1][RouteDefinitionRouteLocator.java:271] - RouteDefinition checkcode applying {_genkey_0=/checkcode/**} to Path
2024-11-27 14:05:50,436 DEBUG [Nacos-Watch-Task-Scheduler-1][RouteDefinitionRouteLocator.java:162] - RouteDefinition matched: auth-service
2024-11-27 14:05:50,436 DEBUG [Nacos-Watch-Task-Scheduler-1][RouteDefinitionRouteLocator.java:271] - RouteDefinition checkcode applying {_genkey_0=/checkcode/**} to Path
2024-11-27 14:05:50,436 DEBUG [Nacos-Watch-Task-Scheduler-1][RouteDefinitionRouteLocator.java:162] - RouteDefinition matched: checkcode
2024-11-27 14:05:50,436 DEBUG [Nacos-Watch-Task-Scheduler-1][RouteDefinitionRouteLocator.java:162] - RouteDefinition matched: checkcode
2024-11-27 14:05:50,436 DEBUG [Nacos-Watch-Task-Scheduler-1][RouteDefinitionRouteLocator.java:271] - RouteDefinition learning-api applying {_genkey_0=/learning/**} to Path
2024-11-27 14:05:50,436 DEBUG [Nacos-Watch-Task-Scheduler-1][RouteDefinitionRouteLocator.java:271] - RouteDefinition learning-api applying {_genkey_0=/learning/**} to Path
2024-11-27 14:05:50,436 DEBUG [Nacos-Watch-Task-Scheduler-1][RouteDefinitionRouteLocator.java:162] - RouteDefinition matched: learning-api
2024-11-27 14:05:50,436 DEBUG [Nacos-Watch-Task-Scheduler-1][RouteDefinitionRouteLocator.java:162] - RouteDefinition matched: learning-api
2024-11-27 14:05:50,436 DEBUG [Nacos-Watch-Task-Scheduler-1][RouteDefinitionRouteLocator.java:271] - RouteDefinition orders-api applying {_genkey_0=/orders/**} to Path
2024-11-27 14:05:50,436 DEBUG [Nacos-Watch-Task-Scheduler-1][RouteDefinitionRouteLocator.java:271] - RouteDefinition orders-api applying {_genkey_0=/orders/**} to Path
2024-11-27 14:05:50,437 DEBUG [Nacos-Watch-Task-Scheduler-1][RouteDefinitionRouteLocator.java:162] - RouteDefinition matched: orders-api
2024-11-27 14:05:50,437 DEBUG [Nacos-Watch-Task-Scheduler-1][RouteDefinitionRouteLocator.java:162] - RouteDefinition matched: orders-api
2024-11-27 14:05:50,460 DEBUG [HikariPool-1 connection adder][HikariPool.java:728] - HikariPool-1 - Added connection com.mysql.cj.jdbc.ConnectionImpl@13a34db
2024-11-27 14:05:50,460 DEBUG [HikariPool-1 connection adder][HikariPool.java:728] - HikariPool-1 - Added connection com.mysql.cj.jdbc.ConnectionImpl@13a34db
2024-11-27 14:05:50,460 DEBUG [HikariPool-1 connection adder][HikariPool.java:421] - HikariPool-1 - After adding stats (total=4, active=0, idle=4, waiting=0)
2024-11-27 14:05:50,460 DEBUG [HikariPool-1 connection adder][HikariPool.java:421] - HikariPool-1 - After adding stats (total=4, active=0, idle=4, waiting=0)
2024-11-27 14:05:50,498 DEBUG [HikariPool-1 connection adder][HikariPool.java:728] - HikariPool-1 - Added connection com.mysql.cj.jdbc.ConnectionImpl@7b55e846
2024-11-27 14:05:50,498 DEBUG [HikariPool-1 connection adder][HikariPool.java:421] - HikariPool-1 - After adding stats (total=5, active=0, idle=5, waiting=0)
2024-11-27 14:05:50,498 DEBUG [HikariPool-1 connection adder][HikariPool.java:728] - HikariPool-1 - Added connection com.mysql.cj.jdbc.ConnectionImpl@7b55e846
2024-11-27 14:05:50,498 DEBUG [HikariPool-1 connection adder][HikariPool.java:421] - HikariPool-1 - After adding stats (total=5, active=0, idle=5, waiting=0)
2024-11-27 14:05:50,559 DEBUG [HikariPool-1 connection adder][HikariPool.java:728] - HikariPool-1 - Added connection com.mysql.cj.jdbc.ConnectionImpl@5744958
2024-11-27 14:05:50,559 DEBUG [HikariPool-1 connection adder][HikariPool.java:421] - HikariPool-1 - After adding stats (total=6, active=0, idle=6, waiting=0)
2024-11-27 14:05:50,559 DEBUG [HikariPool-1 connection adder][HikariPool.java:728] - HikariPool-1 - Added connection com.mysql.cj.jdbc.ConnectionImpl@5744958
2024-11-27 14:05:50,559 DEBUG [HikariPool-1 connection adder][HikariPool.java:421] - HikariPool-1 - After adding stats (total=6, active=0, idle=6, waiting=0)
2024-11-27 14:05:50,627 DEBUG [HikariPool-1 connection adder][HikariPool.java:728] - HikariPool-1 - Added connection com.mysql.cj.jdbc.ConnectionImpl@53441837
2024-11-27 14:05:50,627 DEBUG [HikariPool-1 connection adder][HikariPool.java:728] - HikariPool-1 - Added connection com.mysql.cj.jdbc.ConnectionImpl@53441837
2024-11-27 14:05:50,627 DEBUG [HikariPool-1 connection adder][HikariPool.java:421] - HikariPool-1 - After adding stats (total=7, active=0, idle=7, waiting=0)
2024-11-27 14:05:50,627 DEBUG [HikariPool-1 connection adder][HikariPool.java:421] - HikariPool-1 - After adding stats (total=7, active=0, idle=7, waiting=0)
2024-11-27 14:05:50,672 DEBUG [HikariPool-1 connection adder][HikariPool.java:728] - HikariPool-1 - Added connection com.mysql.cj.jdbc.ConnectionImpl@606f68db
2024-11-27 14:05:50,672 DEBUG [HikariPool-1 connection adder][HikariPool.java:728] - HikariPool-1 - Added connection com.mysql.cj.jdbc.ConnectionImpl@606f68db
2024-11-27 14:05:50,672 DEBUG [HikariPool-1 connection adder][HikariPool.java:421] - HikariPool-1 - After adding stats (total=8, active=0, idle=8, waiting=0)
2024-11-27 14:05:50,672 DEBUG [HikariPool-1 connection adder][HikariPool.java:421] - HikariPool-1 - After adding stats (total=8, active=0, idle=8, waiting=0)
2024-11-27 14:05:50,685 DEBUG [reactor-http-nio-1][RoutePredicateHandlerMapping.java:149] - Route matched: content-api
2024-11-27 14:05:50,685 DEBUG [reactor-http-nio-1][RoutePredicateHandlerMapping.java:149] - Route matched: content-api
2024-11-27 14:05:50,685 DEBUG [reactor-http-nio-1][RoutePredicateHandlerMapping.java:92] - Mapping [Exchange: POST http://gatewayserver/content/course/list?pageNo=1&pageSize=10] to Route{id='content-api', uri=lb://content-api, order=0, predicate=Paths: [/content/**], match trailing slash: true, gatewayFilters=[], metadata={}}
2024-11-27 14:05:50,685 DEBUG [reactor-http-nio-1][RoutePredicateHandlerMapping.java:92] - Mapping [Exchange: POST http://gatewayserver/content/course/list?pageNo=1&pageSize=10] to Route{id='content-api', uri=lb://content-api, order=0, predicate=Paths: [/content/**], match trailing slash: true, gatewayFilters=[], metadata={}}
2024-11-27 14:05:50,685 DEBUG [reactor-http-nio-1][AbstractHandlerMapping.java:183] - [215c7ede-78] Mapped to org.springframework.cloud.gateway.handler.FilteringWebHandler@10f2a562
2024-11-27 14:05:50,685 DEBUG [reactor-http-nio-1][AbstractHandlerMapping.java:183] - [215c7ede-78] Mapped to org.springframework.cloud.gateway.handler.FilteringWebHandler@10f2a562
2024-11-27 14:05:50,686 DEBUG [reactor-http-nio-1][FilteringWebHandler.java:85] - Sorted gatewayFilterFactories: [[GatewayFilterAdapter{delegate=org.springframework.cloud.gateway.filter.RemoveCachedBodyFilter@136965e3}, order = -2147483648], [GatewayFilterAdapter{delegate=org.springframework.cloud.gateway.filter.AdaptCachedBodyGlobalFilter@424de326}, order = -2147482648], [GatewayFilterAdapter{delegate=org.springframework.cloud.gateway.filter.NettyWriteResponseFilter@4e49ce2b}, order = -1], [GatewayFilterAdapter{delegate=org.springframework.cloud.gateway.filter.ForwardPathFilter@4364712f}, order = 0], [GatewayFilterAdapter{delegate=org.springframework.cloud.gateway.filter.RouteToRequestUrlFilter@53c6f96d}, order = 10000], [GatewayFilterAdapter{delegate=org.springframework.cloud.gateway.filter.LoadBalancerClientFilter@7b676112}, order = 10100], [GatewayFilterAdapter{delegate=org.springframework.cloud.gateway.filter.WebsocketRoutingFilter@1b7a52dd}, order = 2147483646], [GatewayFilterAdapter{delegate=org.springframework.cloud.gateway.filter.NettyRoutingFilter@5578be42}, order = 2147483647], [GatewayFilterAdapter{delegate=org.springframework.cloud.gateway.filter.ForwardRoutingFilter@435cc7f9}, order = 2147483647]]
2024-11-27 14:05:50,686 DEBUG [reactor-http-nio-1][FilteringWebHandler.java:85] - Sorted gatewayFilterFactories: [[GatewayFilterAdapter{delegate=org.springframework.cloud.gateway.filter.RemoveCachedBodyFilter@136965e3}, order = -2147483648], [GatewayFilterAdapter{delegate=org.springframework.cloud.gateway.filter.AdaptCachedBodyGlobalFilter@424de326}, order = -2147482648], [GatewayFilterAdapter{delegate=org.springframework.cloud.gateway.filter.NettyWriteResponseFilter@4e49ce2b}, order = -1], [GatewayFilterAdapter{delegate=org.springframework.cloud.gateway.filter.ForwardPathFilter@4364712f}, order = 0], [GatewayFilterAdapter{delegate=org.springframework.cloud.gateway.filter.RouteToRequestUrlFilter@53c6f96d}, order = 10000], [GatewayFilterAdapter{delegate=org.springframework.cloud.gateway.filter.LoadBalancerClientFilter@7b676112}, order = 10100], [GatewayFilterAdapter{delegate=org.springframework.cloud.gateway.filter.WebsocketRoutingFilter@1b7a52dd}, order = 2147483646], [GatewayFilterAdapter{delegate=org.springframework.cloud.gateway.filter.NettyRoutingFilter@5578be42}, order = 2147483647], [GatewayFilterAdapter{delegate=org.springframework.cloud.gateway.filter.ForwardRoutingFilter@435cc7f9}, order = 2147483647]]
2024-11-27 14:05:50,712 DEBUG [HikariPool-1 connection adder][HikariPool.java:728] - HikariPool-1 - Added connection com.mysql.cj.jdbc.ConnectionImpl@2a9de8ba
2024-11-27 14:05:50,712 DEBUG [HikariPool-1 connection adder][HikariPool.java:728] - HikariPool-1 - Added connection com.mysql.cj.jdbc.ConnectionImpl@2a9de8ba
2024-11-27 14:05:50,713 DEBUG [HikariPool-1 connection adder][HikariPool.java:421] - HikariPool-1 - After adding stats (total=9, active=0, idle=9, waiting=0)
2024-11-27 14:05:50,713 DEBUG [HikariPool-1 connection adder][HikariPool.java:421] - HikariPool-1 - After adding stats (total=9, active=0, idle=9, waiting=0)
