2024-11-27 11:33:30,142 WARN [Thread-18][NotifyCenter.java:145] - [NotifyCenter] Start destroying Publisher
2024-11-27 11:33:30,142 WARN [Thread-3][HttpClientBeanHolder.java:108] - [HttpClientBeanHolder] Start destroying common HttpClient
2024-11-27 11:33:30,142 WARN [Thread-18][NotifyCenter.java:145] - [NotifyCenter] Start destroying Publisher
2024-11-27 11:33:30,142 WARN [Thread-3][HttpClientBeanHolder.java:108] - [HttpClientBeanHolder] Start destroying common HttpClient
2024-11-27 11:33:30,158 WARN [Thread-18][NotifyCenter.java:162] - [NotifyCenter] Destruction of the end
2024-11-27 11:33:30,158 WARN [Thread-18][NotifyCenter.java:162] - [NotifyCenter] Destruction of the end
2024-11-27 11:33:30,158 WARN [Thread-3][HttpClientBeanHolder.java:114] - [HttpClientBeanHolder] Destruction of the end
2024-11-27 11:33:30,158 WARN [Thread-3][HttpClientBeanHolder.java:114] - [HttpClientBeanHolder] Destruction of the end
2024-11-27 11:33:30,261 INFO [SpringContextShutdownHook][ExecutorConfigurationSupport.java:218] - Shutting down ExecutorService 'Nacos-Watch-Task-Scheduler'
2024-11-27 11:33:30,261 INFO [SpringContextShutdownHook][ExecutorConfigurationSupport.java:218] - Shutting down ExecutorService 'Nacos-Watch-Task-Scheduler'
2024-11-27 11:33:30,261 INFO [SpringContextShutdownHook][NacosServiceRegistry.java:94] - De-registering from Nacos Server now...
2024-11-27 11:33:30,261 INFO [SpringContextShutdownHook][NacosServiceRegistry.java:94] - De-registering from Nacos Server now...
2024-11-27 11:33:30,261 INFO [SpringContextShutdownHook][BeatReactor.java:101] - [BEAT] removing beat: physicaleducation-plus-project@@content-api:172.18.210.246:63040 from beat map.
2024-11-27 11:33:30,261 INFO [SpringContextShutdownHook][BeatReactor.java:101] - [BEAT] removing beat: physicaleducation-plus-project@@content-api:172.18.210.246:63040 from beat map.
2024-11-27 11:33:30,261 INFO [SpringContextShutdownHook][NamingProxy.java:260] - [DEREGISTER-SERVICE] dev deregistering service physicaleducation-plus-project@@content-api with instance: Instance{instanceId='null', ip='172.18.210.246', port=63040, weight=1.0, healthy=true, enabled=true, ephemeral=true, clusterName='DEFAULT', serviceName='null', metadata={}}
2024-11-27 11:33:30,261 INFO [SpringContextShutdownHook][NamingProxy.java:260] - [DEREGISTER-SERVICE] dev deregistering service physicaleducation-plus-project@@content-api with instance: Instance{instanceId='null', ip='172.18.210.246', port=63040, weight=1.0, healthy=true, enabled=true, ephemeral=true, clusterName='DEFAULT', serviceName='null', metadata={}}
2024-11-27 11:33:30,276 INFO [SpringContextShutdownHook][NacosServiceRegistry.java:114] - De-registration finished.
2024-11-27 11:33:30,276 INFO [SpringContextShutdownHook][NacosServiceRegistry.java:114] - De-registration finished.
2024-11-27 11:33:30,276 INFO [SpringContextShutdownHook][BeatReactor.java:147] - com.alibaba.nacos.client.naming.beat.BeatReactor do shutdown begin
2024-11-27 11:33:30,276 INFO [SpringContextShutdownHook][BeatReactor.java:147] - com.alibaba.nacos.client.naming.beat.BeatReactor do shutdown begin
2024-11-27 11:33:30,826 INFO [SpringContextShutdownHook][BeatReactor.java:149] - com.alibaba.nacos.client.naming.beat.BeatReactor do shutdown stop
2024-11-27 11:33:30,826 INFO [SpringContextShutdownHook][BeatReactor.java:149] - com.alibaba.nacos.client.naming.beat.BeatReactor do shutdown stop
2024-11-27 11:33:30,826 INFO [SpringContextShutdownHook][HostReactor.java:413] - com.alibaba.nacos.client.naming.core.HostReactor do shutdown begin
2024-11-27 11:33:30,826 INFO [SpringContextShutdownHook][HostReactor.java:413] - com.alibaba.nacos.client.naming.core.HostReactor do shutdown begin
2024-11-27 11:33:31,126 INFO [com.alibaba.nacos.client.naming.updater][HostReactor.java:238] - removed ips(1) service: physicaleducation-plus-project@@content-api -> [{"instanceId":"172.18.210.246#63040#DEFAULT#physicaleducation-plus-project@@content-api","ip":"172.18.210.246","port":63040,"weight":1.0,"healthy":true,"enabled":true,"ephemeral":true,"clusterName":"DEFAULT","serviceName":"physicaleducation-plus-project@@content-api","metadata":{"preserved.register.source":"SPRING_CLOUD"},"ipDeleteTimeout":30000,"instanceHeartBeatTimeOut":15000,"instanceHeartBeatInterval":5000}]
2024-11-27 11:33:31,126 INFO [com.alibaba.nacos.client.naming.updater][HostReactor.java:238] - removed ips(1) service: physicaleducation-plus-project@@content-api -> [{"instanceId":"172.18.210.246#63040#DEFAULT#physicaleducation-plus-project@@content-api","ip":"172.18.210.246","port":63040,"weight":1.0,"healthy":true,"enabled":true,"ephemeral":true,"clusterName":"DEFAULT","serviceName":"physicaleducation-plus-project@@content-api","metadata":{"preserved.register.source":"SPRING_CLOUD"},"ipDeleteTimeout":30000,"instanceHeartBeatTimeOut":15000,"instanceHeartBeatInterval":5000}]
2024-11-27 11:33:31,141 INFO [com.alibaba.nacos.client.naming.updater][HostReactor.java:271] - current ips:(0) service: physicaleducation-plus-project@@content-api -> []
2024-11-27 11:33:31,141 INFO [com.alibaba.nacos.client.naming.updater][HostReactor.java:271] - current ips:(0) service: physicaleducation-plus-project@@content-api -> []
2024-11-27 11:33:33,846 INFO [SpringContextShutdownHook][PushReceiver.java:132] - com.alibaba.nacos.client.naming.core.PushReceiver do shutdown begin
2024-11-27 11:33:33,846 INFO [SpringContextShutdownHook][PushReceiver.java:132] - com.alibaba.nacos.client.naming.core.PushReceiver do shutdown begin
2024-11-27 11:33:34,215 WARN [Thread-2][HttpClientBeanHolder.java:108] - [HttpClientBeanHolder] Start destroying common HttpClient
2024-11-27 11:33:34,215 INFO [Thread-46][PollingServerListUpdater.java:53] - Shutting down the Executor Pool for PollingServerListUpdater
2024-11-27 11:33:34,215 WARN [Thread-2][HttpClientBeanHolder.java:108] - [HttpClientBeanHolder] Start destroying common HttpClient
2024-11-27 11:33:34,215 INFO [Thread-46][PollingServerListUpdater.java:53] - Shutting down the Executor Pool for PollingServerListUpdater
2024-11-27 11:33:34,215 WARN [Thread-19][NotifyCenter.java:145] - [NotifyCenter] Start destroying Publisher
2024-11-27 11:33:34,215 WARN [Thread-19][NotifyCenter.java:145] - [NotifyCenter] Start destroying Publisher
2024-11-27 11:33:34,215 WARN [Thread-19][NotifyCenter.java:162] - [NotifyCenter] Destruction of the end
2024-11-27 11:33:34,215 WARN [Thread-19][NotifyCenter.java:162] - [NotifyCenter] Destruction of the end
2024-11-27 11:33:34,215 WARN [Thread-2][HttpClientBeanHolder.java:114] - [HttpClientBeanHolder] Destruction of the end
2024-11-27 11:33:34,215 WARN [Thread-2][HttpClientBeanHolder.java:114] - [HttpClientBeanHolder] Destruction of the end
2024-11-27 11:33:34,215 INFO [SpringContextShutdownHook][ExecutorConfigurationSupport.java:218] - Shutting down ExecutorService 'Nacos-Watch-Task-Scheduler'
2024-11-27 11:33:34,215 INFO [SpringContextShutdownHook][ExecutorConfigurationSupport.java:218] - Shutting down ExecutorService 'Nacos-Watch-Task-Scheduler'
2024-11-27 11:33:34,215 INFO [SpringContextShutdownHook][NacosServiceRegistry.java:94] - De-registering from Nacos Server now...
2024-11-27 11:33:34,215 INFO [SpringContextShutdownHook][NacosServiceRegistry.java:94] - De-registering from Nacos Server now...
2024-11-27 11:33:34,215 INFO [SpringContextShutdownHook][BeatReactor.java:101] - [BEAT] removing beat: physicaleducation-plus-project@@gateway:172.18.210.246:63010 from beat map.
2024-11-27 11:33:34,215 INFO [SpringContextShutdownHook][BeatReactor.java:101] - [BEAT] removing beat: physicaleducation-plus-project@@gateway:172.18.210.246:63010 from beat map.
2024-11-27 11:33:34,215 INFO [SpringContextShutdownHook][NamingProxy.java:260] - [DEREGISTER-SERVICE] dev deregistering service physicaleducation-plus-project@@gateway with instance: Instance{instanceId='null', ip='172.18.210.246', port=63010, weight=1.0, healthy=true, enabled=true, ephemeral=true, clusterName='DEFAULT', serviceName='null', metadata={}}
2024-11-27 11:33:34,215 INFO [SpringContextShutdownHook][NamingProxy.java:260] - [DEREGISTER-SERVICE] dev deregistering service physicaleducation-plus-project@@gateway with instance: Instance{instanceId='null', ip='172.18.210.246', port=63010, weight=1.0, healthy=true, enabled=true, ephemeral=true, clusterName='DEFAULT', serviceName='null', metadata={}}
2024-11-27 11:33:34,223 INFO [SpringContextShutdownHook][NacosServiceRegistry.java:114] - De-registration finished.
2024-11-27 11:33:34,223 INFO [SpringContextShutdownHook][NacosServiceRegistry.java:114] - De-registration finished.
2024-11-27 11:33:34,223 INFO [SpringContextShutdownHook][BeatReactor.java:147] - com.alibaba.nacos.client.naming.beat.BeatReactor do shutdown begin
2024-11-27 11:33:34,223 INFO [SpringContextShutdownHook][BeatReactor.java:147] - com.alibaba.nacos.client.naming.beat.BeatReactor do shutdown begin
2024-11-27 11:33:36,257 INFO [SpringContextShutdownHook][BeatReactor.java:149] - com.alibaba.nacos.client.naming.beat.BeatReactor do shutdown stop
2024-11-27 11:33:36,257 INFO [SpringContextShutdownHook][BeatReactor.java:149] - com.alibaba.nacos.client.naming.beat.BeatReactor do shutdown stop
2024-11-27 11:33:36,257 INFO [SpringContextShutdownHook][HostReactor.java:413] - com.alibaba.nacos.client.naming.core.HostReactor do shutdown begin
2024-11-27 11:33:36,257 INFO [SpringContextShutdownHook][HostReactor.java:413] - com.alibaba.nacos.client.naming.core.HostReactor do shutdown begin
2024-11-27 11:33:39,199 DEBUG [HikariPool-1 housekeeper][HikariPool.java:421] - HikariPool-1 - Pool stats (total=10, active=0, idle=10, waiting=0)
2024-11-27 11:33:39,199 DEBUG [HikariPool-1 housekeeper][HikariPool.java:421] - HikariPool-1 - Pool stats (total=10, active=0, idle=10, waiting=0)
2024-11-27 11:33:39,199 DEBUG [HikariPool-1 housekeeper][HikariPool.java:517] - HikariPool-1 - Fill pool skipped, pool is at sufficient level.
2024-11-27 11:33:39,199 DEBUG [HikariPool-1 housekeeper][HikariPool.java:517] - HikariPool-1 - Fill pool skipped, pool is at sufficient level.
2024-11-27 11:33:39,277 INFO [SpringContextShutdownHook][PushReceiver.java:132] - com.alibaba.nacos.client.naming.core.PushReceiver do shutdown begin
2024-11-27 11:33:39,277 INFO [SpringContextShutdownHook][PushReceiver.java:132] - com.alibaba.nacos.client.naming.core.PushReceiver do shutdown begin
2024-11-27 11:33:42,301 INFO [SpringContextShutdownHook][PushReceiver.java:136] - com.alibaba.nacos.client.naming.core.PushReceiver do shutdown stop
2024-11-27 11:33:42,301 INFO [SpringContextShutdownHook][PushReceiver.java:136] - com.alibaba.nacos.client.naming.core.PushReceiver do shutdown stop
2024-11-27 11:33:42,301 INFO [SpringContextShutdownHook][FailoverReactor.java:132] - com.alibaba.nacos.client.naming.backups.FailoverReactor do shutdown begin
2024-11-27 11:33:42,301 INFO [SpringContextShutdownHook][FailoverReactor.java:132] - com.alibaba.nacos.client.naming.backups.FailoverReactor do shutdown begin
2024-11-27 11:33:42,301 INFO [SpringContextShutdownHook][FailoverReactor.java:134] - com.alibaba.nacos.client.naming.backups.FailoverReactor do shutdown stop
2024-11-27 11:33:42,301 INFO [SpringContextShutdownHook][HostReactor.java:418] - com.alibaba.nacos.client.naming.core.HostReactor do shutdown stop
2024-11-27 11:33:42,301 INFO [SpringContextShutdownHook][FailoverReactor.java:134] - com.alibaba.nacos.client.naming.backups.FailoverReactor do shutdown stop
2024-11-27 11:33:42,301 INFO [SpringContextShutdownHook][HostReactor.java:418] - com.alibaba.nacos.client.naming.core.HostReactor do shutdown stop
2024-11-27 11:33:42,301 INFO [SpringContextShutdownHook][NamingProxy.java:719] - com.alibaba.nacos.client.naming.net.NamingProxy do shutdown begin
2024-11-27 11:33:42,301 INFO [SpringContextShutdownHook][NamingProxy.java:719] - com.alibaba.nacos.client.naming.net.NamingProxy do shutdown begin
2024-11-27 11:33:42,302 WARN [SpringContextShutdownHook][NamingHttpClientManager.java:72] - [NamingHttpClientManager] Start destroying NacosRestTemplate
2024-11-27 11:33:42,302 WARN [SpringContextShutdownHook][NamingHttpClientManager.java:79] - [NamingHttpClientManager] Destruction of the end
2024-11-27 11:33:42,302 WARN [SpringContextShutdownHook][NamingHttpClientManager.java:72] - [NamingHttpClientManager] Start destroying NacosRestTemplate
2024-11-27 11:33:42,302 WARN [SpringContextShutdownHook][NamingHttpClientManager.java:79] - [NamingHttpClientManager] Destruction of the end
2024-11-27 11:33:42,302 INFO [SpringContextShutdownHook][CredentialWatcher.java:105] - [null] CredentialWatcher is stopped
2024-11-27 11:33:42,302 INFO [SpringContextShutdownHook][CredentialWatcher.java:105] - [null] CredentialWatcher is stopped
2024-11-27 11:33:42,302 INFO [SpringContextShutdownHook][CredentialService.java:98] - [null] CredentialService is freed
2024-11-27 11:33:42,302 INFO [SpringContextShutdownHook][CredentialService.java:98] - [null] CredentialService is freed
2024-11-27 11:33:42,302 INFO [SpringContextShutdownHook][NamingProxy.java:723] - com.alibaba.nacos.client.naming.net.NamingProxy do shutdown stop
2024-11-27 11:33:42,302 INFO [SpringContextShutdownHook][NamingProxy.java:723] - com.alibaba.nacos.client.naming.net.NamingProxy do shutdown stop
2024-11-27 11:33:42,302 WARN [SpringContextShutdownHook][DisposableBeanAdapter.java:349] - Destroy method 'close' on bean with name 'nacosServiceRegistry' threw an exception: java.lang.NullPointerException
2024-11-27 11:33:42,302 WARN [SpringContextShutdownHook][DisposableBeanAdapter.java:349] - Destroy method 'close' on bean with name 'nacosServiceRegistry' threw an exception: java.lang.NullPointerException
2024-11-27 11:33:44,975 WARN [Thread-15][HttpClientBeanHolder.java:108] - [HttpClientBeanHolder] Start destroying common HttpClient
2024-11-27 11:33:44,976 WARN [Thread-21][NotifyCenter.java:145] - [NotifyCenter] Start destroying Publisher
2024-11-27 11:33:44,975 WARN [Thread-15][HttpClientBeanHolder.java:108] - [HttpClientBeanHolder] Start destroying common HttpClient
2024-11-27 11:33:44,976 WARN [Thread-21][NotifyCenter.java:145] - [NotifyCenter] Start destroying Publisher
2024-11-27 11:33:44,976 WARN [Thread-21][NotifyCenter.java:162] - [NotifyCenter] Destruction of the end
2024-11-27 11:33:44,976 WARN [Thread-21][NotifyCenter.java:162] - [NotifyCenter] Destruction of the end
2024-11-27 11:33:44,976 WARN [Thread-15][HttpClientBeanHolder.java:114] - [HttpClientBeanHolder] Destruction of the end
2024-11-27 11:33:44,976 WARN [Thread-15][HttpClientBeanHolder.java:114] - [HttpClientBeanHolder] Destruction of the end
2024-11-27 11:33:45,092 INFO [SpringContextShutdownHook][ExecutorConfigurationSupport.java:218] - Shutting down ExecutorService 'Nacos-Watch-Task-Scheduler'
2024-11-27 11:33:45,092 INFO [SpringContextShutdownHook][ExecutorConfigurationSupport.java:218] - Shutting down ExecutorService 'Nacos-Watch-Task-Scheduler'
2024-11-27 11:33:45,093 INFO [SpringContextShutdownHook][ExecutorConfigurationSupport.java:218] - Shutting down ExecutorService 'taskScheduler'
2024-11-27 11:33:45,093 INFO [SpringContextShutdownHook][ExecutorConfigurationSupport.java:218] - Shutting down ExecutorService 'taskScheduler'
2024-11-27 11:33:45,093 INFO [SpringContextShutdownHook][NacosServiceRegistry.java:94] - De-registering from Nacos Server now...
2024-11-27 11:33:45,093 INFO [SpringContextShutdownHook][NacosServiceRegistry.java:94] - De-registering from Nacos Server now...
2024-11-27 11:33:45,133 INFO [SpringContextShutdownHook][NacosServiceRegistry.java:114] - De-registration finished.
2024-11-27 11:33:45,133 INFO [SpringContextShutdownHook][NacosServiceRegistry.java:114] - De-registration finished.
2024-11-27 11:33:52,494 WARN [SpringContextShutdownHook][DisposableBeanAdapter.java:349] - Destroy method 'close' on bean with name 'nacosServiceRegistry' threw an exception: java.lang.NullPointerException
2024-11-27 11:33:52,494 WARN [SpringContextShutdownHook][DisposableBeanAdapter.java:349] - Destroy method 'close' on bean with name 'nacosServiceRegistry' threw an exception: java.lang.NullPointerException
2024-11-27 11:33:52,495 INFO [SpringContextShutdownHook][ExecutorConfigurationSupport.java:218] - Shutting down ExecutorService 'applicationTaskExecutor'
2024-11-27 11:33:52,495 INFO [SpringContextShutdownHook][ExecutorConfigurationSupport.java:218] - Shutting down ExecutorService 'applicationTaskExecutor'
2024-11-27 11:33:52,498 INFO [SpringContextShutdownHook][HikariDataSource.java:350] - HikariPool-1 - Shutdown initiated...
2024-11-27 11:33:52,498 INFO [SpringContextShutdownHook][HikariDataSource.java:350] - HikariPool-1 - Shutdown initiated...
2024-11-27 11:33:52,498 DEBUG [SpringContextShutdownHook][HikariPool.java:421] - HikariPool-1 - Before shutdown stats (total=10, active=0, idle=10, waiting=0)
2024-11-27 11:33:52,498 DEBUG [SpringContextShutdownHook][HikariPool.java:421] - HikariPool-1 - Before shutdown stats (total=10, active=0, idle=10, waiting=0)
2024-11-27 11:33:52,499 DEBUG [HikariPool-1 connection closer][PoolBase.java:134] - HikariPool-1 - Closing connection com.mysql.cj.jdbc.ConnectionImpl@4e52edac: (connection evicted)
2024-11-27 11:33:52,499 DEBUG [HikariPool-1 connection closer][PoolBase.java:134] - HikariPool-1 - Closing connection com.mysql.cj.jdbc.ConnectionImpl@4e52edac: (connection evicted)
2024-11-27 11:33:52,499 DEBUG [HikariPool-1 connection closer][PoolBase.java:134] - HikariPool-1 - Closing connection com.mysql.cj.jdbc.ConnectionImpl@acf85ac: (connection evicted)
2024-11-27 11:33:52,499 DEBUG [HikariPool-1 connection closer][PoolBase.java:134] - HikariPool-1 - Closing connection com.mysql.cj.jdbc.ConnectionImpl@acf85ac: (connection evicted)
2024-11-27 11:33:52,499 DEBUG [HikariPool-1 connection closer][PoolBase.java:134] - HikariPool-1 - Closing connection com.mysql.cj.jdbc.ConnectionImpl@4bf28f97: (connection evicted)
2024-11-27 11:33:52,499 DEBUG [HikariPool-1 connection closer][PoolBase.java:134] - HikariPool-1 - Closing connection com.mysql.cj.jdbc.ConnectionImpl@4bf28f97: (connection evicted)
2024-11-27 11:33:52,499 DEBUG [HikariPool-1 connection closer][PoolBase.java:134] - HikariPool-1 - Closing connection com.mysql.cj.jdbc.ConnectionImpl@40005f9c: (connection evicted)
2024-11-27 11:33:52,499 DEBUG [HikariPool-1 connection closer][PoolBase.java:134] - HikariPool-1 - Closing connection com.mysql.cj.jdbc.ConnectionImpl@40005f9c: (connection evicted)
2024-11-27 11:33:52,501 DEBUG [HikariPool-1 connection closer][PoolBase.java:134] - HikariPool-1 - Closing connection com.mysql.cj.jdbc.ConnectionImpl@1d455ea9: (connection evicted)
2024-11-27 11:33:52,501 DEBUG [HikariPool-1 connection closer][PoolBase.java:134] - HikariPool-1 - Closing connection com.mysql.cj.jdbc.ConnectionImpl@1d455ea9: (connection evicted)
2024-11-27 11:33:52,501 DEBUG [HikariPool-1 connection closer][PoolBase.java:134] - HikariPool-1 - Closing connection com.mysql.cj.jdbc.ConnectionImpl@13f5382b: (connection evicted)
2024-11-27 11:33:52,501 DEBUG [HikariPool-1 connection closer][PoolBase.java:134] - HikariPool-1 - Closing connection com.mysql.cj.jdbc.ConnectionImpl@13f5382b: (connection evicted)
2024-11-27 11:33:52,501 DEBUG [HikariPool-1 connection closer][PoolBase.java:134] - HikariPool-1 - Closing connection com.mysql.cj.jdbc.ConnectionImpl@52c83210: (connection evicted)
2024-11-27 11:33:52,501 DEBUG [HikariPool-1 connection closer][PoolBase.java:134] - HikariPool-1 - Closing connection com.mysql.cj.jdbc.ConnectionImpl@52c83210: (connection evicted)
2024-11-27 11:33:52,501 DEBUG [HikariPool-1 connection closer][PoolBase.java:134] - HikariPool-1 - Closing connection com.mysql.cj.jdbc.ConnectionImpl@635047f9: (connection evicted)
2024-11-27 11:33:52,501 DEBUG [HikariPool-1 connection closer][PoolBase.java:134] - HikariPool-1 - Closing connection com.mysql.cj.jdbc.ConnectionImpl@635047f9: (connection evicted)
2024-11-27 11:33:52,502 DEBUG [HikariPool-1 connection closer][PoolBase.java:134] - HikariPool-1 - Closing connection com.mysql.cj.jdbc.ConnectionImpl@32e7cd5f: (connection evicted)
2024-11-27 11:33:52,502 DEBUG [HikariPool-1 connection closer][PoolBase.java:134] - HikariPool-1 - Closing connection com.mysql.cj.jdbc.ConnectionImpl@32e7cd5f: (connection evicted)
2024-11-27 11:33:52,502 DEBUG [HikariPool-1 connection closer][PoolBase.java:134] - HikariPool-1 - Closing connection com.mysql.cj.jdbc.ConnectionImpl@7a5a7246: (connection evicted)
2024-11-27 11:33:52,502 DEBUG [HikariPool-1 connection closer][PoolBase.java:134] - HikariPool-1 - Closing connection com.mysql.cj.jdbc.ConnectionImpl@7a5a7246: (connection evicted)
2024-11-27 11:33:52,502 DEBUG [SpringContextShutdownHook][HikariPool.java:421] - HikariPool-1 - After shutdown stats (total=0, active=0, idle=0, waiting=0)
2024-11-27 11:33:52,502 DEBUG [SpringContextShutdownHook][HikariPool.java:421] - HikariPool-1 - After shutdown stats (total=0, active=0, idle=0, waiting=0)
2024-11-27 11:33:52,503 INFO [SpringContextShutdownHook][HikariDataSource.java:352] - HikariPool-1 - Shutdown completed.
2024-11-27 11:33:52,503 INFO [SpringContextShutdownHook][HikariDataSource.java:352] - HikariPool-1 - Shutdown completed.
