2024-11-26 16:33:02,748 WARN [OkHttp ConnectionPool][Platform.kt:125] - A connection to http://43.142.157.161:9000/ was leaked. Did you forget to close a response body? To see where this was allocated, set the OkHttpClient logger level to FINE: Logger.getLogger(OkHttpClient.class.getName()).setLevel(Level.FINE);
2024-11-26 16:33:02,748 WARN [OkHttp ConnectionPool][Platform.kt:125] - A connection to http://43.142.157.161:9000/ was leaked. Did you forget to close a response body? To see where this was allocated, set the OkHttpClient logger level to FINE: Logger.getLogger(OkHttpClient.class.getName()).setLevel(Level.FINE);
2024-11-26 16:33:02,756 WARN [OkHttp ConnectionPool][Platform.kt:125] - A connection to http://43.142.157.161:9000/ was leaked. Did you forget to close a response body? To see where this was allocated, set the OkHttpClient logger level to FINE: Logger.getLogger(OkHttpClient.class.getName()).setLevel(Level.FINE);
2024-11-26 16:33:02,756 WARN [OkHttp ConnectionPool][Platform.kt:125] - A connection to http://43.142.157.161:9000/ was leaked. Did you forget to close a response body? To see where this was allocated, set the OkHttpClient logger level to FINE: Logger.getLogger(OkHttpClient.class.getName()).setLevel(Level.FINE);
2024-11-26 16:33:02,756 WARN [OkHttp ConnectionPool][Platform.kt:125] - A connection to http://43.142.157.161:9000/ was leaked. Did you forget to close a response body? To see where this was allocated, set the OkHttpClient logger level to FINE: Logger.getLogger(OkHttpClient.class.getName()).setLevel(Level.FINE);
2024-11-26 16:33:02,756 WARN [OkHttp ConnectionPool][Platform.kt:125] - A connection to http://43.142.157.161:9000/ was leaked. Did you forget to close a response body? To see where this was allocated, set the OkHttpClient logger level to FINE: Logger.getLogger(OkHttpClient.class.getName()).setLevel(Level.FINE);
2024-11-26 16:33:02,756 WARN [OkHttp ConnectionPool][Platform.kt:125] - A connection to http://43.142.157.161:9000/ was leaked. Did you forget to close a response body? To see where this was allocated, set the OkHttpClient logger level to FINE: Logger.getLogger(OkHttpClient.class.getName()).setLevel(Level.FINE);
2024-11-26 16:33:02,756 WARN [OkHttp ConnectionPool][Platform.kt:125] - A connection to http://43.142.157.161:9000/ was leaked. Did you forget to close a response body? To see where this was allocated, set the OkHttpClient logger level to FINE: Logger.getLogger(OkHttpClient.class.getName()).setLevel(Level.FINE);
2024-11-26 16:33:02,757 WARN [OkHttp ConnectionPool][Platform.kt:125] - A connection to http://43.142.157.161:9000/ was leaked. Did you forget to close a response body? To see where this was allocated, set the OkHttpClient logger level to FINE: Logger.getLogger(OkHttpClient.class.getName()).setLevel(Level.FINE);
2024-11-26 16:33:02,757 WARN [OkHttp ConnectionPool][Platform.kt:125] - A connection to http://43.142.157.161:9000/ was leaked. Did you forget to close a response body? To see where this was allocated, set the OkHttpClient logger level to FINE: Logger.getLogger(OkHttpClient.class.getName()).setLevel(Level.FINE);
2024-11-26 16:33:02,757 WARN [OkHttp ConnectionPool][Platform.kt:125] - A connection to http://43.142.157.161:9000/ was leaked. Did you forget to close a response body? To see where this was allocated, set the OkHttpClient logger level to FINE: Logger.getLogger(OkHttpClient.class.getName()).setLevel(Level.FINE);
2024-11-26 16:33:02,757 WARN [OkHttp ConnectionPool][Platform.kt:125] - A connection to http://43.142.157.161:9000/ was leaked. Did you forget to close a response body? To see where this was allocated, set the OkHttpClient logger level to FINE: Logger.getLogger(OkHttpClient.class.getName()).setLevel(Level.FINE);
2024-11-26 16:33:02,757 WARN [OkHttp ConnectionPool][Platform.kt:125] - A connection to http://43.142.157.161:9000/ was leaked. Did you forget to close a response body? To see where this was allocated, set the OkHttpClient logger level to FINE: Logger.getLogger(OkHttpClient.class.getName()).setLevel(Level.FINE);
2024-11-26 16:33:02,757 WARN [OkHttp ConnectionPool][Platform.kt:125] - A connection to http://43.142.157.161:9000/ was leaked. Did you forget to close a response body? To see where this was allocated, set the OkHttpClient logger level to FINE: Logger.getLogger(OkHttpClient.class.getName()).setLevel(Level.FINE);
2024-11-26 16:33:02,757 WARN [OkHttp ConnectionPool][Platform.kt:125] - A connection to http://43.142.157.161:9000/ was leaked. Did you forget to close a response body? To see where this was allocated, set the OkHttpClient logger level to FINE: Logger.getLogger(OkHttpClient.class.getName()).setLevel(Level.FINE);
2024-11-26 16:33:02,757 WARN [OkHttp ConnectionPool][Platform.kt:125] - A connection to http://43.142.157.161:9000/ was leaked. Did you forget to close a response body? To see where this was allocated, set the OkHttpClient logger level to FINE: Logger.getLogger(OkHttpClient.class.getName()).setLevel(Level.FINE);
2024-11-26 16:33:02,757 WARN [OkHttp ConnectionPool][Platform.kt:125] - A connection to http://43.142.157.161:9000/ was leaked. Did you forget to close a response body? To see where this was allocated, set the OkHttpClient logger level to FINE: Logger.getLogger(OkHttpClient.class.getName()).setLevel(Level.FINE);
2024-11-26 16:33:02,757 WARN [OkHttp ConnectionPool][Platform.kt:125] - A connection to http://43.142.157.161:9000/ was leaked. Did you forget to close a response body? To see where this was allocated, set the OkHttpClient logger level to FINE: Logger.getLogger(OkHttpClient.class.getName()).setLevel(Level.FINE);
2024-11-26 16:33:02,758 WARN [OkHttp ConnectionPool][Platform.kt:125] - A connection to http://43.142.157.161:9000/ was leaked. Did you forget to close a response body? To see where this was allocated, set the OkHttpClient logger level to FINE: Logger.getLogger(OkHttpClient.class.getName()).setLevel(Level.FINE);
2024-11-26 16:33:02,758 WARN [OkHttp ConnectionPool][Platform.kt:125] - A connection to http://43.142.157.161:9000/ was leaked. Did you forget to close a response body? To see where this was allocated, set the OkHttpClient logger level to FINE: Logger.getLogger(OkHttpClient.class.getName()).setLevel(Level.FINE);
2024-11-26 16:33:02,758 WARN [OkHttp ConnectionPool][Platform.kt:125] - A connection to http://43.142.157.161:9000/ was leaked. Did you forget to close a response body? To see where this was allocated, set the OkHttpClient logger level to FINE: Logger.getLogger(OkHttpClient.class.getName()).setLevel(Level.FINE);
2024-11-26 16:33:02,758 WARN [OkHttp ConnectionPool][Platform.kt:125] - A connection to http://43.142.157.161:9000/ was leaked. Did you forget to close a response body? To see where this was allocated, set the OkHttpClient logger level to FINE: Logger.getLogger(OkHttpClient.class.getName()).setLevel(Level.FINE);
2024-11-26 16:33:02,758 WARN [OkHttp ConnectionPool][Platform.kt:125] - A connection to http://43.142.157.161:9000/ was leaked. Did you forget to close a response body? To see where this was allocated, set the OkHttpClient logger level to FINE: Logger.getLogger(OkHttpClient.class.getName()).setLevel(Level.FINE);
2024-11-26 16:33:02,758 WARN [OkHttp ConnectionPool][Platform.kt:125] - A connection to http://43.142.157.161:9000/ was leaked. Did you forget to close a response body? To see where this was allocated, set the OkHttpClient logger level to FINE: Logger.getLogger(OkHttpClient.class.getName()).setLevel(Level.FINE);
2024-11-26 16:33:02,758 WARN [OkHttp ConnectionPool][Platform.kt:125] - A connection to http://43.142.157.161:9000/ was leaked. Did you forget to close a response body? To see where this was allocated, set the OkHttpClient logger level to FINE: Logger.getLogger(OkHttpClient.class.getName()).setLevel(Level.FINE);
2024-11-26 16:33:02,758 WARN [OkHttp ConnectionPool][Platform.kt:125] - A connection to http://43.142.157.161:9000/ was leaked. Did you forget to close a response body? To see where this was allocated, set the OkHttpClient logger level to FINE: Logger.getLogger(OkHttpClient.class.getName()).setLevel(Level.FINE);
2024-11-26 16:33:02,758 WARN [OkHttp ConnectionPool][Platform.kt:125] - A connection to http://43.142.157.161:9000/ was leaked. Did you forget to close a response body? To see where this was allocated, set the OkHttpClient logger level to FINE: Logger.getLogger(OkHttpClient.class.getName()).setLevel(Level.FINE);
2024-11-26 16:33:02,758 WARN [OkHttp ConnectionPool][Platform.kt:125] - A connection to http://43.142.157.161:9000/ was leaked. Did you forget to close a response body? To see where this was allocated, set the OkHttpClient logger level to FINE: Logger.getLogger(OkHttpClient.class.getName()).setLevel(Level.FINE);
2024-11-26 16:33:02,758 WARN [OkHttp ConnectionPool][Platform.kt:125] - A connection to http://43.142.157.161:9000/ was leaked. Did you forget to close a response body? To see where this was allocated, set the OkHttpClient logger level to FINE: Logger.getLogger(OkHttpClient.class.getName()).setLevel(Level.FINE);
2024-11-26 16:33:02,758 WARN [OkHttp ConnectionPool][Platform.kt:125] - A connection to http://43.142.157.161:9000/ was leaked. Did you forget to close a response body? To see where this was allocated, set the OkHttpClient logger level to FINE: Logger.getLogger(OkHttpClient.class.getName()).setLevel(Level.FINE);
2024-11-26 16:33:02,758 WARN [OkHttp ConnectionPool][Platform.kt:125] - A connection to http://43.142.157.161:9000/ was leaked. Did you forget to close a response body? To see where this was allocated, set the OkHttpClient logger level to FINE: Logger.getLogger(OkHttpClient.class.getName()).setLevel(Level.FINE);
2024-11-26 16:33:02,758 WARN [OkHttp ConnectionPool][Platform.kt:125] - A connection to http://43.142.157.161:9000/ was leaked. Did you forget to close a response body? To see where this was allocated, set the OkHttpClient logger level to FINE: Logger.getLogger(OkHttpClient.class.getName()).setLevel(Level.FINE);
2024-11-26 16:33:15,051 DEBUG [HikariPool-1 housekeeper][HikariPool.java:421] - HikariPool-1 - Pool stats (total=10, active=0, idle=10, waiting=0)
2024-11-26 16:33:15,051 DEBUG [HikariPool-1 housekeeper][HikariPool.java:421] - HikariPool-1 - Pool stats (total=10, active=0, idle=10, waiting=0)
2024-11-26 16:33:15,051 DEBUG [HikariPool-1 housekeeper][HikariPool.java:517] - HikariPool-1 - Fill pool skipped, pool is at sufficient level.
2024-11-26 16:33:15,051 DEBUG [HikariPool-1 housekeeper][HikariPool.java:517] - HikariPool-1 - Fill pool skipped, pool is at sufficient level.
2024-11-26 16:33:31,863 DEBUG [Nacos-Watch-Task-Scheduler-1][RouteDefinitionRouteLocator.java:271] - RouteDefinition content-api applying {_genkey_0=/content/**} to Path
2024-11-26 16:33:31,863 DEBUG [Nacos-Watch-Task-Scheduler-1][RouteDefinitionRouteLocator.java:271] - RouteDefinition content-api applying {_genkey_0=/content/**} to Path
2024-11-26 16:33:31,865 DEBUG [Nacos-Watch-Task-Scheduler-1][RouteDefinitionRouteLocator.java:162] - RouteDefinition matched: content-api
2024-11-26 16:33:31,865 DEBUG [Nacos-Watch-Task-Scheduler-1][RouteDefinitionRouteLocator.java:162] - RouteDefinition matched: content-api
2024-11-26 16:33:31,865 DEBUG [Nacos-Watch-Task-Scheduler-1][RouteDefinitionRouteLocator.java:271] - RouteDefinition system-api applying {_genkey_0=/system/**} to Path
2024-11-26 16:33:31,865 DEBUG [Nacos-Watch-Task-Scheduler-1][RouteDefinitionRouteLocator.java:271] - RouteDefinition system-api applying {_genkey_0=/system/**} to Path
2024-11-26 16:33:31,866 DEBUG [Nacos-Watch-Task-Scheduler-1][RouteDefinitionRouteLocator.java:162] - RouteDefinition matched: system-api
2024-11-26 16:33:31,866 DEBUG [Nacos-Watch-Task-Scheduler-1][RouteDefinitionRouteLocator.java:162] - RouteDefinition matched: system-api
2024-11-26 16:33:31,867 DEBUG [Nacos-Watch-Task-Scheduler-1][RouteDefinitionRouteLocator.java:271] - RouteDefinition media-api applying {_genkey_0=/media/**} to Path
2024-11-26 16:33:31,867 DEBUG [Nacos-Watch-Task-Scheduler-1][RouteDefinitionRouteLocator.java:271] - RouteDefinition media-api applying {_genkey_0=/media/**} to Path
2024-11-26 16:33:31,868 DEBUG [Nacos-Watch-Task-Scheduler-1][RouteDefinitionRouteLocator.java:162] - RouteDefinition matched: media-api
2024-11-26 16:33:31,868 DEBUG [Nacos-Watch-Task-Scheduler-1][RouteDefinitionRouteLocator.java:162] - RouteDefinition matched: media-api
2024-11-26 16:33:31,868 DEBUG [Nacos-Watch-Task-Scheduler-1][RouteDefinitionRouteLocator.java:271] - RouteDefinition search-service applying {_genkey_0=/search/**} to Path
2024-11-26 16:33:31,868 DEBUG [Nacos-Watch-Task-Scheduler-1][RouteDefinitionRouteLocator.java:271] - RouteDefinition search-service applying {_genkey_0=/search/**} to Path
2024-11-26 16:33:31,869 DEBUG [Nacos-Watch-Task-Scheduler-1][RouteDefinitionRouteLocator.java:162] - RouteDefinition matched: search-service
2024-11-26 16:33:31,869 DEBUG [Nacos-Watch-Task-Scheduler-1][RouteDefinitionRouteLocator.java:162] - RouteDefinition matched: search-service
2024-11-26 16:33:31,869 DEBUG [Nacos-Watch-Task-Scheduler-1][RouteDefinitionRouteLocator.java:271] - RouteDefinition auth-service applying {_genkey_0=/auth/**} to Path
2024-11-26 16:33:31,869 DEBUG [Nacos-Watch-Task-Scheduler-1][RouteDefinitionRouteLocator.java:271] - RouteDefinition auth-service applying {_genkey_0=/auth/**} to Path
2024-11-26 16:33:31,869 DEBUG [Nacos-Watch-Task-Scheduler-1][RouteDefinitionRouteLocator.java:162] - RouteDefinition matched: auth-service
2024-11-26 16:33:31,869 DEBUG [Nacos-Watch-Task-Scheduler-1][RouteDefinitionRouteLocator.java:162] - RouteDefinition matched: auth-service
2024-11-26 16:33:31,869 DEBUG [Nacos-Watch-Task-Scheduler-1][RouteDefinitionRouteLocator.java:271] - RouteDefinition checkcode applying {_genkey_0=/checkcode/**} to Path
2024-11-26 16:33:31,869 DEBUG [Nacos-Watch-Task-Scheduler-1][RouteDefinitionRouteLocator.java:271] - RouteDefinition checkcode applying {_genkey_0=/checkcode/**} to Path
2024-11-26 16:33:31,871 DEBUG [Nacos-Watch-Task-Scheduler-1][RouteDefinitionRouteLocator.java:162] - RouteDefinition matched: checkcode
2024-11-26 16:33:31,871 DEBUG [Nacos-Watch-Task-Scheduler-1][RouteDefinitionRouteLocator.java:162] - RouteDefinition matched: checkcode
2024-11-26 16:33:31,871 DEBUG [Nacos-Watch-Task-Scheduler-1][RouteDefinitionRouteLocator.java:271] - RouteDefinition learning-api applying {_genkey_0=/learning/**} to Path
2024-11-26 16:33:31,871 DEBUG [Nacos-Watch-Task-Scheduler-1][RouteDefinitionRouteLocator.java:271] - RouteDefinition learning-api applying {_genkey_0=/learning/**} to Path
2024-11-26 16:33:31,871 DEBUG [Nacos-Watch-Task-Scheduler-1][RouteDefinitionRouteLocator.java:162] - RouteDefinition matched: learning-api
2024-11-26 16:33:31,871 DEBUG [Nacos-Watch-Task-Scheduler-1][RouteDefinitionRouteLocator.java:162] - RouteDefinition matched: learning-api
2024-11-26 16:33:31,871 DEBUG [Nacos-Watch-Task-Scheduler-1][RouteDefinitionRouteLocator.java:271] - RouteDefinition orders-api applying {_genkey_0=/orders/**} to Path
2024-11-26 16:33:31,871 DEBUG [Nacos-Watch-Task-Scheduler-1][RouteDefinitionRouteLocator.java:271] - RouteDefinition orders-api applying {_genkey_0=/orders/**} to Path
2024-11-26 16:33:31,872 DEBUG [Nacos-Watch-Task-Scheduler-1][RouteDefinitionRouteLocator.java:162] - RouteDefinition matched: orders-api
2024-11-26 16:33:31,872 DEBUG [Nacos-Watch-Task-Scheduler-1][RouteDefinitionRouteLocator.java:162] - RouteDefinition matched: orders-api
2024-11-26 16:33:45,065 DEBUG [HikariPool-1 housekeeper][HikariPool.java:421] - HikariPool-1 - Pool stats (total=10, active=0, idle=10, waiting=0)
2024-11-26 16:33:45,065 DEBUG [HikariPool-1 housekeeper][HikariPool.java:421] - HikariPool-1 - Pool stats (total=10, active=0, idle=10, waiting=0)
2024-11-26 16:33:45,066 DEBUG [HikariPool-1 housekeeper][HikariPool.java:517] - HikariPool-1 - Fill pool skipped, pool is at sufficient level.
2024-11-26 16:33:45,066 DEBUG [HikariPool-1 housekeeper][HikariPool.java:517] - HikariPool-1 - Fill pool skipped, pool is at sufficient level.
2024-11-26 16:34:01,882 DEBUG [Nacos-Watch-Task-Scheduler-1][RouteDefinitionRouteLocator.java:271] - RouteDefinition content-api applying {_genkey_0=/content/**} to Path
2024-11-26 16:34:01,882 DEBUG [Nacos-Watch-Task-Scheduler-1][RouteDefinitionRouteLocator.java:271] - RouteDefinition content-api applying {_genkey_0=/content/**} to Path
2024-11-26 16:34:01,889 DEBUG [Nacos-Watch-Task-Scheduler-1][RouteDefinitionRouteLocator.java:162] - RouteDefinition matched: content-api
2024-11-26 16:34:01,889 DEBUG [Nacos-Watch-Task-Scheduler-1][RouteDefinitionRouteLocator.java:162] - RouteDefinition matched: content-api
2024-11-26 16:34:01,890 DEBUG [Nacos-Watch-Task-Scheduler-1][RouteDefinitionRouteLocator.java:271] - RouteDefinition system-api applying {_genkey_0=/system/**} to Path
2024-11-26 16:34:01,890 DEBUG [Nacos-Watch-Task-Scheduler-1][RouteDefinitionRouteLocator.java:271] - RouteDefinition system-api applying {_genkey_0=/system/**} to Path
2024-11-26 16:34:01,890 DEBUG [Nacos-Watch-Task-Scheduler-1][RouteDefinitionRouteLocator.java:162] - RouteDefinition matched: system-api
2024-11-26 16:34:01,890 DEBUG [Nacos-Watch-Task-Scheduler-1][RouteDefinitionRouteLocator.java:162] - RouteDefinition matched: system-api
2024-11-26 16:34:01,890 DEBUG [Nacos-Watch-Task-Scheduler-1][RouteDefinitionRouteLocator.java:271] - RouteDefinition media-api applying {_genkey_0=/media/**} to Path
2024-11-26 16:34:01,890 DEBUG [Nacos-Watch-Task-Scheduler-1][RouteDefinitionRouteLocator.java:271] - RouteDefinition media-api applying {_genkey_0=/media/**} to Path
2024-11-26 16:34:01,891 DEBUG [Nacos-Watch-Task-Scheduler-1][RouteDefinitionRouteLocator.java:162] - RouteDefinition matched: media-api
2024-11-26 16:34:01,891 DEBUG [Nacos-Watch-Task-Scheduler-1][RouteDefinitionRouteLocator.java:162] - RouteDefinition matched: media-api
2024-11-26 16:34:01,891 DEBUG [Nacos-Watch-Task-Scheduler-1][RouteDefinitionRouteLocator.java:271] - RouteDefinition search-service applying {_genkey_0=/search/**} to Path
2024-11-26 16:34:01,891 DEBUG [Nacos-Watch-Task-Scheduler-1][RouteDefinitionRouteLocator.java:271] - RouteDefinition search-service applying {_genkey_0=/search/**} to Path
2024-11-26 16:34:01,891 DEBUG [Nacos-Watch-Task-Scheduler-1][RouteDefinitionRouteLocator.java:162] - RouteDefinition matched: search-service
2024-11-26 16:34:01,891 DEBUG [Nacos-Watch-Task-Scheduler-1][RouteDefinitionRouteLocator.java:162] - RouteDefinition matched: search-service
2024-11-26 16:34:01,891 DEBUG [Nacos-Watch-Task-Scheduler-1][RouteDefinitionRouteLocator.java:271] - RouteDefinition auth-service applying {_genkey_0=/auth/**} to Path
2024-11-26 16:34:01,891 DEBUG [Nacos-Watch-Task-Scheduler-1][RouteDefinitionRouteLocator.java:271] - RouteDefinition auth-service applying {_genkey_0=/auth/**} to Path
2024-11-26 16:34:01,892 DEBUG [Nacos-Watch-Task-Scheduler-1][RouteDefinitionRouteLocator.java:162] - RouteDefinition matched: auth-service
2024-11-26 16:34:01,892 DEBUG [Nacos-Watch-Task-Scheduler-1][RouteDefinitionRouteLocator.java:162] - RouteDefinition matched: auth-service
2024-11-26 16:34:01,892 DEBUG [Nacos-Watch-Task-Scheduler-1][RouteDefinitionRouteLocator.java:271] - RouteDefinition checkcode applying {_genkey_0=/checkcode/**} to Path
2024-11-26 16:34:01,892 DEBUG [Nacos-Watch-Task-Scheduler-1][RouteDefinitionRouteLocator.java:271] - RouteDefinition checkcode applying {_genkey_0=/checkcode/**} to Path
2024-11-26 16:34:01,892 DEBUG [Nacos-Watch-Task-Scheduler-1][RouteDefinitionRouteLocator.java:162] - RouteDefinition matched: checkcode
2024-11-26 16:34:01,892 DEBUG [Nacos-Watch-Task-Scheduler-1][RouteDefinitionRouteLocator.java:162] - RouteDefinition matched: checkcode
2024-11-26 16:34:01,893 DEBUG [Nacos-Watch-Task-Scheduler-1][RouteDefinitionRouteLocator.java:271] - RouteDefinition learning-api applying {_genkey_0=/learning/**} to Path
2024-11-26 16:34:01,893 DEBUG [Nacos-Watch-Task-Scheduler-1][RouteDefinitionRouteLocator.java:271] - RouteDefinition learning-api applying {_genkey_0=/learning/**} to Path
2024-11-26 16:34:01,893 DEBUG [Nacos-Watch-Task-Scheduler-1][RouteDefinitionRouteLocator.java:162] - RouteDefinition matched: learning-api
2024-11-26 16:34:01,893 DEBUG [Nacos-Watch-Task-Scheduler-1][RouteDefinitionRouteLocator.java:162] - RouteDefinition matched: learning-api
2024-11-26 16:34:01,893 DEBUG [Nacos-Watch-Task-Scheduler-1][RouteDefinitionRouteLocator.java:271] - RouteDefinition orders-api applying {_genkey_0=/orders/**} to Path
2024-11-26 16:34:01,893 DEBUG [Nacos-Watch-Task-Scheduler-1][RouteDefinitionRouteLocator.java:271] - RouteDefinition orders-api applying {_genkey_0=/orders/**} to Path
2024-11-26 16:34:01,894 DEBUG [Nacos-Watch-Task-Scheduler-1][RouteDefinitionRouteLocator.java:162] - RouteDefinition matched: orders-api
2024-11-26 16:34:01,894 DEBUG [Nacos-Watch-Task-Scheduler-1][RouteDefinitionRouteLocator.java:162] - RouteDefinition matched: orders-api
2024-11-26 16:34:15,066 DEBUG [HikariPool-1 housekeeper][HikariPool.java:421] - HikariPool-1 - Pool stats (total=10, active=0, idle=10, waiting=0)
2024-11-26 16:34:15,066 DEBUG [HikariPool-1 housekeeper][HikariPool.java:421] - HikariPool-1 - Pool stats (total=10, active=0, idle=10, waiting=0)
2024-11-26 16:34:15,066 DEBUG [HikariPool-1 housekeeper][HikariPool.java:517] - HikariPool-1 - Fill pool skipped, pool is at sufficient level.
2024-11-26 16:34:15,066 DEBUG [HikariPool-1 housekeeper][HikariPool.java:517] - HikariPool-1 - Fill pool skipped, pool is at sufficient level.
2024-11-26 16:34:15,207 WARN [http-nio-63110-exec-1][PoolBase.java:184] - HikariPool-1 - Failed to validate connection com.mysql.cj.jdbc.ConnectionImpl@321e6470 (No operations allowed after connection closed.). Possibly consider using a shorter maxLifetime value.
2024-11-26 16:34:15,207 WARN [http-nio-63110-exec-1][PoolBase.java:184] - HikariPool-1 - Failed to validate connection com.mysql.cj.jdbc.ConnectionImpl@321e6470 (No operations allowed after connection closed.). Possibly consider using a shorter maxLifetime value.
2024-11-26 16:34:15,209 DEBUG [HikariPool-1 connection closer][PoolBase.java:134] - HikariPool-1 - Closing connection com.mysql.cj.jdbc.ConnectionImpl@321e6470: (connection is dead)
2024-11-26 16:34:15,209 DEBUG [HikariPool-1 connection closer][PoolBase.java:134] - HikariPool-1 - Closing connection com.mysql.cj.jdbc.ConnectionImpl@321e6470: (connection is dead)
2024-11-26 16:34:15,210 WARN [http-nio-63110-exec-1][PoolBase.java:184] - HikariPool-1 - Failed to validate connection com.mysql.cj.jdbc.ConnectionImpl@73236e4b (No operations allowed after connection closed.). Possibly consider using a shorter maxLifetime value.
2024-11-26 16:34:15,210 WARN [http-nio-63110-exec-1][PoolBase.java:184] - HikariPool-1 - Failed to validate connection com.mysql.cj.jdbc.ConnectionImpl@73236e4b (No operations allowed after connection closed.). Possibly consider using a shorter maxLifetime value.
2024-11-26 16:34:15,211 DEBUG [HikariPool-1 connection closer][PoolBase.java:134] - HikariPool-1 - Closing connection com.mysql.cj.jdbc.ConnectionImpl@73236e4b: (connection is dead)
2024-11-26 16:34:15,211 DEBUG [HikariPool-1 connection closer][PoolBase.java:134] - HikariPool-1 - Closing connection com.mysql.cj.jdbc.ConnectionImpl@73236e4b: (connection is dead)
2024-11-26 16:34:15,213 WARN [http-nio-63110-exec-1][PoolBase.java:184] - HikariPool-1 - Failed to validate connection com.mysql.cj.jdbc.ConnectionImpl@421a5909 (No operations allowed after connection closed.). Possibly consider using a shorter maxLifetime value.
2024-11-26 16:34:15,213 WARN [http-nio-63110-exec-1][PoolBase.java:184] - HikariPool-1 - Failed to validate connection com.mysql.cj.jdbc.ConnectionImpl@421a5909 (No operations allowed after connection closed.). Possibly consider using a shorter maxLifetime value.
2024-11-26 16:34:15,214 DEBUG [HikariPool-1 connection closer][PoolBase.java:134] - HikariPool-1 - Closing connection com.mysql.cj.jdbc.ConnectionImpl@421a5909: (connection is dead)
2024-11-26 16:34:15,214 DEBUG [HikariPool-1 connection closer][PoolBase.java:134] - HikariPool-1 - Closing connection com.mysql.cj.jdbc.ConnectionImpl@421a5909: (connection is dead)
2024-11-26 16:34:15,214 WARN [http-nio-63110-exec-1][PoolBase.java:184] - HikariPool-1 - Failed to validate connection com.mysql.cj.jdbc.ConnectionImpl@24c77e4f (No operations allowed after connection closed.). Possibly consider using a shorter maxLifetime value.
2024-11-26 16:34:15,214 WARN [http-nio-63110-exec-1][PoolBase.java:184] - HikariPool-1 - Failed to validate connection com.mysql.cj.jdbc.ConnectionImpl@24c77e4f (No operations allowed after connection closed.). Possibly consider using a shorter maxLifetime value.
2024-11-26 16:34:15,214 DEBUG [HikariPool-1 connection closer][PoolBase.java:134] - HikariPool-1 - Closing connection com.mysql.cj.jdbc.ConnectionImpl@24c77e4f: (connection is dead)
2024-11-26 16:34:15,214 DEBUG [HikariPool-1 connection closer][PoolBase.java:134] - HikariPool-1 - Closing connection com.mysql.cj.jdbc.ConnectionImpl@24c77e4f: (connection is dead)
2024-11-26 16:34:15,216 WARN [http-nio-63110-exec-1][PoolBase.java:184] - HikariPool-1 - Failed to validate connection com.mysql.cj.jdbc.ConnectionImpl@65fa7474 (No operations allowed after connection closed.). Possibly consider using a shorter maxLifetime value.
2024-11-26 16:34:15,216 WARN [http-nio-63110-exec-1][PoolBase.java:184] - HikariPool-1 - Failed to validate connection com.mysql.cj.jdbc.ConnectionImpl@65fa7474 (No operations allowed after connection closed.). Possibly consider using a shorter maxLifetime value.
2024-11-26 16:34:15,217 DEBUG [HikariPool-1 connection closer][PoolBase.java:134] - HikariPool-1 - Closing connection com.mysql.cj.jdbc.ConnectionImpl@65fa7474: (connection is dead)
2024-11-26 16:34:15,217 DEBUG [HikariPool-1 connection closer][PoolBase.java:134] - HikariPool-1 - Closing connection com.mysql.cj.jdbc.ConnectionImpl@65fa7474: (connection is dead)
2024-11-26 16:34:15,218 WARN [http-nio-63110-exec-1][PoolBase.java:184] - HikariPool-1 - Failed to validate connection com.mysql.cj.jdbc.ConnectionImpl@545514ff (No operations allowed after connection closed.). Possibly consider using a shorter maxLifetime value.
2024-11-26 16:34:15,218 WARN [http-nio-63110-exec-1][PoolBase.java:184] - HikariPool-1 - Failed to validate connection com.mysql.cj.jdbc.ConnectionImpl@545514ff (No operations allowed after connection closed.). Possibly consider using a shorter maxLifetime value.
2024-11-26 16:34:15,218 DEBUG [HikariPool-1 connection closer][PoolBase.java:134] - HikariPool-1 - Closing connection com.mysql.cj.jdbc.ConnectionImpl@545514ff: (connection is dead)
2024-11-26 16:34:15,218 DEBUG [HikariPool-1 connection closer][PoolBase.java:134] - HikariPool-1 - Closing connection com.mysql.cj.jdbc.ConnectionImpl@545514ff: (connection is dead)
2024-11-26 16:34:15,219 WARN [http-nio-63110-exec-1][PoolBase.java:184] - HikariPool-1 - Failed to validate connection com.mysql.cj.jdbc.ConnectionImpl@5193c0eb (No operations allowed after connection closed.). Possibly consider using a shorter maxLifetime value.
2024-11-26 16:34:15,219 WARN [http-nio-63110-exec-1][PoolBase.java:184] - HikariPool-1 - Failed to validate connection com.mysql.cj.jdbc.ConnectionImpl@5193c0eb (No operations allowed after connection closed.). Possibly consider using a shorter maxLifetime value.
2024-11-26 16:34:15,220 DEBUG [HikariPool-1 connection closer][PoolBase.java:134] - HikariPool-1 - Closing connection com.mysql.cj.jdbc.ConnectionImpl@5193c0eb: (connection is dead)
2024-11-26 16:34:15,220 DEBUG [HikariPool-1 connection closer][PoolBase.java:134] - HikariPool-1 - Closing connection com.mysql.cj.jdbc.ConnectionImpl@5193c0eb: (connection is dead)
2024-11-26 16:34:15,221 WARN [http-nio-63110-exec-1][PoolBase.java:184] - HikariPool-1 - Failed to validate connection com.mysql.cj.jdbc.ConnectionImpl@10aecad0 (No operations allowed after connection closed.). Possibly consider using a shorter maxLifetime value.
2024-11-26 16:34:15,221 WARN [http-nio-63110-exec-1][PoolBase.java:184] - HikariPool-1 - Failed to validate connection com.mysql.cj.jdbc.ConnectionImpl@10aecad0 (No operations allowed after connection closed.). Possibly consider using a shorter maxLifetime value.
2024-11-26 16:34:15,221 DEBUG [HikariPool-1 connection closer][PoolBase.java:134] - HikariPool-1 - Closing connection com.mysql.cj.jdbc.ConnectionImpl@10aecad0: (connection is dead)
2024-11-26 16:34:15,221 DEBUG [HikariPool-1 connection closer][PoolBase.java:134] - HikariPool-1 - Closing connection com.mysql.cj.jdbc.ConnectionImpl@10aecad0: (connection is dead)
2024-11-26 16:34:15,222 WARN [http-nio-63110-exec-1][PoolBase.java:184] - HikariPool-1 - Failed to validate connection com.mysql.cj.jdbc.ConnectionImpl@79e0098d (No operations allowed after connection closed.). Possibly consider using a shorter maxLifetime value.
2024-11-26 16:34:15,222 WARN [http-nio-63110-exec-1][PoolBase.java:184] - HikariPool-1 - Failed to validate connection com.mysql.cj.jdbc.ConnectionImpl@79e0098d (No operations allowed after connection closed.). Possibly consider using a shorter maxLifetime value.
2024-11-26 16:34:15,222 DEBUG [HikariPool-1 connection closer][PoolBase.java:134] - HikariPool-1 - Closing connection com.mysql.cj.jdbc.ConnectionImpl@79e0098d: (connection is dead)
2024-11-26 16:34:15,222 DEBUG [HikariPool-1 connection closer][PoolBase.java:134] - HikariPool-1 - Closing connection com.mysql.cj.jdbc.ConnectionImpl@79e0098d: (connection is dead)
2024-11-26 16:34:15,223 WARN [http-nio-63110-exec-1][PoolBase.java:184] - HikariPool-1 - Failed to validate connection com.mysql.cj.jdbc.ConnectionImpl@38dd03b6 (No operations allowed after connection closed.). Possibly consider using a shorter maxLifetime value.
2024-11-26 16:34:15,223 WARN [http-nio-63110-exec-1][PoolBase.java:184] - HikariPool-1 - Failed to validate connection com.mysql.cj.jdbc.ConnectionImpl@38dd03b6 (No operations allowed after connection closed.). Possibly consider using a shorter maxLifetime value.
2024-11-26 16:34:15,223 DEBUG [HikariPool-1 connection closer][PoolBase.java:134] - HikariPool-1 - Closing connection com.mysql.cj.jdbc.ConnectionImpl@38dd03b6: (connection is dead)
2024-11-26 16:34:15,223 DEBUG [HikariPool-1 connection closer][PoolBase.java:134] - HikariPool-1 - Closing connection com.mysql.cj.jdbc.ConnectionImpl@38dd03b6: (connection is dead)
2024-11-26 16:34:15,223 DEBUG [http-nio-63110-exec-1][HikariPool.java:342] - HikariPool-1 - Add connection elided, waiting 1, queue 9
2024-11-26 16:34:15,223 DEBUG [http-nio-63110-exec-1][HikariPool.java:342] - HikariPool-1 - Add connection elided, waiting 1, queue 9
2024-11-26 16:34:15,250 DEBUG [HikariPool-1 connection adder][HikariPool.java:728] - HikariPool-1 - Added connection com.mysql.cj.jdbc.ConnectionImpl@31cd86ce
2024-11-26 16:34:15,250 DEBUG [HikariPool-1 connection adder][HikariPool.java:728] - HikariPool-1 - Added connection com.mysql.cj.jdbc.ConnectionImpl@31cd86ce
2024-11-26 16:34:15,250 DEBUG [HikariPool-1 connection adder][HikariPool.java:421] - HikariPool-1 - After adding stats (total=1, active=1, idle=0, waiting=0)
2024-11-26 16:34:15,250 DEBUG [HikariPool-1 connection adder][HikariPool.java:421] - HikariPool-1 - After adding stats (total=1, active=1, idle=0, waiting=0)
2024-11-26 16:34:15,251 DEBUG [http-nio-63110-exec-1][BaseJdbcLogger.java:137] - ==>  Preparing: SELECT id,name,code,item_values FROM dictionary
2024-11-26 16:34:15,251 DEBUG [http-nio-63110-exec-1][BaseJdbcLogger.java:137] - ==>  Preparing: SELECT id,name,code,item_values FROM dictionary
2024-11-26 16:34:15,252 DEBUG [http-nio-63110-exec-1][BaseJdbcLogger.java:137] - ==> Parameters: 
2024-11-26 16:34:15,252 DEBUG [http-nio-63110-exec-1][BaseJdbcLogger.java:137] - ==> Parameters: 
2024-11-26 16:34:15,268 DEBUG [http-nio-63110-exec-1][BaseJdbcLogger.java:137] - <==      Total: 17
2024-11-26 16:34:15,268 DEBUG [http-nio-63110-exec-1][BaseJdbcLogger.java:137] - <==      Total: 17
2024-11-26 16:34:15,294 DEBUG [HikariPool-1 connection adder][HikariPool.java:728] - HikariPool-1 - Added connection com.mysql.cj.jdbc.ConnectionImpl@70f08cf5
2024-11-26 16:34:15,294 DEBUG [HikariPool-1 connection adder][HikariPool.java:728] - HikariPool-1 - Added connection com.mysql.cj.jdbc.ConnectionImpl@70f08cf5
2024-11-26 16:34:15,347 DEBUG [HikariPool-1 connection adder][HikariPool.java:728] - HikariPool-1 - Added connection com.mysql.cj.jdbc.ConnectionImpl@41ca7b96
2024-11-26 16:34:15,347 DEBUG [HikariPool-1 connection adder][HikariPool.java:728] - HikariPool-1 - Added connection com.mysql.cj.jdbc.ConnectionImpl@41ca7b96
2024-11-26 16:34:15,347 DEBUG [HikariPool-1 connection adder][HikariPool.java:421] - HikariPool-1 - After adding stats (total=3, active=0, idle=3, waiting=0)
2024-11-26 16:34:15,347 DEBUG [HikariPool-1 connection adder][HikariPool.java:421] - HikariPool-1 - After adding stats (total=3, active=0, idle=3, waiting=0)
2024-11-26 16:34:15,370 DEBUG [reactor-http-nio-17][RoutePredicateHandlerMapping.java:149] - Route matched: content-api
2024-11-26 16:34:15,370 DEBUG [reactor-http-nio-17][RoutePredicateHandlerMapping.java:149] - Route matched: content-api
2024-11-26 16:34:15,371 DEBUG [reactor-http-nio-17][RoutePredicateHandlerMapping.java:92] - Mapping [Exchange: POST http://localhost:63010/content/course/list?pageNo=1&pageSize=10] to Route{id='content-api', uri=lb://content-api, order=0, predicate=Paths: [/content/**], match trailing slash: true, gatewayFilters=[], metadata={}}
2024-11-26 16:34:15,371 DEBUG [reactor-http-nio-17][RoutePredicateHandlerMapping.java:92] - Mapping [Exchange: POST http://localhost:63010/content/course/list?pageNo=1&pageSize=10] to Route{id='content-api', uri=lb://content-api, order=0, predicate=Paths: [/content/**], match trailing slash: true, gatewayFilters=[], metadata={}}
2024-11-26 16:34:15,371 DEBUG [reactor-http-nio-17][AbstractHandlerMapping.java:183] - [4a7109d6-111] Mapped to org.springframework.cloud.gateway.handler.FilteringWebHandler@4001b166
2024-11-26 16:34:15,371 DEBUG [reactor-http-nio-17][AbstractHandlerMapping.java:183] - [4a7109d6-111] Mapped to org.springframework.cloud.gateway.handler.FilteringWebHandler@4001b166
2024-11-26 16:34:15,371 DEBUG [reactor-http-nio-17][FilteringWebHandler.java:85] - Sorted gatewayFilterFactories: [[GatewayFilterAdapter{delegate=org.springframework.cloud.gateway.filter.RemoveCachedBodyFilter@53c6f96d}, order = -2147483648], [GatewayFilterAdapter{delegate=org.springframework.cloud.gateway.filter.AdaptCachedBodyGlobalFilter@4bc33720}, order = -2147482648], [GatewayFilterAdapter{delegate=org.springframework.cloud.gateway.filter.NettyWriteResponseFilter@136965e3}, order = -1], [GatewayFilterAdapter{delegate=org.springframework.cloud.gateway.filter.ForwardPathFilter@1b7a52dd}, order = 0], [GatewayFilterAdapter{delegate=org.springframework.cloud.gateway.filter.RouteToRequestUrlFilter@435cc7f9}, order = 10000], [GatewayFilterAdapter{delegate=org.springframework.cloud.gateway.filter.LoadBalancerClientFilter@5578be42}, order = 10100], [GatewayFilterAdapter{delegate=org.springframework.cloud.gateway.filter.WebsocketRoutingFilter@7f93dd4e}, order = 2147483646], [GatewayFilterAdapter{delegate=org.springframework.cloud.gateway.filter.NettyRoutingFilter@4e49ce2b}, order = 2147483647], [GatewayFilterAdapter{delegate=org.springframework.cloud.gateway.filter.ForwardRoutingFilter@4364712f}, order = 2147483647]]
2024-11-26 16:34:15,371 DEBUG [reactor-http-nio-17][FilteringWebHandler.java:85] - Sorted gatewayFilterFactories: [[GatewayFilterAdapter{delegate=org.springframework.cloud.gateway.filter.RemoveCachedBodyFilter@53c6f96d}, order = -2147483648], [GatewayFilterAdapter{delegate=org.springframework.cloud.gateway.filter.AdaptCachedBodyGlobalFilter@4bc33720}, order = -2147482648], [GatewayFilterAdapter{delegate=org.springframework.cloud.gateway.filter.NettyWriteResponseFilter@136965e3}, order = -1], [GatewayFilterAdapter{delegate=org.springframework.cloud.gateway.filter.ForwardPathFilter@1b7a52dd}, order = 0], [GatewayFilterAdapter{delegate=org.springframework.cloud.gateway.filter.RouteToRequestUrlFilter@435cc7f9}, order = 10000], [GatewayFilterAdapter{delegate=org.springframework.cloud.gateway.filter.LoadBalancerClientFilter@5578be42}, order = 10100], [GatewayFilterAdapter{delegate=org.springframework.cloud.gateway.filter.WebsocketRoutingFilter@7f93dd4e}, order = 2147483646], [GatewayFilterAdapter{delegate=org.springframework.cloud.gateway.filter.NettyRoutingFilter@4e49ce2b}, order = 2147483647], [GatewayFilterAdapter{delegate=org.springframework.cloud.gateway.filter.ForwardRoutingFilter@4364712f}, order = 2147483647]]
2024-11-26 16:34:15,403 DEBUG [HikariPool-1 connection adder][HikariPool.java:728] - HikariPool-1 - Added connection com.mysql.cj.jdbc.ConnectionImpl@10df73ba
2024-11-26 16:34:15,403 DEBUG [HikariPool-1 connection adder][HikariPool.java:728] - HikariPool-1 - Added connection com.mysql.cj.jdbc.ConnectionImpl@10df73ba
2024-11-26 16:34:15,403 DEBUG [HikariPool-1 connection adder][HikariPool.java:421] - HikariPool-1 - After adding stats (total=4, active=0, idle=4, waiting=0)
2024-11-26 16:34:15,403 DEBUG [HikariPool-1 connection adder][HikariPool.java:421] - HikariPool-1 - After adding stats (total=4, active=0, idle=4, waiting=0)
